#
# A fatal error has been detected by the Java Runtime Environment:
#
#  EXCEPTION_ACCESS_VIOLATION (0xc0000005) at pc=0x00007ffa45e77df3, pid=1320, tid=6820
#
# JRE version: OpenJDK Runtime Environment Temurin-21.0.6+7 (21.0.6+7) (build 21.0.6+7-LTS)
# Java VM: OpenJDK 64-Bit Server VM Temurin-21.0.6+7 (21.0.6+7-LTS, mixed mode, sharing, tiered, compressed oops, compressed class ptrs, parallel gc, windows-amd64)
# Problematic frame:
# V  [jvm.dll+0x247df3]
#
# No core dump will be written. Minidumps are not enabled by default on client versions of Windows
#
# If you would like to submit a bug report, please visit:
#   https://github.com/adoptium/adoptium-support/issues
#

---------------  S U M M A R Y ------------

Command Line: --add-modules=ALL-SYSTEM --add-opens=java.base/java.util=ALL-UNNAMED --add-opens=java.base/java.lang=ALL-UNNAMED --add-opens=java.base/sun.nio.fs=ALL-UNNAMED -Declipse.application=org.eclipse.jdt.ls.core.id1 -Dosgi.bundles.defaultStartLevel=4 -Declipse.product=org.eclipse.jdt.ls.core.product -Djava.import.generatesMetadataFilesAtProjectRoot=false -DDetectVMInstallationsJob.disabled=true -Dfile.encoding=utf8 -XX:+UseParallelGC -XX:GCTimeRatio=4 -XX:AdaptiveSizePolicyWeight=90 -Dsun.zip.disableMemoryMapping=true -Xmx1G -Xms100m -Xlog:disable -javaagent:c:\Users\LENOVO\.vscode\extensions\redhat.java-1.41.1-win32-x64\lombok\lombok-1.18.36.jar -XX:+HeapDumpOnOutOfMemoryError -XX:HeapDumpPath=c:\Users\LENOVO\AppData\Roaming\Code\User\workspaceStorage\14765b6246f313c07015f62cdf2ff0f9\redhat.java -Daether.dependencyCollector.impl=bf c:\Users\LENOVO\.vscode\extensions\redhat.java-1.41.1-win32-x64\server\plugins\org.eclipse.equinox.launcher_1.7.0.v20250331-1702.jar -configuration c:\Users\LENOVO\AppData\Roaming\Code\User\globalStorage\redhat.java\1.41.1\config_win -data c:\Users\LENOVO\AppData\Roaming\Code\User\workspaceStorage\14765b6246f313c07015f62cdf2ff0f9\redhat.java\jdt_ws --pipe=\\.\pipe\lsp-767ce17e071561f00b510c8a5041c141-sock

Host: Intel(R) Core(TM) i5-6200U CPU @ 2.30GHz, 4 cores, 11G,  Windows 10 , 64 bit Build 19041 (10.0.19041.3636)
Time: Sun Apr 13 10:34:14 2025 SE Asia Standard Time elapsed time: 15.800288 seconds (0d 0h 0m 15s)

---------------  T H R E A D  ---------------

Current thread (0x000001e1e79cb030):  JavaThread "C2 CompilerThread0" daemon [_thread_in_native, id=6820, stack(0x000000db23700000,0x000000db23800000) (1024K)]


Current CompileTask:
C2:15800 6091       4       java.lang.Long::hashCode (8 bytes)

Stack: [0x000000db23700000,0x000000db23800000],  sp=0x000000db237fcf20,  free space=1011k
Native frames: (J=compiled Java code, j=interpreted, Vv=VM code, C=native code)
V  [jvm.dll+0x247df3]
V  [jvm.dll+0x246fcf]
V  [jvm.dll+0x1c75ee]
V  [jvm.dll+0x25685a]
V  [jvm.dll+0x254dfa]
V  [jvm.dll+0x3f0256]
V  [jvm.dll+0x851f8b]
V  [jvm.dll+0x6cc5ed]
C  [ucrtbase.dll+0x21bb2]
C  [KERNEL32.DLL+0x17344]
C  [ntdll.dll+0x526b1]


siginfo: EXCEPTION_ACCESS_VIOLATION (0xc0000005), reading address 0xffffffffffffffff


Registers:
RAX=0x000001e1ddf37701, RBX=0x000000db237fe590, RCX=0x0000000000000000, RDX=0x000001e1ddf37758
RSP=0x000000db237fcf20, RBP=0x000000db237fd020, RSI=0xdc2de9fffffffbe9, RDI=0x000001e1e79cdb10
R8 =0x00007ffa466a5788, R9 =0x0000000007530000, R10=0x00000000002ea380, R11=0x00000000002f0000
R12=0x0000000000000070, R13=0x000001e1d3705e00, R14=0x00007ffa4663f06c, R15=0x0000000000000000
RIP=0x00007ffa45e77df3, EFLAGS=0x0000000000010202

XMM[0]=0x000001e1d139eb20 0x00007ffabff3f0b0
XMM[1]=0x0000000000000000 0xffffffffffffffff
XMM[2]=0x0000000000000000 0x000000007fffffff
XMM[3]=0x0000000000000000 0x3fb07dc444444444
XMM[4]=0x0000000000000000 0x3fc3333333333333
XMM[5]=0xffeddd30e9000004 0x6097894d000001e1
XMM[6]=0x0000000000000000 0x0000000000000000
XMM[7]=0x0000000000000000 0x0000000000000000
XMM[8]=0x0000000000000000 0x0000000000000000
XMM[9]=0x0000000000000000 0x0000000000000000
XMM[10]=0x0000000000000000 0x0000000000000000
XMM[11]=0x0000000000000000 0x0000000000000000
XMM[12]=0x0000000000000000 0x0000000000000000
XMM[13]=0x0000000000000000 0x0000000000000000
XMM[14]=0x0000000000000000 0x0000000000000000
XMM[15]=0x0000000000000000 0x0000000000000000
  MXCSR=0x00001fa0


Register to memory mapping:

RAX=0x000001e1ddf37701 points into unknown readable memory: 7b dc f8 ff e8 00 00
RBX=0x000000db237fe590 is pointing into the stack for thread: 0x000001e1e79cb030
RCX=0x0 is null
RDX=0x000001e1ddf37758 points into unknown readable memory: 0x0000e8fff8dc23e9 | e9 23 dc f8 ff e8 00 00
RSP=0x000000db237fcf20 is pointing into the stack for thread: 0x000001e1e79cb030
RBP=0x000000db237fd020 is pointing into the stack for thread: 0x000001e1e79cb030
RSI=0xdc2de9fffffffbe9 is an unknown value
RDI=0x000001e1e79cdb10 points into unknown readable memory: 0x000001e1e79cb030 | 30 b0 9c e7 e1 01 00 00
R8 =0x00007ffa466a5788 jvm.dll
R9 =0x0000000007530000 is an unknown value
R10=0x00000000002ea380 is an unknown value
R11=0x00000000002f0000 is an unknown value
R12=0x0000000000000070 is an unknown value
R13=0x000001e1d3705e00 points into unknown readable memory: 0x0000000000000000 | 00 00 00 00 00 00 00 00
R14=0x00007ffa4663f06c jvm.dll
R15=0x0 is null

Top of Stack: (sp=0x000000db237fcf20)
0x000000db237fcf20:   000000db237fe590 000000db237fe590
0x000000db237fcf30:   000000db237fd020 000001e1e79cdaf0
0x000000db237fcf40:   0000000000000000 0000000000000000
0x000000db237fcf50:   00007ffa466b0000 0000000000000000
0x000000db237fcf60:   000000db237fe590 000000db237fd000
0x000000db237fcf70:   000000db237fd010 00007ffa4663f06c
0x000000db237fcf80:   0000000000000000 0000000000000000
0x000000db237fcf90:   0000000000000000 00007ffa4663f06c
0x000000db237fcfa0:   0000000000000000 0000000000000000
0x000000db237fcfb0:   0000000000000000 0000000000000000
0x000000db237fcfc0:   0000000000000000 0000000000000000
0x000000db237fcfd0:   0000000000000000 00007ffa4663f060
0x000000db237fcfe0:   0000000000000000 000000db237fe590
0x000000db237fcff0:   0000000000000000 00007ffa4663f060
0x000000db237fd000:   0000000000000000 0000000000000000
0x000000db237fd010:   0000000000000007 000000db237fe590
0x000000db237fd020:   000001e1f1124b18 000001e1f11258c0
0x000000db237fd030:   0000000000000008 000001e1e79b8ae0
0x000000db237fd040:   000001e1ed1c9590 0000000000000002
0x000000db237fd050:   0000000000000002 000000db237fe810
0x000000db237fd060:   0000000000000000 0000000000000000
0x000000db237fd070:   000000db237fd220 0000000000000020
0x000000db237fd080:   000000db237fe810 000001e1f1125aa0
0x000000db237fd090:   000001e1ed1c9610 3ff0000000000000
0x000000db237fd0a0:   00000000deadbeef 000001e1f1125808
0x000000db237fd0b0:   00007ffa4662ee80 0000000000000009
0x000000db237fd0c0:   000000db237fe590 000001e1ed1c9830
0x000000db237fd0d0:   00000000000000e6 0000000000000002
0x000000db237fd0e0:   000001e1ed1c96e8 0000000000000002
0x000000db237fd0f0:   000001e1e79b8ae0 000000db237fd010
0x000000db237fd100:   0000025000000000 000000db237fd220
0x000000db237fd110:   0000000300000000 0000000000000000 

Instructions: (pc=0x00007ffa45e77df3)
0x00007ffa45e77cf3:   f9 ba 4a 00 48 8d 4c 24 30 e8 ef d1 4a 00 46 38
0x00007ffa45e77d03:   3c 26 75 05 e8 a4 f2 6f 00 48 8b 07 48 8b 88 60
0x00007ffa45e77d13:   06 00 00 48 8b 91 80 00 00 00 48 89 55 c8 44 38
0x00007ffa45e77d23:   7d e0 74 36 48 8b 8a 78 01 00 00 48 89 4d d0 48
0x00007ffa45e77d33:   85 c9 74 2a 44 8b 8a 50 02 00 00 41 8b c1 2b 82
0x00007ffa45e77d43:   78 02 00 00 48 8d 15 7a 74 7c 00 4c 8b 45 d8 89
0x00007ffa45e77d53:   44 24 20 e8 e5 c8 6b 00 eb 04 4c 89 7d d0 48 8d
0x00007ffa45e77d63:   4d 90 e8 e6 59 61 00 44 0f b6 0d e9 db a4 00 4c
0x00007ffa45e77d73:   8d 35 f3 72 7c 00 49 8b d6 44 88 7c 24 20 4c 8d
0x00007ffa45e77d83:   05 10 b1 a6 00 48 8d 4c 24 30 e8 2e 59 61 00 48
0x00007ffa45e77d93:   8d 8d f0 05 00 00 4c 89 74 24 78 44 88 7d 80 4c
0x00007ffa45e77da3:   89 7c 24 68 4c 89 7c 24 70 e8 7f 8c 48 00 48 8d
0x00007ffa45e77db3:   8d f0 05 00 00 e8 d3 b1 48 00 48 8b 83 68 01 00
0x00007ffa45e77dc3:   00 4c 39 78 58 0f 85 bb 00 00 00 4c 39 bb 80 01
0x00007ffa45e77dd3:   00 00 0f 85 ae 00 00 00 48 8d 8d f0 05 00 00 e8
0x00007ffa45e77de3:   e9 dd 48 00 48 8d 8d f0 05 00 00 e8 6d 93 48 00
0x00007ffa45e77df3:   46 38 3c 26 75 05 e8 b2 f1 6f 00 48 8b 07 48 8b
0x00007ffa45e77e03:   88 60 06 00 00 48 8b 91 80 00 00 00 48 89 54 24
0x00007ffa45e77e13:   68 44 38 7d 80 74 38 48 8b 8a 78 01 00 00 48 89
0x00007ffa45e77e23:   4c 24 70 48 85 c9 74 2c 44 8b 8a 50 02 00 00 41
0x00007ffa45e77e33:   8b c1 2b 82 78 02 00 00 48 8d 15 86 73 7c 00 4c
0x00007ffa45e77e43:   8b 44 24 78 89 44 24 20 e8 f0 c7 6b 00 eb 05 4c
0x00007ffa45e77e53:   89 7c 24 70 48 8d 4c 24 30 e8 ef 58 61 00 45 33
0x00007ffa45e77e63:   c9 48 8b cb 41 8d 51 25 45 8d 41 01 e8 8c 96 00
0x00007ffa45e77e73:   00 b8 ef be ad de 48 89 83 50 08 00 00 48 89 83
0x00007ffa45e77e83:   68 08 00 00 eb 7a 48 8d 8d f0 05 00 00 e8 cb 92
0x00007ffa45e77e93:   48 00 46 38 3c 26 75 05 e8 10 f1 6f 00 48 8b 07
0x00007ffa45e77ea3:   48 8b 88 60 06 00 00 48 8b 91 80 00 00 00 48 89
0x00007ffa45e77eb3:   54 24 68 44 38 7d 80 74 38 48 8b 8a 78 01 00 00
0x00007ffa45e77ec3:   48 89 4c 24 70 48 85 c9 74 2c 44 8b 8a 50 02 00
0x00007ffa45e77ed3:   00 41 8b c1 2b 82 78 02 00 00 48 8d 15 e4 72 7c
0x00007ffa45e77ee3:   00 4c 8b 44 24 78 89 44 24 20 e8 4e c7 6b 00 eb 


Stack slot to memory mapping:

stack at sp + 0 slots: 0x000000db237fe590 is pointing into the stack for thread: 0x000001e1e79cb030
stack at sp + 1 slots: 0x000000db237fe590 is pointing into the stack for thread: 0x000001e1e79cb030
stack at sp + 2 slots: 0x000000db237fd020 is pointing into the stack for thread: 0x000001e1e79cb030
stack at sp + 3 slots: 0x000001e1e79cdaf0 points into unknown readable memory: 0x0000000000000000 | 00 00 00 00 00 00 00 00
stack at sp + 4 slots: 0x0 is null
stack at sp + 5 slots: 0x0 is null
stack at sp + 6 slots: 0x00007ffa466b0000 jvm.dll
stack at sp + 7 slots: 0x0 is null


---------------  P R O C E S S  ---------------

Threads class SMR info:
_java_thread_list=0x000001e1ed50a8e0, length=37, elements={
0x000001e1d3692040, 0x000001e1e79b75b0, 0x000001e1e79b94d0, 0x000001e1e79bb7c0,
0x000001e1e79beab0, 0x000001e1e79bff60, 0x000001e1e79c63c0, 0x000001e1e79cb030,
0x000001e1e79ced80, 0x000001e1e8780460, 0x000001e1e89bd3d0, 0x000001e1ed83fee0,
0x000001e1ed7b75f0, 0x000001e1ed7e40f0, 0x000001e1ed7e4ca0, 0x000001e1edc18b50,
0x000001e1ed8c4180, 0x000001e1edc450d0, 0x000001e1edc45760, 0x000001e1edc46480,
0x000001e1edc46b10, 0x000001e1edc43690, 0x000001e1edc443b0, 0x000001e1edc44a40,
0x000001e1ef0b61c0, 0x000001e1ef0b7570, 0x000001e1ef0bbda0, 0x000001e1ef0bd150,
0x000001e1ef0bb710, 0x000001e1ef0b7c00, 0x000001e1ef0bc430, 0x000001e1ef0bcac0,
0x000001e1ef0b8290, 0x000001e1ef0bd7e0, 0x000001e1ef0ba9f0, 0x000001e1ef0b9cd0,
0x000001e1ef0ba360
}

Java Threads: ( => current thread )
  0x000001e1d3692040 JavaThread "main"                              [_thread_blocked, id=8728, stack(0x000000db22d00000,0x000000db22e00000) (1024K)]
  0x000001e1e79b75b0 JavaThread "Reference Handler"          daemon [_thread_blocked, id=11656, stack(0x000000db23100000,0x000000db23200000) (1024K)]
  0x000001e1e79b94d0 JavaThread "Finalizer"                  daemon [_thread_blocked, id=7924, stack(0x000000db23200000,0x000000db23300000) (1024K)]
  0x000001e1e79bb7c0 JavaThread "Signal Dispatcher"          daemon [_thread_blocked, id=9120, stack(0x000000db23300000,0x000000db23400000) (1024K)]
  0x000001e1e79beab0 JavaThread "Attach Listener"            daemon [_thread_blocked, id=3188, stack(0x000000db23400000,0x000000db23500000) (1024K)]
  0x000001e1e79bff60 JavaThread "Service Thread"             daemon [_thread_blocked, id=10260, stack(0x000000db23500000,0x000000db23600000) (1024K)]
  0x000001e1e79c63c0 JavaThread "Monitor Deflation Thread"   daemon [_thread_blocked, id=4404, stack(0x000000db23600000,0x000000db23700000) (1024K)]
=>0x000001e1e79cb030 JavaThread "C2 CompilerThread0"         daemon [_thread_in_native, id=6820, stack(0x000000db23700000,0x000000db23800000) (1024K)]
  0x000001e1e79ced80 JavaThread "C1 CompilerThread0"         daemon [_thread_blocked, id=1192, stack(0x000000db23800000,0x000000db23900000) (1024K)]
  0x000001e1e8780460 JavaThread "Common-Cleaner"             daemon [_thread_blocked, id=12676, stack(0x000000db23900000,0x000000db23a00000) (1024K)]
  0x000001e1e89bd3d0 JavaThread "Notification Thread"        daemon [_thread_blocked, id=9712, stack(0x000000db23a00000,0x000000db23b00000) (1024K)]
  0x000001e1ed83fee0 JavaThread "Active Thread: Equinox Container: a91708b8-9a12-4a40-9112-e39c4763ff80"        [_thread_blocked, id=7424, stack(0x000000db23f00000,0x000000db24000000) (1024K)]
  0x000001e1ed7b75f0 JavaThread "Refresh Thread: Equinox Container: a91708b8-9a12-4a40-9112-e39c4763ff80" daemon [_thread_blocked, id=13252, stack(0x000000db24000000,0x000000db24100000) (1024K)]
  0x000001e1ed7e40f0 JavaThread "Framework Event Dispatcher: Equinox Container: a91708b8-9a12-4a40-9112-e39c4763ff80" daemon [_thread_blocked, id=5160, stack(0x000000db24100000,0x000000db24200000) (1024K)]
  0x000001e1ed7e4ca0 JavaThread "Start Level: Equinox Container: a91708b8-9a12-4a40-9112-e39c4763ff80" daemon [_thread_blocked, id=9944, stack(0x000000db24200000,0x000000db24300000) (1024K)]
  0x000001e1edc18b50 JavaThread "Bundle File Closer"         daemon [_thread_blocked, id=10600, stack(0x000000db24300000,0x000000db24400000) (1024K)]
  0x000001e1ed8c4180 JavaThread "SCR Component Actor"        daemon [_thread_blocked, id=11184, stack(0x000000db24400000,0x000000db24500000) (1024K)]
  0x000001e1edc450d0 JavaThread "Worker-JM"                         [_thread_blocked, id=12224, stack(0x000000db24500000,0x000000db24600000) (1024K)]
  0x000001e1edc45760 JavaThread "JNA Cleaner"                daemon [_thread_blocked, id=1408, stack(0x000000db24600000,0x000000db24700000) (1024K)]
  0x000001e1edc46480 JavaThread "Worker-0"                          [_thread_blocked, id=4516, stack(0x000000db24700000,0x000000db24800000) (1024K)]
  0x000001e1edc46b10 JavaThread "Worker-1"                          [_thread_blocked, id=12616, stack(0x000000db24800000,0x000000db24900000) (1024K)]
  0x000001e1edc43690 JavaThread "Worker-2"                          [_thread_blocked, id=9700, stack(0x000000db24900000,0x000000db24a00000) (1024K)]
  0x000001e1edc443b0 JavaThread "Worker-3"                          [_thread_blocked, id=12936, stack(0x000000db24a00000,0x000000db24b00000) (1024K)]
  0x000001e1edc44a40 JavaThread "Java indexing"              daemon [_thread_blocked, id=12736, stack(0x000000db24c00000,0x000000db24d00000) (1024K)]
  0x000001e1ef0b61c0 JavaThread "Worker-4: Building"                [_thread_blocked, id=7544, stack(0x000000db24f00000,0x000000db25000000) (1024K)]
  0x000001e1ef0b7570 JavaThread "Worker-5: Initialize workspace"        [_thread_blocked, id=2936, stack(0x000000db25000000,0x000000db25100000) (1024K)]
  0x000001e1ef0bbda0 JavaThread "Thread-2"                   daemon [_thread_in_native, id=5816, stack(0x000000db25100000,0x000000db25200000) (1024K)]
  0x000001e1ef0bd150 JavaThread "Thread-3"                   daemon [_thread_in_native, id=928, stack(0x000000db25200000,0x000000db25300000) (1024K)]
  0x000001e1ef0bb710 JavaThread "Thread-4"                   daemon [_thread_in_native, id=13304, stack(0x000000db25300000,0x000000db25400000) (1024K)]
  0x000001e1ef0b7c00 JavaThread "Thread-5"                   daemon [_thread_in_native, id=4552, stack(0x000000db25400000,0x000000db25500000) (1024K)]
  0x000001e1ef0bc430 JavaThread "Thread-6"                   daemon [_thread_in_native, id=9148, stack(0x000000db25500000,0x000000db25600000) (1024K)]
  0x000001e1ef0bcac0 JavaThread "pool-2-thread-1"                   [_thread_blocked, id=7836, stack(0x000000db25600000,0x000000db25700000) (1024K)]
  0x000001e1ef0b8290 JavaThread "WorkspaceEventsHandler"            [_thread_blocked, id=12600, stack(0x000000db25700000,0x000000db25800000) (1024K)]
  0x000001e1ef0bd7e0 JavaThread "pool-1-thread-1"                   [_thread_blocked, id=8652, stack(0x000000db25800000,0x000000db25900000) (1024K)]
  0x000001e1ef0ba9f0 JavaThread "ForkJoinPool.commonPool-worker-1" daemon [_thread_blocked, id=12648, stack(0x000000db23e00000,0x000000db23f00000) (1024K)]
  0x000001e1ef0b9cd0 JavaThread "ForkJoinPool.commonPool-worker-2" daemon [_thread_blocked, id=4028, stack(0x000000db25900000,0x000000db25a00000) (1024K)]
  0x000001e1ef0ba360 JavaThread "ForkJoinPool.commonPool-worker-3" daemon [_thread_blocked, id=5760, stack(0x000000db25a00000,0x000000db25b00000) (1024K)]
Total: 37

Other Threads:
  0x000001e1d374d910 VMThread "VM Thread"                           [id=4884, stack(0x000000db23000000,0x000000db23100000) (1024K)]
  0x000001e1d36fc910 WatcherThread "VM Periodic Task Thread"        [id=11912, stack(0x000000db22f00000,0x000000db23000000) (1024K)]
  0x000001e1d36afd20 WorkerThread "GC Thread#0"                     [id=9468, stack(0x000000db22e00000,0x000000db22f00000) (1024K)]
  0x000001e1e8b2d040 WorkerThread "GC Thread#1"                     [id=12424, stack(0x000000db23b00000,0x000000db23c00000) (1024K)]
  0x000001e1ed47e2c0 WorkerThread "GC Thread#2"                     [id=5328, stack(0x000000db23c00000,0x000000db23d00000) (1024K)]
  0x000001e1ed345630 WorkerThread "GC Thread#3"                     [id=5480, stack(0x000000db23d00000,0x000000db23e00000) (1024K)]
Total: 6

Threads with active compile tasks:
C2 CompilerThread0  15928 6091       4       java.lang.Long::hashCode (8 bytes)
Total: 1

VM state: not at safepoint (normal execution)

VM Mutex/Monitor currently owned by a thread: None

Heap address: 0x00000000c0000000, size: 1024 MB, Compressed Oops mode: 32-bit

CDS archive(s) mapped at: [0x000001e180000000-0x000001e180ba0000-0x000001e180ba0000), size 12189696, SharedBaseAddress: 0x000001e180000000, ArchiveRelocationMode: 1.
Compressed class space mapped at: 0x000001e181000000-0x000001e1c1000000, reserved size: 1073741824
Narrow klass base: 0x000001e180000000, Narrow klass shift: 0, Narrow klass range: 0x100000000

GC Precious Log:
 CardTable entry size: 512
 CPUs: 4 total, 4 available
 Memory: 12167M
 Large Page Support: Disabled
 NUMA Support: Disabled
 Compressed Oops: Enabled (32-bit)
 Alignments: Space 512K, Generation 512K, Heap 2M
 Heap Min Capacity: 100M
 Heap Initial Capacity: 100M
 Heap Max Capacity: 1G
 Pre-touch: Disabled
 Parallel Workers: 4

Heap:
 PSYoungGen      total 25088K, used 4998K [0x00000000eab00000, 0x00000000ec600000, 0x0000000100000000)
  eden space 22016K, 17% used [0x00000000eab00000,0x00000000eaeb3298,0x00000000ec080000)
  from space 3072K, 39% used [0x00000000ec080000,0x00000000ec1ae5a0,0x00000000ec380000)
  to   space 2048K, 0% used [0x00000000ec400000,0x00000000ec400000,0x00000000ec600000)
 ParOldGen       total 68608K, used 21342K [0x00000000c0000000, 0x00000000c4300000, 0x00000000eab00000)
  object space 68608K, 31% used [0x00000000c0000000,0x00000000c14d79f8,0x00000000c4300000)
 Metaspace       used 45621K, committed 46720K, reserved 1114112K
  class space    used 4853K, committed 5312K, reserved 1048576K

Card table byte_map: [0x000001e1d3050000,0x000001e1d3260000] _byte_map_base: 0x000001e1d2a50000

Marking Bits: (ParMarkBitMap*) 0x00007ffa468e3260
 Begin Bits: [0x000001e1e5890000, 0x000001e1e6890000)
 End Bits:   [0x000001e1e6890000, 0x000001e1e7890000)

Polling page: 0x000001e1d1590000

Metaspace:

Usage:
  Non-class:     39.81 MB used.
      Class:      4.74 MB used.
       Both:     44.55 MB used.

Virtual space:
  Non-class space:       64.00 MB reserved,      40.44 MB ( 63%) committed,  1 nodes.
      Class space:        1.00 GB reserved,       5.19 MB ( <1%) committed,  1 nodes.
             Both:        1.06 GB reserved,      45.62 MB (  4%) committed. 

Chunk freelists:
   Non-Class:  7.33 MB
       Class:  10.76 MB
        Both:  18.09 MB

MaxMetaspaceSize: unlimited
CompressedClassSpaceSize: 1.00 GB
Initial GC threshold: 21.00 MB
Current GC threshold: 58.38 MB
CDS: on
 - commit_granule_bytes: 65536.
 - commit_granule_words: 8192.
 - virtual_space_node_default_size: 8388608.
 - enlarge_chunks_in_place: 1.
 - use_allocation_guard: 0.


Internal statistics:

num_allocs_failed_limit: 10.
num_arena_births: 834.
num_arena_deaths: 14.
num_vsnodes_births: 2.
num_vsnodes_deaths: 0.
num_space_committed: 730.
num_space_uncommitted: 0.
num_chunks_returned_to_freelist: 24.
num_chunks_taken_from_freelist: 2853.
num_chunk_merges: 16.
num_chunk_splits: 1808.
num_chunks_enlarged: 1045.
num_inconsistent_stats: 0.

CodeHeap 'non-profiled nmethods': size=120000Kb used=2985Kb max_used=2985Kb free=117014Kb
 bounds [0x000001e1de360000, 0x000001e1de650000, 0x000001e1e5890000]
CodeHeap 'profiled nmethods': size=120000Kb used=11470Kb max_used=11470Kb free=108529Kb
 bounds [0x000001e1d6890000, 0x000001e1d73d0000, 0x000001e1dddc0000]
CodeHeap 'non-nmethods': size=5760Kb used=1367Kb max_used=1445Kb free=4392Kb
 bounds [0x000001e1dddc0000, 0x000001e1de030000, 0x000001e1de360000]
 total_blobs=6174 nmethods=5509 adapters=571
 compilation: enabled
              stopped_count=0, restarted_count=0
 full_count=0

Compilation events (20 events):
Event: 15.646 Thread 0x000001e1e79ced80 6081   !   3       sun.nio.fs.WindowsNativeDispatcher::GetFileAttributesEx (73 bytes)
Event: 15.646 Thread 0x000001e1e79ced80 nmethod 6081 0x000001e1d73c0110 code [0x000001e1d73c0360, 0x000001e1d73c08b8]
Event: 15.647 Thread 0x000001e1e79ced80 6082   !   3       org.eclipse.core.internal.watson.ElementTree::getElementData (74 bytes)
Event: 15.648 Thread 0x000001e1e79ced80 nmethod 6082 0x000001e1d73c0c10 code [0x000001e1d73c0e60, 0x000001e1d73c1760]
Event: 15.648 Thread 0x000001e1e79ced80 6083       3       org.eclipse.core.internal.resources.Resource::getFlags (13 bytes)
Event: 15.649 Thread 0x000001e1e79ced80 nmethod 6083 0x000001e1d73c1b10 code [0x000001e1d73c1cc0, 0x000001e1d73c1ed8]
Event: 15.651 Thread 0x000001e1e79ced80 6085       1       org.eclipse.core.internal.dtree.AbstractDataTreeNode::isDeleted (2 bytes)
Event: 15.651 Thread 0x000001e1e79ced80 nmethod 6085 0x000001e1de649490 code [0x000001e1de649620, 0x000001e1de6496e8]
Event: 15.652 Thread 0x000001e1e79ced80 6086       1       org.eclipse.core.internal.dtree.AbstractDataTreeNode::getName (5 bytes)
Event: 15.653 Thread 0x000001e1e79ced80 nmethod 6086 0x000001e1de649790 code [0x000001e1de649920, 0x000001e1de6499e8]
Event: 15.653 Thread 0x000001e1e79ced80 6087       3       org.eclipse.core.internal.resources.Resource::getResourceInfo (14 bytes)
Event: 15.653 Thread 0x000001e1e79ced80 nmethod 6087 0x000001e1d73c1f90 code [0x000001e1d73c2140, 0x000001e1d73c2350]
Event: 15.656 Thread 0x000001e1e79ced80 6088       3       java.util.regex.CharPredicates$$Lambda/0x800000025::is (5 bytes)
Event: 15.656 Thread 0x000001e1e79ced80 nmethod 6088 0x000001e1d73c2490 code [0x000001e1d73c2640, 0x000001e1d73c28e8]
Event: 15.670 Thread 0x000001e1e79ced80 6089       1       java.util.Calendar::getFirstDayOfWeek (5 bytes)
Event: 15.671 Thread 0x000001e1e79ced80 nmethod 6089 0x000001e1de649a90 code [0x000001e1de649c20, 0x000001e1de649ce8]
Event: 15.671 Thread 0x000001e1e79ced80 6090       1       java.util.Calendar::getMinimalDaysInFirstWeek (5 bytes)
Event: 15.671 Thread 0x000001e1e79ced80 nmethod 6090 0x000001e1de649d90 code [0x000001e1de649f20, 0x000001e1de649fe8]
Event: 15.790 Thread 0x000001e1e79cb030 6091       4       java.lang.Long::hashCode (8 bytes)
Event: 15.790 Thread 0x000001e1e79cb030 nmethod 6091 0x000001e1de64a090 code [0x000001e1de64a200, 0x000001e1de64a278]

GC Heap History (20 events):
Event: 8.941 GC heap before
{Heap before GC invocations=10 (full 1):
 PSYoungGen      total 24576K, used 24320K [0x00000000eab00000, 0x00000000ec880000, 0x0000000100000000)
  eden space 24064K, 100% used [0x00000000eab00000,0x00000000ec280000,0x00000000ec280000)
  from space 512K, 50% used [0x00000000ec800000,0x00000000ec840000,0x00000000ec880000)
  to   space 2048K, 0% used [0x00000000ec480000,0x00000000ec480000,0x00000000ec680000)
 ParOldGen       total 68608K, used 12798K [0x00000000c0000000, 0x00000000c4300000, 0x00000000eab00000)
  object space 68608K, 18% used [0x00000000c0000000,0x00000000c0c7f9d0,0x00000000c4300000)
 Metaspace       used 26602K, committed 27520K, reserved 1114112K
  class space    used 2592K, committed 3008K, reserved 1048576K
}
Event: 8.943 GC heap after
{Heap after GC invocations=10 (full 1):
 PSYoungGen      total 25600K, used 544K [0x00000000eab00000, 0x00000000ec880000, 0x0000000100000000)
  eden space 23552K, 0% used [0x00000000eab00000,0x00000000eab00000,0x00000000ec200000)
  from space 2048K, 26% used [0x00000000ec480000,0x00000000ec508000,0x00000000ec680000)
  to   space 1024K, 0% used [0x00000000ec780000,0x00000000ec780000,0x00000000ec880000)
 ParOldGen       total 68608K, used 12806K [0x00000000c0000000, 0x00000000c4300000, 0x00000000eab00000)
  object space 68608K, 18% used [0x00000000c0000000,0x00000000c0c819d0,0x00000000c4300000)
 Metaspace       used 26602K, committed 27520K, reserved 1114112K
  class space    used 2592K, committed 3008K, reserved 1048576K
}
Event: 9.430 GC heap before
{Heap before GC invocations=11 (full 1):
 PSYoungGen      total 25600K, used 24096K [0x00000000eab00000, 0x00000000ec880000, 0x0000000100000000)
  eden space 23552K, 100% used [0x00000000eab00000,0x00000000ec200000,0x00000000ec200000)
  from space 2048K, 26% used [0x00000000ec480000,0x00000000ec508000,0x00000000ec680000)
  to   space 1024K, 0% used [0x00000000ec780000,0x00000000ec780000,0x00000000ec880000)
 ParOldGen       total 68608K, used 12806K [0x00000000c0000000, 0x00000000c4300000, 0x00000000eab00000)
  object space 68608K, 18% used [0x00000000c0000000,0x00000000c0c819d0,0x00000000c4300000)
 Metaspace       used 28599K, committed 29504K, reserved 1114112K
  class space    used 2806K, committed 3200K, reserved 1048576K
}
Event: 9.432 GC heap after
{Heap after GC invocations=11 (full 1):
 PSYoungGen      total 24064K, used 686K [0x00000000eab00000, 0x00000000ec880000, 0x0000000100000000)
  eden space 23040K, 0% used [0x00000000eab00000,0x00000000eab00000,0x00000000ec180000)
  from space 1024K, 67% used [0x00000000ec780000,0x00000000ec82b890,0x00000000ec880000)
  to   space 1024K, 0% used [0x00000000ec680000,0x00000000ec680000,0x00000000ec780000)
 ParOldGen       total 68608K, used 14480K [0x00000000c0000000, 0x00000000c4300000, 0x00000000eab00000)
  object space 68608K, 21% used [0x00000000c0000000,0x00000000c0e243f0,0x00000000c4300000)
 Metaspace       used 28599K, committed 29504K, reserved 1114112K
  class space    used 2806K, committed 3200K, reserved 1048576K
}
Event: 10.178 GC heap before
{Heap before GC invocations=12 (full 1):
 PSYoungGen      total 24064K, used 23726K [0x00000000eab00000, 0x00000000ec880000, 0x0000000100000000)
  eden space 23040K, 100% used [0x00000000eab00000,0x00000000ec180000,0x00000000ec180000)
  from space 1024K, 67% used [0x00000000ec780000,0x00000000ec82b890,0x00000000ec880000)
  to   space 1024K, 0% used [0x00000000ec680000,0x00000000ec680000,0x00000000ec780000)
 ParOldGen       total 68608K, used 14480K [0x00000000c0000000, 0x00000000c4300000, 0x00000000eab00000)
  object space 68608K, 21% used [0x00000000c0000000,0x00000000c0e243f0,0x00000000c4300000)
 Metaspace       used 30517K, committed 31488K, reserved 1114112K
  class space    used 3023K, committed 3456K, reserved 1048576K
}
Event: 10.181 GC heap after
{Heap after GC invocations=12 (full 1):
 PSYoungGen      total 23552K, used 1016K [0x00000000eab00000, 0x00000000ec800000, 0x0000000100000000)
  eden space 22528K, 0% used [0x00000000eab00000,0x00000000eab00000,0x00000000ec100000)
  from space 1024K, 99% used [0x00000000ec680000,0x00000000ec77e2e8,0x00000000ec780000)
  to   space 512K, 0% used [0x00000000ec780000,0x00000000ec780000,0x00000000ec800000)
 ParOldGen       total 68608K, used 15147K [0x00000000c0000000, 0x00000000c4300000, 0x00000000eab00000)
  object space 68608K, 22% used [0x00000000c0000000,0x00000000c0ecad20,0x00000000c4300000)
 Metaspace       used 30517K, committed 31488K, reserved 1114112K
  class space    used 3023K, committed 3456K, reserved 1048576K
}
Event: 10.649 GC heap before
{Heap before GC invocations=13 (full 1):
 PSYoungGen      total 23552K, used 23532K [0x00000000eab00000, 0x00000000ec800000, 0x0000000100000000)
  eden space 22528K, 99% used [0x00000000eab00000,0x00000000ec0fce68,0x00000000ec100000)
  from space 1024K, 99% used [0x00000000ec680000,0x00000000ec77e2e8,0x00000000ec780000)
  to   space 512K, 0% used [0x00000000ec780000,0x00000000ec780000,0x00000000ec800000)
 ParOldGen       total 68608K, used 15147K [0x00000000c0000000, 0x00000000c4300000, 0x00000000eab00000)
  object space 68608K, 22% used [0x00000000c0000000,0x00000000c0ecad20,0x00000000c4300000)
 Metaspace       used 33092K, committed 34048K, reserved 1114112K
  class space    used 3311K, committed 3712K, reserved 1048576K
}
Event: 10.653 GC heap after
{Heap after GC invocations=13 (full 1):
 PSYoungGen      total 22528K, used 487K [0x00000000eab00000, 0x00000000ec800000, 0x0000000100000000)
  eden space 22016K, 0% used [0x00000000eab00000,0x00000000eab00000,0x00000000ec080000)
  from space 512K, 95% used [0x00000000ec780000,0x00000000ec7f9fb8,0x00000000ec800000)
  to   space 2048K, 0% used [0x00000000ec400000,0x00000000ec400000,0x00000000ec600000)
 ParOldGen       total 68608K, used 16511K [0x00000000c0000000, 0x00000000c4300000, 0x00000000eab00000)
  object space 68608K, 24% used [0x00000000c0000000,0x00000000c101fe78,0x00000000c4300000)
 Metaspace       used 33092K, committed 34048K, reserved 1114112K
  class space    used 3311K, committed 3712K, reserved 1048576K
}
Event: 10.897 GC heap before
{Heap before GC invocations=14 (full 1):
 PSYoungGen      total 22528K, used 16894K [0x00000000eab00000, 0x00000000ec800000, 0x0000000100000000)
  eden space 22016K, 74% used [0x00000000eab00000,0x00000000ebb058a8,0x00000000ec080000)
  from space 512K, 95% used [0x00000000ec780000,0x00000000ec7f9fb8,0x00000000ec800000)
  to   space 2048K, 0% used [0x00000000ec400000,0x00000000ec400000,0x00000000ec600000)
 ParOldGen       total 68608K, used 16511K [0x00000000c0000000, 0x00000000c4300000, 0x00000000eab00000)
  object space 68608K, 24% used [0x00000000c0000000,0x00000000c101fe78,0x00000000c4300000)
 Metaspace       used 34816K, committed 35840K, reserved 1114112K
  class space    used 3533K, committed 3968K, reserved 1048576K
}
Event: 10.899 GC heap after
{Heap after GC invocations=14 (full 1):
 PSYoungGen      total 24064K, used 1433K [0x00000000eab00000, 0x00000000ec800000, 0x0000000100000000)
  eden space 22016K, 0% used [0x00000000eab00000,0x00000000eab00000,0x00000000ec080000)
  from space 2048K, 70% used [0x00000000ec400000,0x00000000ec566670,0x00000000ec600000)
  to   space 2048K, 0% used [0x00000000ec600000,0x00000000ec600000,0x00000000ec800000)
 ParOldGen       total 68608K, used 16967K [0x00000000c0000000, 0x00000000c4300000, 0x00000000eab00000)
  object space 68608K, 24% used [0x00000000c0000000,0x00000000c1091d30,0x00000000c4300000)
 Metaspace       used 34816K, committed 35840K, reserved 1114112K
  class space    used 3533K, committed 3968K, reserved 1048576K
}
Event: 10.900 GC heap before
{Heap before GC invocations=15 (full 2):
 PSYoungGen      total 24064K, used 1433K [0x00000000eab00000, 0x00000000ec800000, 0x0000000100000000)
  eden space 22016K, 0% used [0x00000000eab00000,0x00000000eab00000,0x00000000ec080000)
  from space 2048K, 70% used [0x00000000ec400000,0x00000000ec566670,0x00000000ec600000)
  to   space 2048K, 0% used [0x00000000ec600000,0x00000000ec600000,0x00000000ec800000)
 ParOldGen       total 68608K, used 16967K [0x00000000c0000000, 0x00000000c4300000, 0x00000000eab00000)
  object space 68608K, 24% used [0x00000000c0000000,0x00000000c1091d30,0x00000000c4300000)
 Metaspace       used 34816K, committed 35840K, reserved 1114112K
  class space    used 3533K, committed 3968K, reserved 1048576K
}
Event: 10.953 GC heap after
{Heap after GC invocations=15 (full 2):
 PSYoungGen      total 24064K, used 0K [0x00000000eab00000, 0x00000000ec800000, 0x0000000100000000)
  eden space 22016K, 0% used [0x00000000eab00000,0x00000000eab00000,0x00000000ec080000)
  from space 2048K, 0% used [0x00000000ec400000,0x00000000ec400000,0x00000000ec600000)
  to   space 2048K, 0% used [0x00000000ec600000,0x00000000ec600000,0x00000000ec800000)
 ParOldGen       total 68608K, used 17527K [0x00000000c0000000, 0x00000000c4300000, 0x00000000eab00000)
  object space 68608K, 25% used [0x00000000c0000000,0x00000000c111dcb8,0x00000000c4300000)
 Metaspace       used 34816K, committed 35840K, reserved 1114112K
  class space    used 3533K, committed 3968K, reserved 1048576K
}
Event: 11.314 GC heap before
{Heap before GC invocations=16 (full 2):
 PSYoungGen      total 24064K, used 22016K [0x00000000eab00000, 0x00000000ec800000, 0x0000000100000000)
  eden space 22016K, 100% used [0x00000000eab00000,0x00000000ec080000,0x00000000ec080000)
  from space 2048K, 0% used [0x00000000ec400000,0x00000000ec400000,0x00000000ec600000)
  to   space 2048K, 0% used [0x00000000ec600000,0x00000000ec600000,0x00000000ec800000)
 ParOldGen       total 68608K, used 17527K [0x00000000c0000000, 0x00000000c4300000, 0x00000000eab00000)
  object space 68608K, 25% used [0x00000000c0000000,0x00000000c111dcb8,0x00000000c4300000)
 Metaspace       used 37764K, committed 38912K, reserved 1114112K
  class space    used 3885K, committed 4416K, reserved 1048576K
}
Event: 11.317 GC heap after
{Heap after GC invocations=16 (full 2):
 PSYoungGen      total 24064K, used 1568K [0x00000000eab00000, 0x00000000ec800000, 0x0000000100000000)
  eden space 22016K, 0% used [0x00000000eab00000,0x00000000eab00000,0x00000000ec080000)
  from space 2048K, 76% used [0x00000000ec600000,0x00000000ec788000,0x00000000ec800000)
  to   space 2048K, 0% used [0x00000000ec400000,0x00000000ec400000,0x00000000ec600000)
 ParOldGen       total 68608K, used 17535K [0x00000000c0000000, 0x00000000c4300000, 0x00000000eab00000)
  object space 68608K, 25% used [0x00000000c0000000,0x00000000c111fcb8,0x00000000c4300000)
 Metaspace       used 37764K, committed 38912K, reserved 1114112K
  class space    used 3885K, committed 4416K, reserved 1048576K
}
Event: 11.920 GC heap before
{Heap before GC invocations=17 (full 2):
 PSYoungGen      total 24064K, used 23584K [0x00000000eab00000, 0x00000000ec800000, 0x0000000100000000)
  eden space 22016K, 100% used [0x00000000eab00000,0x00000000ec080000,0x00000000ec080000)
  from space 2048K, 76% used [0x00000000ec600000,0x00000000ec788000,0x00000000ec800000)
  to   space 2048K, 0% used [0x00000000ec400000,0x00000000ec400000,0x00000000ec600000)
 ParOldGen       total 68608K, used 17535K [0x00000000c0000000, 0x00000000c4300000, 0x00000000eab00000)
  object space 68608K, 25% used [0x00000000c0000000,0x00000000c111fcb8,0x00000000c4300000)
 Metaspace       used 40162K, committed 41216K, reserved 1114112K
  class space    used 4185K, committed 4672K, reserved 1048576K
}
Event: 11.926 GC heap after
{Heap after GC invocations=17 (full 2):
 PSYoungGen      total 23552K, used 1216K [0x00000000eab00000, 0x00000000ec680000, 0x0000000100000000)
  eden space 22016K, 0% used [0x00000000eab00000,0x00000000eab00000,0x00000000ec080000)
  from space 1536K, 79% used [0x00000000ec400000,0x00000000ec530000,0x00000000ec580000)
  to   space 1024K, 0% used [0x00000000ec580000,0x00000000ec580000,0x00000000ec680000)
 ParOldGen       total 68608K, used 18911K [0x00000000c0000000, 0x00000000c4300000, 0x00000000eab00000)
  object space 68608K, 27% used [0x00000000c0000000,0x00000000c1277cc8,0x00000000c4300000)
 Metaspace       used 40162K, committed 41216K, reserved 1114112K
  class space    used 4185K, committed 4672K, reserved 1048576K
}
Event: 13.865 GC heap before
{Heap before GC invocations=18 (full 2):
 PSYoungGen      total 23552K, used 23232K [0x00000000eab00000, 0x00000000ec680000, 0x0000000100000000)
  eden space 22016K, 100% used [0x00000000eab00000,0x00000000ec080000,0x00000000ec080000)
  from space 1536K, 79% used [0x00000000ec400000,0x00000000ec530000,0x00000000ec580000)
  to   space 1024K, 0% used [0x00000000ec580000,0x00000000ec580000,0x00000000ec680000)
 ParOldGen       total 68608K, used 18911K [0x00000000c0000000, 0x00000000c4300000, 0x00000000eab00000)
  object space 68608K, 27% used [0x00000000c0000000,0x00000000c1277cc8,0x00000000c4300000)
 Metaspace       used 42815K, committed 43904K, reserved 1114112K
  class space    used 4536K, committed 4992K, reserved 1048576K
}
Event: 13.870 GC heap after
{Heap after GC invocations=18 (full 2):
 PSYoungGen      total 23040K, used 1024K [0x00000000eab00000, 0x00000000ec680000, 0x0000000100000000)
  eden space 22016K, 0% used [0x00000000eab00000,0x00000000eab00000,0x00000000ec080000)
  from space 1024K, 100% used [0x00000000ec580000,0x00000000ec680000,0x00000000ec680000)
  to   space 3072K, 0% used [0x00000000ec080000,0x00000000ec080000,0x00000000ec380000)
 ParOldGen       total 68608K, used 20386K [0x00000000c0000000, 0x00000000c4300000, 0x00000000eab00000)
  object space 68608K, 29% used [0x00000000c0000000,0x00000000c13e89e8,0x00000000c4300000)
 Metaspace       used 42815K, committed 43904K, reserved 1114112K
  class space    used 4536K, committed 4992K, reserved 1048576K
}
Event: 15.018 GC heap before
{Heap before GC invocations=19 (full 2):
 PSYoungGen      total 23040K, used 23040K [0x00000000eab00000, 0x00000000ec680000, 0x0000000100000000)
  eden space 22016K, 100% used [0x00000000eab00000,0x00000000ec080000,0x00000000ec080000)
  from space 1024K, 100% used [0x00000000ec580000,0x00000000ec680000,0x00000000ec680000)
  to   space 3072K, 0% used [0x00000000ec080000,0x00000000ec080000,0x00000000ec380000)
 ParOldGen       total 68608K, used 20386K [0x00000000c0000000, 0x00000000c4300000, 0x00000000eab00000)
  object space 68608K, 29% used [0x00000000c0000000,0x00000000c13e89e8,0x00000000c4300000)
 Metaspace       used 45175K, committed 46272K, reserved 1114112K
  class space    used 4806K, committed 5312K, reserved 1048576K
}
Event: 15.027 GC heap after
{Heap after GC invocations=19 (full 2):
 PSYoungGen      total 25088K, used 1209K [0x00000000eab00000, 0x00000000ec600000, 0x0000000100000000)
  eden space 22016K, 0% used [0x00000000eab00000,0x00000000eab00000,0x00000000ec080000)
  from space 3072K, 39% used [0x00000000ec080000,0x00000000ec1ae5a0,0x00000000ec380000)
  to   space 2048K, 0% used [0x00000000ec400000,0x00000000ec400000,0x00000000ec600000)
 ParOldGen       total 68608K, used 21342K [0x00000000c0000000, 0x00000000c4300000, 0x00000000eab00000)
  object space 68608K, 31% used [0x00000000c0000000,0x00000000c14d79f8,0x00000000c4300000)
 Metaspace       used 45175K, committed 46272K, reserved 1114112K
  class space    used 4806K, committed 5312K, reserved 1048576K
}

Dll operation events (10 events):
Event: 0.032 Loaded shared library c:\Users\LENOVO\.vscode\extensions\redhat.java-1.41.1-win32-x64\jre\21.0.6-win32-x86_64\bin\java.dll
Event: 0.149 Loaded shared library c:\Users\LENOVO\.vscode\extensions\redhat.java-1.41.1-win32-x64\jre\21.0.6-win32-x86_64\bin\zip.dll
Event: 0.216 Loaded shared library C:\Users\LENOVO\.vscode\extensions\redhat.java-1.41.1-win32-x64\jre\21.0.6-win32-x86_64\bin\instrument.dll
Event: 0.228 Loaded shared library C:\Users\LENOVO\.vscode\extensions\redhat.java-1.41.1-win32-x64\jre\21.0.6-win32-x86_64\bin\net.dll
Event: 0.231 Loaded shared library C:\Users\LENOVO\.vscode\extensions\redhat.java-1.41.1-win32-x64\jre\21.0.6-win32-x86_64\bin\nio.dll
Event: 0.247 Loaded shared library C:\Users\LENOVO\.vscode\extensions\redhat.java-1.41.1-win32-x64\jre\21.0.6-win32-x86_64\bin\zip.dll
Event: 0.311 Loaded shared library C:\Users\LENOVO\.vscode\extensions\redhat.java-1.41.1-win32-x64\jre\21.0.6-win32-x86_64\bin\jimage.dll
Event: 0.662 Loaded shared library c:\Users\LENOVO\.vscode\extensions\redhat.java-1.41.1-win32-x64\jre\21.0.6-win32-x86_64\bin\verify.dll
Event: 3.029 Loaded shared library C:\Users\LENOVO\AppData\Roaming\Code\User\globalStorage\redhat.java\1.41.1\config_win\org.eclipse.equinox.launcher\org.eclipse.equinox.launcher.win32.win32.x86_64_1.2.1300.v20250331-1702\eclipse_11911.dll
Event: 5.776 Loaded shared library C:\Users\LENOVO\AppData\Local\Temp\jna--2053026509\jna13080476369450179247.dll

Deoptimization events (20 events):
Event: 14.566 Thread 0x000001e1edc43690 Uncommon trap: trap_request=0xffffffc6 fr.pc=0x000001e1de45dfc4 relative=0x0000000000000644
Event: 14.566 Thread 0x000001e1edc43690 Uncommon trap: reason=bimorphic_or_optimized_type_check action=maybe_recompile pc=0x000001e1de45dfc4 method=java.util.HashMap.removeNode(ILjava/lang/Object;Ljava/lang/Object;ZZ)Ljava/util/HashMap$Node; @ 68 c2
Event: 14.566 Thread 0x000001e1edc43690 DEOPT PACKING pc=0x000001e1de45dfc4 sp=0x000000db249ff170
Event: 14.566 Thread 0x000001e1edc43690 DEOPT UNPACKING pc=0x000001e1dde13aa2 sp=0x000000db249ff078 mode 2
Event: 14.610 Thread 0x000001e1edc43690 DEOPT PACKING pc=0x000001e1d6c03c55 sp=0x000000db249f9970
Event: 14.610 Thread 0x000001e1edc43690 DEOPT UNPACKING pc=0x000001e1dde14242 sp=0x000000db249f8e78 mode 0
Event: 14.703 Thread 0x000001e1edc43690 Uncommon trap: trap_request=0xffffff45 fr.pc=0x000001e1de55fe0c relative=0x000000000000030c
Event: 14.703 Thread 0x000001e1edc43690 Uncommon trap: reason=unstable_if action=reinterpret pc=0x000001e1de55fe0c method=java.nio.charset.CharsetDecoder.decode(Ljava/nio/ByteBuffer;Ljava/nio/CharBuffer;Z)Ljava/nio/charset/CoderResult; @ 1 c2
Event: 14.703 Thread 0x000001e1edc43690 DEOPT PACKING pc=0x000001e1de55fe0c sp=0x000000db249fe9f0
Event: 14.703 Thread 0x000001e1edc43690 DEOPT UNPACKING pc=0x000001e1dde13aa2 sp=0x000000db249fe998 mode 2
Event: 14.829 Thread 0x000001e1ef0bd7e0 DEOPT PACKING pc=0x000001e1d6c37159 sp=0x000000db258fda80
Event: 14.829 Thread 0x000001e1ef0bd7e0 DEOPT UNPACKING pc=0x000001e1dde14242 sp=0x000000db258fcf18 mode 0
Event: 15.115 Thread 0x000001e1edc443b0 Uncommon trap: trap_request=0xffffff45 fr.pc=0x000001e1de427df0 relative=0x00000000000005f0
Event: 15.115 Thread 0x000001e1edc443b0 Uncommon trap: reason=unstable_if action=reinterpret pc=0x000001e1de427df0 method=java.lang.StringConcatHelper.simpleConcat(Ljava/lang/Object;Ljava/lang/Object;)Ljava/lang/String; @ 30 c2
Event: 15.115 Thread 0x000001e1edc443b0 DEOPT PACKING pc=0x000001e1de427df0 sp=0x000000db24afe4d0
Event: 15.115 Thread 0x000001e1edc443b0 DEOPT UNPACKING pc=0x000001e1dde13aa2 sp=0x000000db24afe478 mode 2
Event: 15.133 Thread 0x000001e1edc443b0 Uncommon trap: trap_request=0xffffff45 fr.pc=0x000001e1de4c50c8 relative=0x00000000000000a8
Event: 15.133 Thread 0x000001e1edc443b0 Uncommon trap: reason=unstable_if action=reinterpret pc=0x000001e1de4c50c8 method=java.util.regex.Pattern.append(II)V @ 9 c2
Event: 15.133 Thread 0x000001e1edc443b0 DEOPT PACKING pc=0x000001e1de4c50c8 sp=0x000000db24afe9e0
Event: 15.133 Thread 0x000001e1edc443b0 DEOPT UNPACKING pc=0x000001e1dde13aa2 sp=0x000000db24afe970 mode 2

Classes loaded (20 events):
Event: 15.128 Loading class java/nio/file/FileTreeWalker$1
Event: 15.128 Loading class java/nio/file/FileTreeWalker$1 done
Event: 15.128 Loading class java/nio/file/FileTreeWalker$DirectoryNode
Event: 15.128 Loading class java/nio/file/FileTreeWalker$DirectoryNode done
Event: 15.129 Loading class java/nio/file/FileTreeWalker$Event
Event: 15.129 Loading class java/nio/file/FileTreeWalker$Event done
Event: 15.129 Loading class java/nio/file/FileTreeWalker$EventType
Event: 15.129 Loading class java/nio/file/FileTreeWalker$EventType done
Event: 15.129 Loading class java/nio/file/Files$3
Event: 15.129 Loading class java/nio/file/Files$3 done
Event: 15.130 Loading class sun/nio/fs/Globs
Event: 15.130 Loading class sun/nio/fs/Globs done
Event: 15.132 Loading class java/util/regex/Pattern$SliceU
Event: 15.132 Loading class java/util/regex/Pattern$SliceU done
Event: 15.133 Loading class sun/nio/fs/WindowsFileSystem$2
Event: 15.133 Loading class java/nio/file/PathMatcher
Event: 15.133 Loading class java/nio/file/PathMatcher done
Event: 15.133 Loading class sun/nio/fs/WindowsFileSystem$2 done
Event: 15.135 Loading class java/nio/file/FileVisitResult
Event: 15.135 Loading class java/nio/file/FileVisitResult done

Classes unloaded (7 events):
Event: 7.447 Thread 0x000001e1d374d910 Unloading class 0x000001e18119c400 'java/lang/invoke/LambdaForm$MH+0x000001e18119c400'
Event: 7.447 Thread 0x000001e1d374d910 Unloading class 0x000001e18119c000 'java/lang/invoke/LambdaForm$MH+0x000001e18119c000'
Event: 7.447 Thread 0x000001e1d374d910 Unloading class 0x000001e18119bc00 'java/lang/invoke/LambdaForm$MH+0x000001e18119bc00'
Event: 7.447 Thread 0x000001e1d374d910 Unloading class 0x000001e18119b800 'java/lang/invoke/LambdaForm$MH+0x000001e18119b800'
Event: 7.447 Thread 0x000001e1d374d910 Unloading class 0x000001e18119b400 'java/lang/invoke/LambdaForm$BMH+0x000001e18119b400'
Event: 7.447 Thread 0x000001e1d374d910 Unloading class 0x000001e18119b000 'java/lang/invoke/LambdaForm$DMH+0x000001e18119b000'
Event: 7.447 Thread 0x000001e1d374d910 Unloading class 0x000001e181199c00 'java/lang/invoke/LambdaForm$DMH+0x000001e181199c00'

Classes redefined (0 events):
No events

Internal exceptions (20 events):
Event: 15.552 Thread 0x000001e1edc443b0 Exception <a 'sun/nio/fs/WindowsException'{0x00000000ead9dcc0}> (0x00000000ead9dcc0) 
thrown [s\src\hotspot\share\prims\jni.cpp, line 520]
Event: 15.562 Thread 0x000001e1edc443b0 Exception <a 'sun/nio/fs/WindowsException'{0x00000000eada35b0}> (0x00000000eada35b0) 
thrown [s\src\hotspot\share\prims\jni.cpp, line 520]
Event: 15.565 Thread 0x000001e1edc443b0 Exception <a 'sun/nio/fs/WindowsException'{0x00000000eada8f70}> (0x00000000eada8f70) 
thrown [s\src\hotspot\share\prims\jni.cpp, line 520]
Event: 15.577 Thread 0x000001e1edc443b0 Exception <a 'sun/nio/fs/WindowsException'{0x00000000eadaf930}> (0x00000000eadaf930) 
thrown [s\src\hotspot\share\prims\jni.cpp, line 520]
Event: 15.580 Thread 0x000001e1edc443b0 Exception <a 'sun/nio/fs/WindowsException'{0x00000000eadb28d8}> (0x00000000eadb28d8) 
thrown [s\src\hotspot\share\prims\jni.cpp, line 520]
Event: 15.581 Thread 0x000001e1edc443b0 Exception <a 'sun/nio/fs/WindowsException'{0x00000000eadb5cb0}> (0x00000000eadb5cb0) 
thrown [s\src\hotspot\share\prims\jni.cpp, line 520]
Event: 15.582 Thread 0x000001e1edc443b0 Exception <a 'sun/nio/fs/WindowsException'{0x00000000eadb8e68}> (0x00000000eadb8e68) 
thrown [s\src\hotspot\share\prims\jni.cpp, line 520]
Event: 15.583 Thread 0x000001e1edc443b0 Exception <a 'sun/nio/fs/WindowsException'{0x00000000eadbc6c8}> (0x00000000eadbc6c8) 
thrown [s\src\hotspot\share\prims\jni.cpp, line 520]
Event: 15.584 Thread 0x000001e1edc443b0 Exception <a 'sun/nio/fs/WindowsException'{0x00000000eadbfef8}> (0x00000000eadbfef8) 
thrown [s\src\hotspot\share\prims\jni.cpp, line 520]
Event: 15.586 Thread 0x000001e1edc443b0 Exception <a 'sun/nio/fs/WindowsException'{0x00000000eadc3e60}> (0x00000000eadc3e60) 
thrown [s\src\hotspot\share\prims\jni.cpp, line 520]
Event: 15.587 Thread 0x000001e1edc443b0 Exception <a 'sun/nio/fs/WindowsException'{0x00000000eadc7d50}> (0x00000000eadc7d50) 
thrown [s\src\hotspot\share\prims\jni.cpp, line 520]
Event: 15.619 Thread 0x000001e1edc443b0 Exception <a 'sun/nio/fs/WindowsException'{0x00000000eadccb78}> (0x00000000eadccb78) 
thrown [s\src\hotspot\share\prims\jni.cpp, line 520]
Event: 15.622 Thread 0x000001e1edc443b0 Exception <a 'sun/nio/fs/WindowsException'{0x00000000eadd1508}> (0x00000000eadd1508) 
thrown [s\src\hotspot\share\prims\jni.cpp, line 520]
Event: 15.631 Thread 0x000001e1edc443b0 Exception <a 'sun/nio/fs/WindowsException'{0x00000000eadd4ea0}> (0x00000000eadd4ea0) 
thrown [s\src\hotspot\share\prims\jni.cpp, line 520]
Event: 15.632 Thread 0x000001e1edc443b0 Exception <a 'sun/nio/fs/WindowsException'{0x00000000eadd8e18}> (0x00000000eadd8e18) 
thrown [s\src\hotspot\share\prims\jni.cpp, line 520]
Event: 15.636 Thread 0x000001e1edc443b0 Exception <a 'sun/nio/fs/WindowsException'{0x00000000eaddbec8}> (0x00000000eaddbec8) 
thrown [s\src\hotspot\share\prims\jni.cpp, line 520]
Event: 15.637 Thread 0x000001e1edc443b0 Exception <a 'sun/nio/fs/WindowsException'{0x00000000eaddf4c8}> (0x00000000eaddf4c8) 
thrown [s\src\hotspot\share\prims\jni.cpp, line 520]
Event: 15.638 Thread 0x000001e1edc443b0 Exception <a 'sun/nio/fs/WindowsException'{0x00000000eade3078}> (0x00000000eade3078) 
thrown [s\src\hotspot\share\prims\jni.cpp, line 520]
Event: 15.643 Thread 0x000001e1edc443b0 Exception <a 'sun/nio/fs/WindowsException'{0x00000000eade6be8}> (0x00000000eade6be8) 
thrown [s\src\hotspot\share\prims\jni.cpp, line 520]
Event: 15.645 Thread 0x000001e1edc443b0 Exception <a 'sun/nio/fs/WindowsException'{0x00000000eadead10}> (0x00000000eadead10) 
thrown [s\src\hotspot\share\prims\jni.cpp, line 520]

ZGC Phase Switch (0 events):
No events

VM Operations (20 events):
Event: 11.314 Executing VM operation: ParallelGCFailedAllocation (Allocation Failure)
Event: 11.317 Executing VM operation: ParallelGCFailedAllocation (Allocation Failure) done
Event: 11.433 Executing VM operation: HandshakeAllThreads (Deoptimize)
Event: 11.436 Executing VM operation: HandshakeAllThreads (Deoptimize) done
Event: 11.920 Executing VM operation: ParallelGCFailedAllocation (Allocation Failure)
Event: 11.927 Executing VM operation: ParallelGCFailedAllocation (Allocation Failure) done
Event: 12.204 Executing VM operation: HandshakeAllThreads (Deoptimize)
Event: 12.207 Executing VM operation: HandshakeAllThreads (Deoptimize) done
Event: 13.179 Executing VM operation: ICBufferFull
Event: 13.179 Executing VM operation: ICBufferFull done
Event: 13.865 Executing VM operation: ParallelGCFailedAllocation (Allocation Failure)
Event: 13.870 Executing VM operation: ParallelGCFailedAllocation (Allocation Failure) done
Event: 13.950 Executing VM operation: HandshakeAllThreads (Deoptimize)
Event: 13.951 Executing VM operation: HandshakeAllThreads (Deoptimize) done
Event: 13.952 Executing VM operation: HandshakeAllThreads (Deoptimize)
Event: 13.952 Executing VM operation: HandshakeAllThreads (Deoptimize) done
Event: 14.795 Executing VM operation: HandshakeAllThreads (Deoptimize)
Event: 14.795 Executing VM operation: HandshakeAllThreads (Deoptimize) done
Event: 15.018 Executing VM operation: ParallelGCFailedAllocation (Allocation Failure)
Event: 15.027 Executing VM operation: ParallelGCFailedAllocation (Allocation Failure) done

Memory protections (0 events):
No events

Nmethod flushes (20 events):
Event: 10.925 Thread 0x000001e1d374d910 flushing  nmethod 0x000001e1d6edc390
Event: 10.925 Thread 0x000001e1d374d910 flushing  nmethod 0x000001e1d6edd810
Event: 10.925 Thread 0x000001e1d374d910 flushing  nmethod 0x000001e1d6ede110
Event: 10.925 Thread 0x000001e1d374d910 flushing  nmethod 0x000001e1d6ee0090
Event: 10.925 Thread 0x000001e1d374d910 flushing  nmethod 0x000001e1d6ee0810
Event: 10.925 Thread 0x000001e1d374d910 flushing  nmethod 0x000001e1d6ee1d90
Event: 10.925 Thread 0x000001e1d374d910 flushing  nmethod 0x000001e1d6ee2290
Event: 10.925 Thread 0x000001e1d374d910 flushing  nmethod 0x000001e1d6ee2b90
Event: 10.925 Thread 0x000001e1d374d910 flushing  nmethod 0x000001e1d6ee4090
Event: 10.925 Thread 0x000001e1d374d910 flushing  nmethod 0x000001e1d6ee4a90
Event: 10.925 Thread 0x000001e1d374d910 flushing  nmethod 0x000001e1d6ee4d90
Event: 10.925 Thread 0x000001e1d374d910 flushing  nmethod 0x000001e1d6eef510
Event: 10.925 Thread 0x000001e1d374d910 flushing  nmethod 0x000001e1d6ef0910
Event: 10.925 Thread 0x000001e1d374d910 flushing  nmethod 0x000001e1d6f2b790
Event: 10.925 Thread 0x000001e1d374d910 flushing  nmethod 0x000001e1d6f2be90
Event: 10.925 Thread 0x000001e1d374d910 flushing  nmethod 0x000001e1d6f84c90
Event: 10.925 Thread 0x000001e1d374d910 flushing  nmethod 0x000001e1d6f87790
Event: 10.925 Thread 0x000001e1d374d910 flushing  nmethod 0x000001e1d6f9fe10
Event: 10.925 Thread 0x000001e1d374d910 flushing  nmethod 0x000001e1d6fe2810
Event: 10.925 Thread 0x000001e1d374d910 flushing  nmethod 0x000001e1d6ff5a10

Events (20 events):
Event: 6.936 Thread 0x000001e1ee28d600 Thread exited: 0x000001e1ee28d600
Event: 8.445 Thread 0x000001e1edc46b10 Thread added: 0x000001e1edc43690
Event: 8.566 Thread 0x000001e1edc43690 Thread added: 0x000001e1edc443b0
Event: 9.441 Thread 0x000001e1e79ced80 Thread added: 0x000001e1e8b0e660
Event: 10.011 Thread 0x000001e1ed7e4ca0 Thread added: 0x000001e1edc44a40
Event: 10.827 Thread 0x000001e1edc443b0 Thread added: 0x000001e1ef0b61c0
Event: 11.009 Thread 0x000001e1ef0b61c0 Thread added: 0x000001e1ef0b7570
Event: 11.054 Thread 0x000001e1d3692040 Thread added: 0x000001e1ef0bbda0
Event: 11.055 Thread 0x000001e1d3692040 Thread added: 0x000001e1ef0bd150
Event: 11.055 Thread 0x000001e1d3692040 Thread added: 0x000001e1ef0bb710
Event: 11.055 Thread 0x000001e1d3692040 Thread added: 0x000001e1ef0b7c00
Event: 11.055 Thread 0x000001e1d3692040 Thread added: 0x000001e1ef0bc430
Event: 11.134 Thread 0x000001e1d3692040 Thread added: 0x000001e1ef0bcac0
Event: 11.603 Thread 0x000001e1d3692040 Thread added: 0x000001e1ef0b8290
Event: 11.603 Thread 0x000001e1d3692040 Thread added: 0x000001e1ef0bd7e0
Event: 12.402 Thread 0x000001e1edc43d20 Thread exited: 0x000001e1edc43d20
Event: 14.740 Thread 0x000001e1edc43690 Thread added: 0x000001e1ef0ba9f0
Event: 14.740 Thread 0x000001e1ef0ba9f0 Thread added: 0x000001e1ef0b9cd0
Event: 14.742 Thread 0x000001e1ef0b9cd0 Thread added: 0x000001e1ef0ba360
Event: 14.966 Thread 0x000001e1e8b0e660 Thread exited: 0x000001e1e8b0e660


Dynamic libraries:
0x00007ff73b9f0000 - 0x00007ff73b9fe000 	c:\Users\LENOVO\.vscode\extensions\redhat.java-1.41.1-win32-x64\jre\21.0.6-win32-x86_64\bin\java.exe
0x00007ffac20b0000 - 0x00007ffac22a8000 	C:\Windows\SYSTEM32\ntdll.dll
0x00007ffac07e0000 - 0x00007ffac089d000 	C:\Windows\System32\KERNEL32.DLL
0x00007ffabfaa0000 - 0x00007ffabfd96000 	C:\Windows\System32\KERNELBASE.dll
0x00007ffabfe50000 - 0x00007ffabff50000 	C:\Windows\System32\ucrtbase.dll
0x00007ffab6f30000 - 0x00007ffab6f48000 	c:\Users\LENOVO\.vscode\extensions\redhat.java-1.41.1-win32-x64\jre\21.0.6-win32-x86_64\bin\jli.dll
0x00007ffac03f0000 - 0x00007ffac058f000 	C:\Windows\System32\USER32.dll
0x00007ffabf760000 - 0x00007ffabf782000 	C:\Windows\System32\win32u.dll
0x00007ffac0590000 - 0x00007ffac05bb000 	C:\Windows\System32\GDI32.dll
0x00007ffabf980000 - 0x00007ffabfa97000 	C:\Windows\System32\gdi32full.dll
0x00007ffabf7e0000 - 0x00007ffabf87d000 	C:\Windows\System32\msvcp_win.dll
0x00007ffaaba10000 - 0x00007ffaaba2e000 	c:\Users\LENOVO\.vscode\extensions\redhat.java-1.41.1-win32-x64\jre\21.0.6-win32-x86_64\bin\VCRUNTIME140.dll
0x00007ffaae630000 - 0x00007ffaae8ca000 	C:\Windows\WinSxS\amd64_microsoft.windows.common-controls_6595b64144ccf1df_6.0.19041.4355_none_60b8b9eb71f62e16\COMCTL32.dll
0x00007ffac19b0000 - 0x00007ffac1a4e000 	C:\Windows\System32\msvcrt.dll
0x00007ffac02a0000 - 0x00007ffac02d2000 	C:\Windows\System32\IMM32.DLL
0x00007ffab73e0000 - 0x00007ffab73ec000 	c:\Users\LENOVO\.vscode\extensions\redhat.java-1.41.1-win32-x64\jre\21.0.6-win32-x86_64\bin\vcruntime140_1.dll
0x00007ffa92cd0000 - 0x00007ffa92d5d000 	c:\Users\LENOVO\.vscode\extensions\redhat.java-1.41.1-win32-x64\jre\21.0.6-win32-x86_64\bin\msvcp140.dll
0x00007ffa45c30000 - 0x00007ffa469c0000 	c:\Users\LENOVO\.vscode\extensions\redhat.java-1.41.1-win32-x64\jre\21.0.6-win32-x86_64\bin\server\jvm.dll
0x00007ffac0940000 - 0x00007ffac09f0000 	C:\Windows\System32\ADVAPI32.dll
0x00007ffac08a0000 - 0x00007ffac0940000 	C:\Windows\System32\sechost.dll
0x00007ffac1880000 - 0x00007ffac19a3000 	C:\Windows\System32\RPCRT4.dll
0x00007ffac00b0000 - 0x00007ffac00d7000 	C:\Windows\System32\bcrypt.dll
0x00007ffac05c0000 - 0x00007ffac062b000 	C:\Windows\System32\WS2_32.dll
0x00007ffabec90000 - 0x00007ffabecdb000 	C:\Windows\SYSTEM32\POWRPROF.dll
0x00007ffaad950000 - 0x00007ffaad977000 	C:\Windows\SYSTEM32\WINMM.dll
0x00007ffab70f0000 - 0x00007ffab70fa000 	C:\Windows\SYSTEM32\VERSION.dll
0x00007ffabeb50000 - 0x00007ffabeb62000 	C:\Windows\SYSTEM32\UMPDC.dll
0x00007ffabd5e0000 - 0x00007ffabd5f2000 	C:\Windows\SYSTEM32\kernel.appcore.dll
0x00007ffaaff60000 - 0x00007ffaaff6a000 	c:\Users\LENOVO\.vscode\extensions\redhat.java-1.41.1-win32-x64\jre\21.0.6-win32-x86_64\bin\jimage.dll
0x00007ffaad010000 - 0x00007ffaad1f4000 	C:\Windows\SYSTEM32\DBGHELP.DLL
0x00007ffaa8dc0000 - 0x00007ffaa8df4000 	C:\Windows\SYSTEM32\dbgcore.DLL
0x00007ffabf880000 - 0x00007ffabf902000 	C:\Windows\System32\bcryptPrimitives.dll
0x00007ffaacfe0000 - 0x00007ffaacfef000 	c:\Users\LENOVO\.vscode\extensions\redhat.java-1.41.1-win32-x64\jre\21.0.6-win32-x86_64\bin\instrument.dll
0x00007ffaaa510000 - 0x00007ffaaa52f000 	c:\Users\LENOVO\.vscode\extensions\redhat.java-1.41.1-win32-x64\jre\21.0.6-win32-x86_64\bin\java.dll
0x00007ffac0c90000 - 0x00007ffac13fb000 	C:\Windows\System32\SHELL32.dll
0x00007ffabd7e0000 - 0x00007ffabdf7d000 	C:\Windows\SYSTEM32\windows.storage.dll
0x00007ffac1400000 - 0x00007ffac1753000 	C:\Windows\System32\combase.dll
0x00007ffabf180000 - 0x00007ffabf1ae000 	C:\Windows\SYSTEM32\Wldp.dll
0x00007ffac0710000 - 0x00007ffac07dd000 	C:\Windows\System32\OLEAUT32.dll
0x00007ffac00e0000 - 0x00007ffac018d000 	C:\Windows\System32\SHCORE.dll
0x00007ffac02f0000 - 0x00007ffac0345000 	C:\Windows\System32\shlwapi.dll
0x00007ffabf690000 - 0x00007ffabf6b4000 	C:\Windows\SYSTEM32\profapi.dll
0x00007ffaaa210000 - 0x00007ffaaa228000 	c:\Users\LENOVO\.vscode\extensions\redhat.java-1.41.1-win32-x64\jre\21.0.6-win32-x86_64\bin\zip.dll
0x00007ffaabdc0000 - 0x00007ffaabdd0000 	C:\Users\LENOVO\.vscode\extensions\redhat.java-1.41.1-win32-x64\jre\21.0.6-win32-x86_64\bin\net.dll
0x00007ffab63e0000 - 0x00007ffab64ea000 	C:\Windows\SYSTEM32\WINHTTP.dll
0x00007ffabeee0000 - 0x00007ffabef4a000 	C:\Windows\system32\mswsock.dll
0x00007ffa9d520000 - 0x00007ffa9d536000 	C:\Users\LENOVO\.vscode\extensions\redhat.java-1.41.1-win32-x64\jre\21.0.6-win32-x86_64\bin\nio.dll
0x00007ffaabbe0000 - 0x00007ffaabbf0000 	c:\Users\LENOVO\.vscode\extensions\redhat.java-1.41.1-win32-x64\jre\21.0.6-win32-x86_64\bin\verify.dll
0x00007ffa7e9e0000 - 0x00007ffa7ea25000 	C:\Users\LENOVO\AppData\Roaming\Code\User\globalStorage\redhat.java\1.41.1\config_win\org.eclipse.equinox.launcher\org.eclipse.equinox.launcher.win32.win32.x86_64_1.2.1300.v20250331-1702\eclipse_11911.dll
0x00007ffac0b50000 - 0x00007ffac0c7b000 	C:\Windows\System32\ole32.dll
0x00007ffabf0d0000 - 0x00007ffabf0e8000 	C:\Windows\SYSTEM32\CRYPTSP.dll
0x00007ffabe790000 - 0x00007ffabe7c4000 	C:\Windows\system32\rsaenh.dll
0x00007ffabf640000 - 0x00007ffabf66e000 	C:\Windows\SYSTEM32\USERENV.dll
0x00007ffabf0f0000 - 0x00007ffabf0fc000 	C:\Windows\SYSTEM32\CRYPTBASE.dll
0x00007ffabeb70000 - 0x00007ffabebab000 	C:\Windows\SYSTEM32\IPHLPAPI.DLL
0x00007ffac02e0000 - 0x00007ffac02e8000 	C:\Windows\System32\NSI.dll
0x00007ffa7e530000 - 0x00007ffa7e579000 	C:\Users\LENOVO\AppData\Local\Temp\jna--2053026509\jna13080476369450179247.dll
0x00007ffac0350000 - 0x00007ffac0358000 	C:\Windows\System32\PSAPI.DLL
0x00007ffab8120000 - 0x00007ffab8137000 	C:\Windows\SYSTEM32\dhcpcsvc6.DLL
0x00007ffab8100000 - 0x00007ffab811d000 	C:\Windows\SYSTEM32\dhcpcsvc.DLL

dbghelp: loaded successfully - version: 4.0.5 - missing functions: none
symbol engine: initialized successfully - sym options: 0x614 - pdb path: .;c:\Users\LENOVO\.vscode\extensions\redhat.java-1.41.1-win32-x64\jre\21.0.6-win32-x86_64\bin;C:\Windows\SYSTEM32;C:\Windows\WinSxS\amd64_microsoft.windows.common-controls_6595b64144ccf1df_6.0.19041.4355_none_60b8b9eb71f62e16;c:\Users\LENOVO\.vscode\extensions\redhat.java-1.41.1-win32-x64\jre\21.0.6-win32-x86_64\bin\server;C:\Users\LENOVO\AppData\Roaming\Code\User\globalStorage\redhat.java\1.41.1\config_win\org.eclipse.equinox.launcher\org.eclipse.equinox.launcher.win32.win32.x86_64_1.2.1300.v20250331-1702;C:\Users\LENOVO\AppData\Local\Temp\jna--2053026509

VM Arguments:
jvm_args: --add-modules=ALL-SYSTEM --add-opens=java.base/java.util=ALL-UNNAMED --add-opens=java.base/java.lang=ALL-UNNAMED --add-opens=java.base/sun.nio.fs=ALL-UNNAMED -Declipse.application=org.eclipse.jdt.ls.core.id1 -Dosgi.bundles.defaultStartLevel=4 -Declipse.product=org.eclipse.jdt.ls.core.product -Djava.import.generatesMetadataFilesAtProjectRoot=false -DDetectVMInstallationsJob.disabled=true -Dfile.encoding=utf8 -XX:+UseParallelGC -XX:GCTimeRatio=4 -XX:AdaptiveSizePolicyWeight=90 -Dsun.zip.disableMemoryMapping=true -Xmx1G -Xms100m -Xlog:disable -javaagent:c:\Users\LENOVO\.vscode\extensions\redhat.java-1.41.1-win32-x64\lombok\lombok-1.18.36.jar -XX:+HeapDumpOnOutOfMemoryError -XX:HeapDumpPath=c:\Users\LENOVO\AppData\Roaming\Code\User\workspaceStorage\14765b6246f313c07015f62cdf2ff0f9\redhat.java -Daether.dependencyCollector.impl=bf 
java_command: c:\Users\LENOVO\.vscode\extensions\redhat.java-1.41.1-win32-x64\server\plugins\org.eclipse.equinox.launcher_1.7.0.v20250331-1702.jar -configuration c:\Users\LENOVO\AppData\Roaming\Code\User\globalStorage\redhat.java\1.41.1\config_win -data c:\Users\LENOVO\AppData\Roaming\Code\User\workspaceStorage\14765b6246f313c07015f62cdf2ff0f9\redhat.java\jdt_ws --pipe=\\.\pipe\lsp-767ce17e071561f00b510c8a5041c141-sock
java_class_path (initial): c:\Users\LENOVO\.vscode\extensions\redhat.java-1.41.1-win32-x64\server\plugins\org.eclipse.equinox.launcher_1.7.0.v20250331-1702.jar
Launcher Type: SUN_STANDARD

[Global flags]
    uintx AdaptiveSizePolicyWeight                 = 90                                        {product} {command line}
     intx CICompilerCount                          = 3                                         {product} {ergonomic}
    uintx GCTimeRatio                              = 4                                         {product} {command line}
     bool HeapDumpOnOutOfMemoryError               = true                                   {manageable} {command line}
    ccstr HeapDumpPath                             = c:\Users\LENOVO\AppData\Roaming\Code\User\workspaceStorage\14765b6246f313c07015f62cdf2ff0f9\redhat.java         {manageable} {command line}
   size_t InitialHeapSize                          = 104857600                                 {product} {command line}
   size_t MaxHeapSize                              = 1073741824                                {product} {command line}
   size_t MaxNewSize                               = 357564416                                 {product} {ergonomic}
   size_t MinHeapDeltaBytes                        = 524288                                    {product} {ergonomic}
   size_t MinHeapSize                              = 104857600                                 {product} {command line}
   size_t NewSize                                  = 34603008                                  {product} {ergonomic}
    uintx NonNMethodCodeHeapSize                   = 5832780                                {pd product} {ergonomic}
    uintx NonProfiledCodeHeapSize                  = 122912730                              {pd product} {ergonomic}
   size_t OldSize                                  = 70254592                                  {product} {ergonomic}
    uintx ProfiledCodeHeapSize                     = 122912730                              {pd product} {ergonomic}
    uintx ReservedCodeCacheSize                    = 251658240                              {pd product} {ergonomic}
     bool SegmentedCodeCache                       = true                                      {product} {ergonomic}
   size_t SoftMaxHeapSize                          = 1073741824                             {manageable} {ergonomic}
     bool UseCompressedOops                        = true                           {product lp64_product} {ergonomic}
     bool UseLargePagesIndividualAllocation        = false                                  {pd product} {ergonomic}
     bool UseParallelGC                            = true                                      {product} {command line}

Logging:
Log output configuration:
 #0: stdout all=off uptime,level,tags foldmultilines=false
 #1: stderr all=off uptime,level,tags foldmultilines=false

Environment Variables:
JAVA_HOME=C:\Program Files\Java\jdk-24
PATH=C:\Program Files\Common Files\Oracle\Java\javapath;C:\Windows\system32;C:\Windows;C:\Windows\System32\Wbem;C:\Windows\System32\WindowsPowerShell\v1.0\;C:\Windows\System32\OpenSSH\;C:\Program Files (x86)\NVIDIA Corporation\PhysX\Common;C:\Program Files\NVIDIA Corporation\NVIDIA app\NvDLISR;C:\Program Files\Java\jdk-24\bin;C:\javafx-sdk-21.0.6\bin;C:\javafx-sdk-21.0.6;C:\Program Files\maven-mvnd-1.0.2-windows-amd64\bin;C:\Program Files\maven-mvnd-1.0.2-windows-amd64\mvn\bin;C:\Users\LENOVO\AppData\Local\Programs\Python\Launcher\;C:\Users\LENOVO\AppData\Local\Microsoft\WindowsApps;C:\Users\LENOVO\AppData\Local\Programs\Microsoft VS Code\bin;C:\msys64\ucrt64\bin;C:\Users\LENOVO\AppData\Local\Programs\Python\Python312;C:\Users\LENOVO\AppData\Local\Programs\Python\Python312\Scripts;C:\msys64\mingw64\bin;C:\Program Files\Java\jdk-24\bin;E:\afires\java\test\bin;
USERNAME=LENOVO
OS=Windows_NT
PROCESSOR_IDENTIFIER=Intel64 Family 6 Model 78 Stepping 3, GenuineIntel
TMP=C:\Users\LENOVO\AppData\Local\Temp
TEMP=C:\Users\LENOVO\AppData\Local\Temp




Periodic native trim disabled

---------------  S Y S T E M  ---------------

OS:
 Windows 10 , 64 bit Build 19041 (10.0.19041.3636)
OS uptime: 0 days 3:19 hours

CPU: total 4 (initial active 4) (2 cores per cpu, 2 threads per core) family 6 model 78 stepping 3 microcode 0xcc, cx8, cmov, fxsr, ht, mmx, 3dnowpref, sse, sse2, sse3, ssse3, sse4.1, sse4.2, popcnt, lzcnt, tsc, tscinvbit, avx, avx2, aes, erms, clmul, bmi1, bmi2, adx, fma, vzeroupper, clflush, clflushopt, rdtscp, f16c
Processor Information for the first 4 processors :
  Max Mhz: 2400, Current Mhz: 2300, Mhz Limit: 2280

Memory: 4k page, system-wide physical 12167M (4847M free)
TotalPageFile size 12935M (AvailPageFile size 4678M)
current process WorkingSet (physical memory assigned to process): 220M, peak: 222M
current process commit charge ("private bytes"): 295M, peak: 300M

vm_info: OpenJDK 64-Bit Server VM (21.0.6+7-LTS) for windows-amd64 JRE (21.0.6+7-LTS), built on 2025-01-21T00:00:00Z by "admin" with MS VC++ 17.7 (VS2022)

END.
