#
# A fatal error has been detected by the Java Runtime Environment:
#
#  EXCEPTION_ACCESS_VIOLATION (0xc0000005) at pc=0x00007ffa5d684487, pid=9388, tid=7828
#
# JRE version: OpenJDK Runtime Environment Temurin-21.0.6+7 (21.0.6+7) (build 21.0.6+7-LTS)
# Java VM: OpenJDK 64-Bit Server VM Temurin-21.0.6+7 (21.0.6+7-LTS, mixed mode, sharing, tiered, compressed oops, compressed class ptrs, parallel gc, windows-amd64)
# Problematic frame:
# V  [jvm.dll+0x154487]
#
# No core dump will be written. Minidumps are not enabled by default on client versions of Windows
#
# If you would like to submit a bug report, please visit:
#   https://github.com/adoptium/adoptium-support/issues
#

---------------  S U M M A R Y ------------

Command Line: --add-modules=ALL-SYSTEM --add-opens=java.base/java.util=ALL-UNNAMED --add-opens=java.base/java.lang=ALL-UNNAMED --add-opens=java.base/sun.nio.fs=ALL-UNNAMED -Declipse.application=org.eclipse.jdt.ls.core.id1 -Dosgi.bundles.defaultStartLevel=4 -Declipse.product=org.eclipse.jdt.ls.core.product -Djava.import.generatesMetadataFilesAtProjectRoot=false -DDetectVMInstallationsJob.disabled=true -Dfile.encoding=utf8 -XX:+UseParallelGC -XX:GCTimeRatio=4 -XX:AdaptiveSizePolicyWeight=90 -Dsun.zip.disableMemoryMapping=true -Xmx1G -Xms100m -Xlog:disable -javaagent:c:\Users\LENOVO\.vscode\extensions\redhat.java-1.41.1-win32-x64\lombok\lombok-1.18.36.jar -XX:+HeapDumpOnOutOfMemoryError -XX:HeapDumpPath=c:\Users\LENOVO\AppData\Roaming\Code\User\workspaceStorage\14765b6246f313c07015f62cdf2ff0f9\redhat.java -Daether.dependencyCollector.impl=bf c:\Users\LENOVO\.vscode\extensions\redhat.java-1.41.1-win32-x64\server\plugins\org.eclipse.equinox.launcher_1.7.0.v20250331-1702.jar -configuration c:\Users\LENOVO\AppData\Roaming\Code\User\globalStorage\redhat.java\1.41.1\config_win -data c:\Users\LENOVO\AppData\Roaming\Code\User\workspaceStorage\14765b6246f313c07015f62cdf2ff0f9\redhat.java\jdt_ws --pipe=\\.\pipe\lsp-bb7ddc924cb387362860a937fa150ced-sock

Host: Intel(R) Core(TM) i5-6200U CPU @ 2.30GHz, 4 cores, 11G,  Windows 10 , 64 bit Build 19041 (10.0.19041.3636)
Time: Sun Apr 13 10:30:58 2025 SE Asia Standard Time elapsed time: 4.260995 seconds (0d 0h 0m 4s)

---------------  T H R E A D  ---------------

Current thread (0x0000022abe567570):  JavaThread "C1 CompilerThread0" daemon [_thread_in_native, id=7828, stack(0x0000009b9ae00000,0x0000009b9af00000) (1024K)]


Current CompileTask:
C1:4261 2080       3       java.util.stream.AbstractPipeline::wrapSink (37 bytes)

Stack: [0x0000009b9ae00000,0x0000009b9af00000],  sp=0x0000009b9aefe750,  free space=1017k
Native frames: (J=compiled Java code, j=interpreted, Vv=VM code, C=native code)
V  [jvm.dll+0x154487]
V  [jvm.dll+0x25685a]
V  [jvm.dll+0x254dfa]
V  [jvm.dll+0x3f0256]
V  [jvm.dll+0x851f8b]
V  [jvm.dll+0x6cc5ed]
C  [ucrtbase.dll+0x21bb2]
C  [KERNEL32.DLL+0x17344]
C  [ntdll.dll+0x526b1]


siginfo: EXCEPTION_ACCESS_VIOLATION (0xc0000005), reading address 0xffffffffffffffff


Registers:
RAX=0x0000022ab49e6001, RBX=0x0000022abe518720, RCX=0x0000000000000000, RDX=0x0000022ab49e60d0
RSP=0x0000009b9aefe750, RBP=0x0000022abe4f7e18, RSI=0x00bb48fffffffbe9, RDI=0x0000022abe4f7a70
R8 =0x0000000000000003, R9 =0x0000000000000030, R10=0x0000009b9aefe07d, R11=0x0000009b9aefe740
R12=0x0000022abe49a8e0, R13=0x0000009b9aefef20, R14=0x00000000000003d8, R15=0x0000022ab4966190
RIP=0x00007ffa5d684487, EFLAGS=0x0000000000010202

XMM[0]=0x0000022aa7e7eb20 0x00007ffabff3f0b0
XMM[1]=0x0000000000000000 0xffffffffffffffff
XMM[2]=0x0000033e000001e8 0x00000318000000dc
XMM[3]=0xf78ee8ffffffff24 0x04c748082454894c
XMM[4]=0x6de8ffffffff2404 0xc748082454894c00
XMM[5]=0x0000000000000000 0x000000690000037a
XMM[6]=0x0000000000000000 0x0000000000000000
XMM[7]=0x0000000000000000 0x0000000000000000
XMM[8]=0x0000000000000000 0x0000000000000000
XMM[9]=0x0000000000000000 0x0000000000000000
XMM[10]=0x0000000000000000 0x0000000000000000
XMM[11]=0x0000000000000000 0x0000000000000000
XMM[12]=0x0000000000000000 0x0000000000000000
XMM[13]=0x0000000000000000 0x0000000000000000
XMM[14]=0x0000000000000000 0x0000000000000000
XMM[15]=0x0000000000000000 0x0000000000000000
  MXCSR=0x00001fa0


Register to memory mapping:

RAX=0x0000022ab49e6001 is at code_begin+523777 in 
[CodeBlob (0x0000022ab4966190)]
Framesize: 0
BufferBlob (0x0000022ab4966190) used for C1 temporary CodeBuffer
RBX=0x0000022abe518720 points into unknown readable memory: 0x0000000000000007 | 07 00 00 00 00 00 00 00
RCX=0x0 is null
RDX=0x0000022ab49e60d0 is at code_begin+523984 in 
[CodeBlob (0x0000022ab4966190)]
Framesize: 0
BufferBlob (0x0000022ab4966190) used for C1 temporary CodeBuffer
RSP=0x0000009b9aefe750 is pointing into the stack for thread: 0x0000022abe567570
RBP=0x0000022abe4f7e18 points into unknown readable memory: 0x0814da82373fdaf2 | f2 da 3f 37 82 da 14 08
RSI=0x00bb48fffffffbe9 is an unknown value
RDI=0x0000022abe4f7a70 points into unknown readable memory: 0x6b6e695370617277 | 77 72 61 70 53 69 6e 6b
R8 =0x0000000000000003 is an unknown value
R9 =0x0000000000000030 is an unknown value
R10=0x0000009b9aefe07d is pointing into the stack for thread: 0x0000022abe567570
R11=0x0000009b9aefe740 is pointing into the stack for thread: 0x0000022abe567570
R12=0x0000022abe49a8e0 points into unknown readable memory: 0x00007ffa5df20640 | 40 06 f2 5d fa 7f 00 00
R13=0x0000009b9aefef20 is pointing into the stack for thread: 0x0000022abe567570
R14=0x00000000000003d8 is an unknown value
R15=0x0000022ab4966190 is at code_begin+-112 in 
[CodeBlob (0x0000022ab4966190)]
Framesize: 0
BufferBlob (0x0000022ab4966190) used for C1 temporary CodeBuffer

Top of Stack: (sp=0x0000009b9aefe750)
0x0000009b9aefe750:   0000022abe518720 0000022abe518720
0x0000009b9aefe760:   0000022abe4f7e18 0000022abe4f7a30
0x0000009b9aefe770:   0000022bffffffff 0000022ab4966190
0x0000009b9aefe780:   0000022abf33ed01 0000022aa7e89990
0x0000009b9aefe790:   ffffffff052bca01 0000022aa7e89990
0x0000009b9aefe7a0:   0000022b00dff2b0 0000000000000000
0x0000009b9aefe7b0:   0000022abe518720 0000000a00000025
0x0000009b9aefe7c0:   0000022abe49a8e0 0000022aa7e89990
0x0000009b9aefe7d0:   0000009b9aefef20 0000000000000000
0x0000009b9aefe7e0:   0000022b00dff2b0 00007ffaffffffff
0x0000009b9aefe7f0:   0000022b00631960 0000000000000008
0x0000009b9aefe800:   0000022b00774900 0000022b00849670
0x0000009b9aefe810:   0000000100000000 0000022abe567c01
0x0000009b9aefe820:   0000000000000000 0000022abe4f7ad0
0x0000009b9aefe830:   0000022abe4f7a70 0000000800000000
0x0000009b9aefe840:   0000009b9aefef20 0000000200000008
0x0000009b9aefe850:   0000022b00921868 00007ffa5d7188bf
0x0000009b9aefe860:   0000022b008424b0 0000002000000000
0x0000009b9aefe870:   000000000000003b 0000004300000023
0x0000009b9aefe880:   0000037fffffffff 00007ffa5df20680
0x0000009b9aefe890:   0000022ab49e6200 0000000000000000
0x0000009b9aefe8a0:   0000022ab49e6200 0000022ab49f2ed0
0x0000009b9aefe8b0:   0000022b00849660 0000022b00849660
0x0000009b9aefe8c0:   0000022b00849668 0000022ab49e6200
0x0000009b9aefe8d0:   00000000be4f0001 0000022abe4f7a00
0x0000009b9aefe8e0:   0000009b9aefe888 0000022ab4966200
0x0000009b9aefe8f0:   0000000000000000 0000022ab49665a6
0x0000009b9aefe900:   0000022ab49e60b0 0000022b00849508
0x0000009b9aefe910:   0000022b0084954c 0000022b0084965c
0x0000009b9aefe920:   0000022ab49665a1 0000001000000000
0x0000009b9aefe930:   0000000000000001 0000009b9aefe888
0x0000009b9aefe940:   0000022ab49e60d0 0000000000000000 

Instructions: (pc=0x00007ffa5d684487)
0x00007ffa5d684387:   00 00 48 8d 0d 70 c2 89 00 e8 5b b2 12 00 cc cc
0x00007ffa5d684397:   cc cc cc cc cc cc cc cc cc 40 53 55 56 57 41 54
0x00007ffa5d6843a7:   41 55 41 56 41 57 48 81 ec 28 03 00 00 48 8b 05
0x00007ffa5d6843b7:   ad 0e b0 00 48 33 c4 48 89 84 24 10 03 00 00 0f
0x00007ffa5d6843c7:   b6 84 24 90 03 00 00 4c 8b e1 8b 0d 11 9e b8 00
0x00007ffa5d6843d7:   4c 8b ea 88 44 24 40 48 8b 84 24 98 03 00 00 48
0x00007ffa5d6843e7:   89 44 24 48 65 48 8b 04 25 58 00 00 00 bf 70 00
0x00007ffa5d6843f7:   00 00 44 89 4c 24 44 4c 89 44 24 50 48 8b 1c c8
0x00007ffa5d684407:   80 3c 1f 00 75 05 e8 9e 2b 7f 00 80 3c 1f 00 be
0x00007ffa5d684417:   20 00 00 00 48 8b 04 1e 4c 8b b8 80 06 00 00 75
0x00007ffa5d684427:   05 e8 83 2b 7f 00 48 8b 04 1e 48 8d 4c 24 60 4c
0x00007ffa5d684437:   8b 4c 24 50 4d 8b c5 49 8b d4 48 8b 98 18 03 00
0x00007ffa5d684447:   00 48 8b 44 24 48 48 89 44 24 38 0f b6 44 24 40
0x00007ffa5d684457:   48 8b 73 10 48 8b 7b 18 48 8b 6b 20 4c 8b 73 28
0x00007ffa5d684467:   88 44 24 30 8b 44 24 44 4c 89 7c 24 28 89 44 24
0x00007ffa5d684477:   20 e8 83 e0 ff ff 48 8d 4c 24 60 e8 b9 e5 ff ff
0x00007ffa5d684487:   48 83 3e 00 74 13 49 8b d6 48 8b cb e8 a8 12 f7
0x00007ffa5d684497:   ff 48 8b ce e8 80 12 f7 ff 48 39 7b 18 74 0c 48
0x00007ffa5d6844a7:   89 73 10 48 89 7b 18 48 89 6b 20 48 8b 8c 24 10
0x00007ffa5d6844b7:   03 00 00 48 33 cc e8 8e 2b 7f 00 48 81 c4 28 03
0x00007ffa5d6844c7:   00 00 41 5f 41 5e 41 5d 41 5c 5f 5e 5d 5b c3 cc
0x00007ffa5d6844d7:   cc cc cc cc cc cc cc cc cc 48 89 5c 24 10 48 89
0x00007ffa5d6844e7:   74 24 18 48 89 7c 24 20 41 57 48 83 ec 20 48 8b
0x00007ffa5d6844f7:   d9 ba cc cc 08 00 48 8d 0d 7c c1 89 00 e8 f7 71
0x00007ffa5d684507:   0d 00 41 bf 70 00 00 00 48 8b f8 48 85 c0 74 3e
0x00007ffa5d684517:   44 8b 05 ca 9c b8 00 65 48 8b 14 25 58 00 00 00
0x00007ffa5d684527:   48 89 6c 24 30 4a 8b 2c c2 41 80 3c 2f 00 75 05
0x00007ffa5d684537:   e8 74 2a 7f 00 b8 20 00 00 00 8b f0 48 8b 04 28
0x00007ffa5d684547:   48 8b 6c 24 30 48 89 b8 80 06 00 00 eb 05 be 20
0x00007ffa5d684557:   00 00 00 48 8b cb e8 6e 46 eb ff 84 c0 74 5a 48
0x00007ffa5d684567:   85 ff 75 05 8d 57 03 eb 48 8b 0d 72 9c b8 00 65
0x00007ffa5d684577:   48 8b 04 25 58 00 00 00 48 8b 3c c8 42 80 3c 3f 


Stack slot to memory mapping:

stack at sp + 0 slots: 0x0000022abe518720 points into unknown readable memory: 0x0000000000000007 | 07 00 00 00 00 00 00 00
stack at sp + 1 slots: 0x0000022abe518720 points into unknown readable memory: 0x0000000000000007 | 07 00 00 00 00 00 00 00
stack at sp + 2 slots: 0x0000022abe4f7e18 points into unknown readable memory: 0x0814da82373fdaf2 | f2 da 3f 37 82 da 14 08
stack at sp + 3 slots: 0x0000022abe4f7a30 points into unknown readable memory: 0x0000022b0062e060 | 60 e0 62 00 2b 02 00 00
stack at sp + 4 slots: 0x0000022bffffffff is an unknown value
stack at sp + 5 slots: 0x0000022ab4966190 is at code_begin+-112 in 
[CodeBlob (0x0000022ab4966190)]
Framesize: 0
BufferBlob (0x0000022ab4966190) used for C1 temporary CodeBuffer
stack at sp + 6 slots: 0x0000022abf33ed01 is pointing into metadata
stack at sp + 7 slots: 0x0000022aa7e89990 points into unknown readable memory: 0x0000000000000000 | 00 00 00 00 00 00 00 00


---------------  P R O C E S S  ---------------

Threads class SMR info:
_java_thread_list=0x0000022b0520a870, length=16, elements={
0x0000022aaa1c2040, 0x0000022abe4e86c0, 0x0000022abe4e9f20, 0x0000022abe4eae30,
0x0000022abe4ec730, 0x0000022abe4ed640, 0x0000022abe4f11b0, 0x0000022abe4f21b0,
0x0000022abe567570, 0x0000022b003660d0, 0x0000022b005a0e30, 0x0000022b006f9a70,
0x0000022b05193aa0, 0x0000022b00c434a0, 0x0000022b00aeec50, 0x0000022b009a6860
}

Java Threads: ( => current thread )
  0x0000022aaa1c2040 JavaThread "main"                              [_thread_blocked, id=4076, stack(0x0000009b9a300000,0x0000009b9a400000) (1024K)]
  0x0000022abe4e86c0 JavaThread "Reference Handler"          daemon [_thread_blocked, id=1376, stack(0x0000009b9a700000,0x0000009b9a800000) (1024K)]
  0x0000022abe4e9f20 JavaThread "Finalizer"                  daemon [_thread_blocked, id=12904, stack(0x0000009b9a800000,0x0000009b9a900000) (1024K)]
  0x0000022abe4eae30 JavaThread "Signal Dispatcher"          daemon [_thread_blocked, id=13004, stack(0x0000009b9a900000,0x0000009b9aa00000) (1024K)]
  0x0000022abe4ec730 JavaThread "Attach Listener"            daemon [_thread_blocked, id=11172, stack(0x0000009b9aa00000,0x0000009b9ab00000) (1024K)]
  0x0000022abe4ed640 JavaThread "Service Thread"             daemon [_thread_blocked, id=1512, stack(0x0000009b9ab00000,0x0000009b9ac00000) (1024K)]
  0x0000022abe4f11b0 JavaThread "Monitor Deflation Thread"   daemon [_thread_blocked, id=1620, stack(0x0000009b9ac00000,0x0000009b9ad00000) (1024K)]
  0x0000022abe4f21b0 JavaThread "C2 CompilerThread0"         daemon [_thread_in_native, id=9640, stack(0x0000009b9ad00000,0x0000009b9ae00000) (1024K)]
=>0x0000022abe567570 JavaThread "C1 CompilerThread0"         daemon [_thread_in_native, id=7828, stack(0x0000009b9ae00000,0x0000009b9af00000) (1024K)]
  0x0000022b003660d0 JavaThread "Common-Cleaner"             daemon [_thread_blocked, id=10720, stack(0x0000009b9af00000,0x0000009b9b000000) (1024K)]
  0x0000022b005a0e30 JavaThread "Notification Thread"        daemon [_thread_blocked, id=6176, stack(0x0000009b9b000000,0x0000009b9b100000) (1024K)]
  0x0000022b006f9a70 JavaThread "C2 CompilerThread1"         daemon [_thread_blocked, id=11204, stack(0x0000009b9b100000,0x0000009b9b200000) (1024K)]
  0x0000022b05193aa0 JavaThread "Active Thread: Equinox Container: 38a1cd4b-f669-4b1e-90cf-6ae02859fec5"        [_thread_blocked, id=12756, stack(0x0000009b9b500000,0x0000009b9b600000) (1024K)]
  0x0000022b00c434a0 JavaThread "Refresh Thread: Equinox Container: 38a1cd4b-f669-4b1e-90cf-6ae02859fec5" daemon [_thread_blocked, id=7224, stack(0x0000009b9b600000,0x0000009b9b700000) (1024K)]
  0x0000022b00aeec50 JavaThread "Framework Event Dispatcher: Equinox Container: 38a1cd4b-f669-4b1e-90cf-6ae02859fec5" daemon [_thread_blocked, id=7216, stack(0x0000009b9b700000,0x0000009b9b800000) (1024K)]
  0x0000022b009a6860 JavaThread "Start Level: Equinox Container: 38a1cd4b-f669-4b1e-90cf-6ae02859fec5" daemon [_thread_in_vm, id=4496, stack(0x0000009b9b800000,0x0000009b9b900000) (1024K)]
Total: 16

Other Threads:
  0x0000022aaa27d8e0 VMThread "VM Thread"                           [id=13284, stack(0x0000009b9a600000,0x0000009b9a700000) (1024K)]
  0x0000022aaa22c8e0 WatcherThread "VM Periodic Task Thread"        [id=2288, stack(0x0000009b9a500000,0x0000009b9a600000) (1024K)]
  0x0000022aaa1dfd20 WorkerThread "GC Thread#0"                     [id=10608, stack(0x0000009b9a400000,0x0000009b9a500000) (1024K)]
  0x0000022b005e9f10 WorkerThread "GC Thread#1"                     [id=11464, stack(0x0000009b9b200000,0x0000009b9b300000) (1024K)]
  0x0000022b005ea2b0 WorkerThread "GC Thread#2"                     [id=4844, stack(0x0000009b9b300000,0x0000009b9b400000) (1024K)]
  0x0000022b00dbec90 WorkerThread "GC Thread#3"                     [id=2776, stack(0x0000009b9b400000,0x0000009b9b500000) (1024K)]
Total: 6

Threads with active compile tasks:
C2 CompilerThread0  4372 2085       4       org.eclipse.osgi.util.ManifestElement::readLine (122 bytes)
C1 CompilerThread0  4372 2080       3       java.util.stream.AbstractPipeline::wrapSink (37 bytes)
Total: 2

VM state: not at safepoint (normal execution)

VM Mutex/Monitor currently owned by a thread: None

Heap address: 0x00000000c0000000, size: 1024 MB, Compressed Oops mode: 32-bit

CDS archive(s) mapped at: [0x0000022abf000000-0x0000022abfba0000-0x0000022abfba0000), size 12189696, SharedBaseAddress: 0x0000022abf000000, ArchiveRelocationMode: 1.
Compressed class space mapped at: 0x0000022ac0000000-0x0000022b00000000, reserved size: 1073741824
Narrow klass base: 0x0000022abf000000, Narrow klass shift: 0, Narrow klass range: 0x100000000

GC Precious Log:
 CardTable entry size: 512
 CPUs: 4 total, 4 available
 Memory: 12167M
 Large Page Support: Disabled
 NUMA Support: Disabled
 Compressed Oops: Enabled (32-bit)
 Alignments: Space 512K, Generation 512K, Heap 2M
 Heap Min Capacity: 100M
 Heap Initial Capacity: 100M
 Heap Max Capacity: 1G
 Pre-touch: Disabled
 Parallel Workers: 4

Heap:
 PSYoungGen      total 29696K, used 21893K [0x00000000eab00000, 0x00000000ecc00000, 0x0000000100000000)
  eden space 25600K, 69% used [0x00000000eab00000,0x00000000ebc64550,0x00000000ec400000)
  from space 4096K, 99% used [0x00000000ec800000,0x00000000ecbfd168,0x00000000ecc00000)
  to   space 4096K, 0% used [0x00000000ec400000,0x00000000ec400000,0x00000000ec800000)
 ParOldGen       total 68608K, used 1456K [0x00000000c0000000, 0x00000000c4300000, 0x00000000eab00000)
  object space 68608K, 2% used [0x00000000c0000000,0x00000000c016c1b0,0x00000000c4300000)
 Metaspace       used 9089K, committed 9408K, reserved 1114112K
  class space    used 919K, committed 1088K, reserved 1048576K

Card table byte_map: [0x0000022aa9b80000,0x0000022aa9d90000] _byte_map_base: 0x0000022aa9580000

Marking Bits: (ParMarkBitMap*) 0x00007ffa5e1e3260
 Begin Bits: [0x0000022abc3c0000, 0x0000022abd3c0000)
 End Bits:   [0x0000022abd3c0000, 0x0000022abe3c0000)

Polling page: 0x0000022aa80c0000

Metaspace:

Usage:
  Non-class:      7.98 MB used.
      Class:    919.83 KB used.
       Both:      8.88 MB used.

Virtual space:
  Non-class space:       64.00 MB reserved,       8.12 MB ( 13%) committed,  1 nodes.
      Class space:        1.00 GB reserved,       1.06 MB ( <1%) committed,  1 nodes.
             Both:        1.06 GB reserved,       9.19 MB ( <1%) committed. 

Chunk freelists:
   Non-Class:  6.94 MB
       Class:  14.85 MB
        Both:  21.78 MB

MaxMetaspaceSize: unlimited
CompressedClassSpaceSize: 1.00 GB
Initial GC threshold: 21.00 MB
Current GC threshold: 21.00 MB
CDS: on
 - commit_granule_bytes: 65536.
 - commit_granule_words: 8192.
 - virtual_space_node_default_size: 8388608.
 - enlarge_chunks_in_place: 1.
 - use_allocation_guard: 0.


Internal statistics:

num_allocs_failed_limit: 0.
num_arena_births: 250.
num_arena_deaths: 0.
num_vsnodes_births: 2.
num_vsnodes_deaths: 0.
num_space_committed: 147.
num_space_uncommitted: 0.
num_chunks_returned_to_freelist: 0.
num_chunks_taken_from_freelist: 473.
num_chunk_merges: 0.
num_chunk_splits: 315.
num_chunks_enlarged: 212.
num_inconsistent_stats: 0.

CodeHeap 'non-profiled nmethods': size=120000Kb used=961Kb max_used=961Kb free=119038Kb
 bounds [0x0000022ab4e90000, 0x0000022ab5100000, 0x0000022abc3c0000]
CodeHeap 'profiled nmethods': size=120000Kb used=3812Kb max_used=3812Kb free=116187Kb
 bounds [0x0000022aad3c0000, 0x0000022aad780000, 0x0000022ab48f0000]
CodeHeap 'non-nmethods': size=5760Kb used=1227Kb max_used=1262Kb free=4532Kb
 bounds [0x0000022ab48f0000, 0x0000022ab4b60000, 0x0000022ab4e90000]
 total_blobs=2572 nmethods=2079 adapters=399
 compilation: enabled
              stopped_count=0, restarted_count=0
 full_count=0

Compilation events (20 events):
Event: 4.238 Thread 0x0000022abe567570 2071       3       java.util.concurrent.ConcurrentHashMap$EntryIterator::next (5 bytes)
Event: 4.238 Thread 0x0000022abe567570 nmethod 2071 0x0000022aad775010 code [0x0000022aad7751c0, 0x0000022aad7752f8]
Event: 4.238 Thread 0x0000022abe567570 2072       3       java.util.concurrent.ConcurrentHashMap$EntryIterator::next (51 bytes)
Event: 4.238 Thread 0x0000022abe567570 nmethod 2072 0x0000022aad775390 code [0x0000022aad775560, 0x0000022aad775960]
Event: 4.239 Thread 0x0000022abe567570 2073       1       org.eclipse.osgi.internal.hookregistry.ClassLoaderHook::addClassPathEntry (2 bytes)
Event: 4.239 Thread 0x0000022abe567570 nmethod 2073 0x0000022ab4f78890 code [0x0000022ab4f78a20, 0x0000022ab4f78ae8]
Event: 4.239 Thread 0x0000022abe567570 2074       3       jdk.internal.misc.Unsafe::getLong (7 bytes)
Event: 4.239 Thread 0x0000022abe567570 nmethod 2074 0x0000022aad775b10 code [0x0000022aad775ca0, 0x0000022aad775dc0]
Event: 4.240 Thread 0x0000022abe567570 2075       3       java.nio.ByteBuffer::arrayOffset (35 bytes)
Event: 4.241 Thread 0x0000022abe567570 nmethod 2075 0x0000022aad775e90 code [0x0000022aad776060, 0x0000022aad776318]
Event: 4.242 Thread 0x0000022abe567570 2076       3       java.util.stream.ReferencePipeline$StatelessOp::<init> (29 bytes)
Event: 4.242 Thread 0x0000022abe567570 nmethod 2076 0x0000022aad776410 code [0x0000022aad7765c0, 0x0000022aad776778]
Event: 4.243 Thread 0x0000022abe567570 2077       3       java.util.stream.Sink$ChainedReference::<init> (16 bytes)
Event: 4.243 Thread 0x0000022abe567570 nmethod 2077 0x0000022aad776890 code [0x0000022aad776a60, 0x0000022aad776e50]
Event: 4.243 Thread 0x0000022abe567570 2078       3       java.util.stream.Sink$ChainedReference::end (10 bytes)
Event: 4.243 Thread 0x0000022abe567570 nmethod 2078 0x0000022aad776f90 code [0x0000022aad777140, 0x0000022aad777318]
Event: 4.245 Thread 0x0000022abe567570 2079       3       java.util.stream.AbstractPipeline::sourceSpliterator (265 bytes)
Event: 4.246 Thread 0x0000022abe567570 nmethod 2079 0x0000022aad777410 code [0x0000022aad7776a0, 0x0000022aad778530]
Event: 4.251 Thread 0x0000022abe567570 2080       3       java.util.stream.AbstractPipeline::wrapSink (37 bytes)
Event: 4.251 Thread 0x0000022abe567570 nmethod 2080 0x0000022aad778a90 code [0x0000022aad778c60, 0x0000022aad779060]

GC Heap History (4 events):
Event: 2.588 GC heap before
{Heap before GC invocations=1 (full 0):
 PSYoungGen      total 29696K, used 25600K [0x00000000eab00000, 0x00000000ecc00000, 0x0000000100000000)
  eden space 25600K, 100% used [0x00000000eab00000,0x00000000ec400000,0x00000000ec400000)
  from space 4096K, 0% used [0x00000000ec800000,0x00000000ec800000,0x00000000ecc00000)
  to   space 4096K, 0% used [0x00000000ec400000,0x00000000ec400000,0x00000000ec800000)
 ParOldGen       total 68608K, used 0K [0x00000000c0000000, 0x00000000c4300000, 0x00000000eab00000)
  object space 68608K, 0% used [0x00000000c0000000,0x00000000c0000000,0x00000000c4300000)
 Metaspace       used 4365K, committed 4608K, reserved 1114112K
  class space    used 440K, committed 512K, reserved 1048576K
}
Event: 2.598 GC heap after
{Heap after GC invocations=1 (full 0):
 PSYoungGen      total 29696K, used 3205K [0x00000000eab00000, 0x00000000ecc00000, 0x0000000100000000)
  eden space 25600K, 0% used [0x00000000eab00000,0x00000000eab00000,0x00000000ec400000)
  from space 4096K, 78% used [0x00000000ec400000,0x00000000ec7217f0,0x00000000ec800000)
  to   space 4096K, 0% used [0x00000000ec800000,0x00000000ec800000,0x00000000ecc00000)
 ParOldGen       total 68608K, used 16K [0x00000000c0000000, 0x00000000c4300000, 0x00000000eab00000)
  object space 68608K, 0% used [0x00000000c0000000,0x00000000c0004000,0x00000000c4300000)
 Metaspace       used 4365K, committed 4608K, reserved 1114112K
  class space    used 440K, committed 512K, reserved 1048576K
}
Event: 3.703 GC heap before
{Heap before GC invocations=2 (full 0):
 PSYoungGen      total 29696K, used 28805K [0x00000000eab00000, 0x00000000ecc00000, 0x0000000100000000)
  eden space 25600K, 100% used [0x00000000eab00000,0x00000000ec400000,0x00000000ec400000)
  from space 4096K, 78% used [0x00000000ec400000,0x00000000ec7217f0,0x00000000ec800000)
  to   space 4096K, 0% used [0x00000000ec800000,0x00000000ec800000,0x00000000ecc00000)
 ParOldGen       total 68608K, used 16K [0x00000000c0000000, 0x00000000c4300000, 0x00000000eab00000)
  object space 68608K, 0% used [0x00000000c0000000,0x00000000c0004000,0x00000000c4300000)
 Metaspace       used 8051K, committed 8384K, reserved 1114112K
  class space    used 797K, committed 960K, reserved 1048576K
}
Event: 3.710 GC heap after
{Heap after GC invocations=2 (full 0):
 PSYoungGen      total 29696K, used 4084K [0x00000000eab00000, 0x00000000ecc00000, 0x0000000100000000)
  eden space 25600K, 0% used [0x00000000eab00000,0x00000000eab00000,0x00000000ec400000)
  from space 4096K, 99% used [0x00000000ec800000,0x00000000ecbfd168,0x00000000ecc00000)
  to   space 4096K, 0% used [0x00000000ec400000,0x00000000ec400000,0x00000000ec800000)
 ParOldGen       total 68608K, used 1456K [0x00000000c0000000, 0x00000000c4300000, 0x00000000eab00000)
  object space 68608K, 2% used [0x00000000c0000000,0x00000000c016c1b0,0x00000000c4300000)
 Metaspace       used 8051K, committed 8384K, reserved 1114112K
  class space    used 797K, committed 960K, reserved 1048576K
}

Dll operation events (9 events):
Event: 0.054 Loaded shared library c:\Users\LENOVO\.vscode\extensions\redhat.java-1.41.1-win32-x64\jre\21.0.6-win32-x86_64\bin\java.dll
Event: 0.497 Loaded shared library c:\Users\LENOVO\.vscode\extensions\redhat.java-1.41.1-win32-x64\jre\21.0.6-win32-x86_64\bin\zip.dll
Event: 0.581 Loaded shared library C:\Users\LENOVO\.vscode\extensions\redhat.java-1.41.1-win32-x64\jre\21.0.6-win32-x86_64\bin\instrument.dll
Event: 0.588 Loaded shared library C:\Users\LENOVO\.vscode\extensions\redhat.java-1.41.1-win32-x64\jre\21.0.6-win32-x86_64\bin\net.dll
Event: 0.615 Loaded shared library C:\Users\LENOVO\.vscode\extensions\redhat.java-1.41.1-win32-x64\jre\21.0.6-win32-x86_64\bin\nio.dll
Event: 0.641 Loaded shared library C:\Users\LENOVO\.vscode\extensions\redhat.java-1.41.1-win32-x64\jre\21.0.6-win32-x86_64\bin\zip.dll
Event: 0.774 Loaded shared library C:\Users\LENOVO\.vscode\extensions\redhat.java-1.41.1-win32-x64\jre\21.0.6-win32-x86_64\bin\jimage.dll
Event: 1.006 Loaded shared library c:\Users\LENOVO\.vscode\extensions\redhat.java-1.41.1-win32-x64\jre\21.0.6-win32-x86_64\bin\verify.dll
Event: 3.664 Loaded shared library C:\Users\LENOVO\AppData\Roaming\Code\User\globalStorage\redhat.java\1.41.1\config_win\org.eclipse.equinox.launcher\org.eclipse.equinox.launcher.win32.win32.x86_64_1.2.1300.v20250331-1702\eclipse_11911.dll

Deoptimization events (20 events):
Event: 3.814 Thread 0x0000022b009a6860 Uncommon trap: trap_request=0xffffff45 fr.pc=0x0000022ab4f474f0 relative=0x0000000000000e30
Event: 3.814 Thread 0x0000022b009a6860 Uncommon trap: reason=unstable_if action=reinterpret pc=0x0000022ab4f474f0 method=java.lang.String.<init>(Ljava/nio/charset/Charset;[BII)V @ 6 c2
Event: 3.814 Thread 0x0000022b009a6860 DEOPT PACKING pc=0x0000022ab4f474f0 sp=0x0000009b9b8fe100
Event: 3.814 Thread 0x0000022b009a6860 DEOPT UNPACKING pc=0x0000022ab4943aa2 sp=0x0000009b9b8fe0b0 mode 2
Event: 4.010 Thread 0x0000022b009a6860 Uncommon trap: trap_request=0xffffff45 fr.pc=0x0000022ab4f63948 relative=0x0000000000000168
Event: 4.010 Thread 0x0000022b009a6860 Uncommon trap: reason=unstable_if action=reinterpret pc=0x0000022ab4f63948 method=java.util.regex.Pattern$BmpCharPropertyGreedy.match(Ljava/util/regex/Matcher;ILjava/lang/CharSequence;)Z @ 12 c2
Event: 4.011 Thread 0x0000022b009a6860 DEOPT PACKING pc=0x0000022ab4f63948 sp=0x0000009b9b8fd7b0
Event: 4.011 Thread 0x0000022b009a6860 DEOPT UNPACKING pc=0x0000022ab4943aa2 sp=0x0000009b9b8fd748 mode 2
Event: 4.022 Thread 0x0000022b009a6860 Uncommon trap: trap_request=0xffffff45 fr.pc=0x0000022ab4ecb474 relative=0x0000000000000054
Event: 4.022 Thread 0x0000022b009a6860 Uncommon trap: reason=unstable_if action=reinterpret pc=0x0000022ab4ecb474 method=java.lang.CharacterData.of(I)Ljava/lang/CharacterData; @ 4 c2
Event: 4.022 Thread 0x0000022b009a6860 DEOPT PACKING pc=0x0000022ab4ecb474 sp=0x0000009b9b8fdb30
Event: 4.022 Thread 0x0000022b009a6860 DEOPT UNPACKING pc=0x0000022ab4943aa2 sp=0x0000009b9b8fdac8 mode 2
Event: 4.040 Thread 0x0000022b009a6860 Uncommon trap: trap_request=0xffffff45 fr.pc=0x0000022ab4f65114 relative=0x00000000000006d4
Event: 4.040 Thread 0x0000022b009a6860 Uncommon trap: reason=unstable_if action=reinterpret pc=0x0000022ab4f65114 method=java.util.regex.Matcher.search(I)Z @ 30 c2
Event: 4.040 Thread 0x0000022b009a6860 DEOPT PACKING pc=0x0000022ab4f65114 sp=0x0000009b9b8fe140
Event: 4.040 Thread 0x0000022b009a6860 DEOPT UNPACKING pc=0x0000022ab4943aa2 sp=0x0000009b9b8fe130 mode 2
Event: 4.055 Thread 0x0000022b009a6860 Uncommon trap: trap_request=0xffffff45 fr.pc=0x0000022ab4f3fa78 relative=0x0000000000000a18
Event: 4.055 Thread 0x0000022b009a6860 Uncommon trap: reason=unstable_if action=reinterpret pc=0x0000022ab4f3fa78 method=java.util.concurrent.ConcurrentHashMap.putVal(Ljava/lang/Object;Ljava/lang/Object;Z)Ljava/lang/Object; @ 148 c2
Event: 4.055 Thread 0x0000022b009a6860 DEOPT PACKING pc=0x0000022ab4f3fa78 sp=0x0000009b9b8fe7e0
Event: 4.055 Thread 0x0000022b009a6860 DEOPT UNPACKING pc=0x0000022ab4943aa2 sp=0x0000009b9b8fe750 mode 2

Classes loaded (20 events):
Event: 3.976 Loading class sun/util/logging/resources/logging_en_ID
Event: 3.976 Loading class sun/util/logging/resources/logging_en_ID done
Event: 3.980 Loading class java/util/Formatter$DateTime
Event: 3.980 Loading class java/util/Formatter$DateTime done
Event: 3.980 Loading class java/util/Formatter$FixedString
Event: 3.981 Loading class java/util/Formatter$FixedString done
Event: 3.981 Loading class java/time/ZonedDateTime$1
Event: 3.981 Loading class java/time/ZonedDateTime$1 done
Event: 3.987 Loading class jdk/internal/module/ModulePatcher$PatchedModuleReader
Event: 3.987 Loading class jdk/internal/module/ModulePatcher$PatchedModuleReader done
Event: 4.008 Loading class sun/util/locale/provider/BaseLocaleDataMetaInfo
Event: 4.008 Loading class sun/util/locale/provider/BaseLocaleDataMetaInfo done
Event: 4.014 Loading class sun/util/resources/LocaleData$CommonResourceBundleProvider
Event: 4.014 Loading class sun/util/resources/LocaleData$LocaleDataResourceBundleProvider
Event: 4.014 Loading class java/util/spi/ResourceBundleProvider
Event: 4.014 Loading class java/util/spi/ResourceBundleProvider done
Event: 4.014 Loading class sun/util/resources/LocaleData$LocaleDataResourceBundleProvider done
Event: 4.014 Loading class sun/util/resources/LocaleData$CommonResourceBundleProvider done
Event: 4.016 Loading class sun/text/resources/cldr/FormatData_en
Event: 4.017 Loading class sun/text/resources/cldr/FormatData_en done

Classes unloaded (0 events):
No events

Classes redefined (0 events):
No events

Internal exceptions (20 events):
Event: 2.588 Thread 0x0000022aaa1c2040 Exception <a 'java/lang/NoSuchMethodError'{0x00000000ec3fee88}: 'void java.lang.invoke.DirectMethodHandle$Holder.invokeStatic(java.lang.Object, java.lang.Object, java.lang.Object, java.lang.Object)'> (0x00000000ec3fee88) 
thrown [s\src\hotspot\share\interpreter\linkResolver.cpp, line 773]
Event: 2.601 Thread 0x0000022aaa1c2040 Implicit null exception at 0x0000022ab4f01020 to 0x0000022ab4f0123c
Event: 2.601 Thread 0x0000022aaa1c2040 Implicit null exception at 0x0000022ab4eecbc0 to 0x0000022ab4eecc45
Event: 2.703 Thread 0x0000022aaa1c2040 Exception <a 'java/lang/NoSuchMethodError'{0x00000000ead7a5d8}: 'long java.lang.invoke.DirectMethodHandle$Holder.invokeStatic(java.lang.Object, java.lang.Object, int)'> (0x00000000ead7a5d8) 
thrown [s\src\hotspot\share\interpreter\linkResolver.cpp, line 773]
Event: 2.705 Thread 0x0000022aaa1c2040 Exception <a 'java/lang/NoSuchMethodError'{0x00000000ead820e0}: 'java.lang.Object java.lang.invoke.DirectMethodHandle$Holder.invokeSpecial(java.lang.Object, java.lang.Object, java.lang.Object, java.lang.Object, long)'> (0x00000000ead820e0) 
thrown [s\src\hotspot\share\interpreter\linkResolver.cpp, line 773]
Event: 2.707 Thread 0x0000022aaa1c2040 Exception <a 'java/lang/NoSuchMethodError'{0x00000000ead8fd60}: 'java.lang.Object java.lang.invoke.DirectMethodHandle$Holder.invokeSpecial(java.lang.Object, java.lang.Object, java.lang.Object, int, java.lang.Object)'> (0x00000000ead8fd60) 
thrown [s\src\hotspot\share\interpreter\linkResolver.cpp, line 773]
Event: 2.717 Thread 0x0000022aaa1c2040 Exception <a 'java/lang/NoSuchMethodError'{0x00000000eada74a8}: 'java.lang.Object java.lang.invoke.Invokers$Holder.invokeExact_MT(java.lang.Object, java.lang.Object, java.lang.Object, java.lang.Object, java.lang.Object, java.lang.Object)'> (0x00000000eada74a8) 
thrown [s\src\hotspot\share\interpreter\linkResolver.cpp, line 773]
Event: 2.722 Thread 0x0000022aaa1c2040 Exception <a 'java/lang/NoSuchMethodError'{0x00000000eadc0fc0}: 'int java.lang.invoke.DirectMethodHandle$Holder.invokeStaticInit(java.lang.Object, java.lang.Object, java.lang.Object, java.lang.Object)'> (0x00000000eadc0fc0) 
thrown [s\src\hotspot\share\interpreter\linkResolver.cpp, line 773]
Event: 2.724 Thread 0x0000022aaa1c2040 Exception <a 'java/lang/NoSuchMethodError'{0x00000000eadc9778}: 'java.lang.Object java.lang.invoke.DirectMethodHandle$Holder.invokeInterface(java.lang.Object, java.lang.Object)'> (0x00000000eadc9778) 
thrown [s\src\hotspot\share\interpreter\linkResolver.cpp, line 773]
Event: 2.724 Thread 0x0000022aaa1c2040 Exception <a 'java/lang/IncompatibleClassChangeError'{0x00000000eadcccb0}: Found class java.lang.Object, but interface was expected> (0x00000000eadcccb0) 
thrown [s\src\hotspot\share\interpreter\linkResolver.cpp, line 840]
Event: 2.725 Thread 0x0000022aaa1c2040 Exception <a 'java/lang/NoSuchMethodError'{0x00000000eadd0e68}: 'void java.lang.invoke.DirectMethodHandle$Holder.invokeStatic(java.lang.Object, java.lang.Object)'> (0x00000000eadd0e68) 
thrown [s\src\hotspot\share\interpreter\linkResolver.cpp, line 773]
Event: 2.726 Thread 0x0000022aaa1c2040 Exception <a 'java/lang/NoSuchMethodError'{0x00000000eadd4210}: 'void java.lang.invoke.DirectMethodHandle$Holder.invokeStaticInit(java.lang.Object, java.lang.Object)'> (0x00000000eadd4210) 
thrown [s\src\hotspot\share\interpreter\linkResolver.cpp, line 773]
Event: 2.727 Thread 0x0000022aaa1c2040 Exception <a 'java/lang/NoSuchMethodError'{0x00000000eaddb230}: 'int java.lang.invoke.DirectMethodHandle$Holder.invokeStaticInit(java.lang.Object, java.lang.Object)'> (0x00000000eaddb230) 
thrown [s\src\hotspot\share\interpreter\linkResolver.cpp, line 773]
Event: 2.844 Thread 0x0000022aaa1c2040 Exception <a 'java/lang/NoSuchMethodError'{0x00000000eaf2f980}: 'void java.lang.invoke.DirectMethodHandle$Holder.invokeSpecial(java.lang.Object, java.lang.Object, java.lang.Object)'> (0x00000000eaf2f980) 
thrown [s\src\hotspot\share\interpreter\linkResolver.cpp, line 773]
Event: 3.189 Thread 0x0000022aaa1c2040 Exception <a 'java/lang/NoSuchMethodError'{0x00000000eb8aacb8}: 'int java.lang.invoke.DirectMethodHandle$Holder.invokeVirtual(java.lang.Object, java.lang.Object)'> (0x00000000eb8aacb8) 
thrown [s\src\hotspot\share\interpreter\linkResolver.cpp, line 773]
Event: 3.357 Thread 0x0000022aaa1c2040 Exception <a 'java/lang/NoSuchMethodError'{0x00000000ebbe1920}: 'java.lang.Object java.lang.invoke.DirectMethodHandle$Holder.newInvokeSpecial(java.lang.Object, int, java.lang.Object)'> (0x00000000ebbe1920) 
thrown [s\src\hotspot\share\interpreter\linkResolver.cpp, line 773]
Event: 3.415 Thread 0x0000022aaa1c2040 Exception <a 'java/lang/NoSuchMethodError'{0x00000000ebd732d8}: 'java.lang.Object java.lang.invoke.DirectMethodHandle$Holder.newInvokeSpecial(java.lang.Object, java.lang.Object, java.lang.Object, java.lang.Object, int, java.lang.Object)'> (0x00000000ebd732d8) 
thrown [s\src\hotspot\share\interpreter\linkResolver.cpp, line 773]
Event: 3.660 Thread 0x0000022aaa1c2040 Exception <a 'java/lang/UnsatisfiedLinkError'{0x00000000ec218e88}: 'void org.eclipse.equinox.launcher.JNIBridge._update_splash()'> (0x00000000ec218e88) 
thrown [s\src\hotspot\share\prims\nativeLookup.cpp, line 415]
Event: 3.905 Thread 0x0000022b009a6860 Exception <a 'java/lang/NoSuchMethodError'{0x00000000eafc7480}: 'java.lang.Object java.lang.invoke.DirectMethodHandle$Holder.newInvokeSpecial(java.lang.Object, java.lang.Object, int, java.lang.Object)'> (0x00000000eafc7480) 
thrown [s\src\hotspot\share\interpreter\linkResolver.cpp, line 773]
Event: 3.973 Thread 0x0000022b009a6860 Exception <a 'java/lang/ClassNotFoundException'{0x00000000eb19bff0}: sun/util/logging/resources/spi/loggingProvider> (0x00000000eb19bff0) 
thrown [s\src\hotspot\share\classfile\systemDictionary.cpp, line 312]

ZGC Phase Switch (0 events):
No events

VM Operations (20 events):
Event: 2.588 Executing VM operation: ParallelGCFailedAllocation (Allocation Failure)
Event: 2.598 Executing VM operation: ParallelGCFailedAllocation (Allocation Failure) done
Event: 3.317 Executing VM operation: HandshakeAllThreads (Deoptimize)
Event: 3.317 Executing VM operation: HandshakeAllThreads (Deoptimize) done
Event: 3.341 Executing VM operation: HandshakeAllThreads (Deoptimize)
Event: 3.341 Executing VM operation: HandshakeAllThreads (Deoptimize) done
Event: 3.406 Executing VM operation: HandshakeAllThreads (Deoptimize)
Event: 3.407 Executing VM operation: HandshakeAllThreads (Deoptimize) done
Event: 3.703 Executing VM operation: ParallelGCFailedAllocation (Allocation Failure)
Event: 3.710 Executing VM operation: ParallelGCFailedAllocation (Allocation Failure) done
Event: 3.834 Executing VM operation: HandshakeAllThreads (Deoptimize)
Event: 3.834 Executing VM operation: HandshakeAllThreads (Deoptimize) done
Event: 3.954 Executing VM operation: HandshakeAllThreads (Deoptimize)
Event: 3.954 Executing VM operation: HandshakeAllThreads (Deoptimize) done
Event: 3.988 Executing VM operation: HandshakeAllThreads (Deoptimize)
Event: 3.988 Executing VM operation: HandshakeAllThreads (Deoptimize) done
Event: 4.023 Executing VM operation: HandshakeAllThreads (Deoptimize)
Event: 4.023 Executing VM operation: HandshakeAllThreads (Deoptimize) done
Event: 4.054 Executing VM operation: HandshakeAllThreads (Deoptimize)
Event: 4.054 Executing VM operation: HandshakeAllThreads (Deoptimize) done

Memory protections (0 events):
No events

Nmethod flushes (0 events):
No events

Events (16 events):
Event: 0.137 Thread 0x0000022aaa1c2040 Thread added: 0x0000022aaa1c2040
Event: 0.255 Thread 0x0000022aaa1c2040 Thread added: 0x0000022abe4e86c0
Event: 0.255 Thread 0x0000022aaa1c2040 Thread added: 0x0000022abe4e9f20
Event: 0.256 Thread 0x0000022aaa1c2040 Thread added: 0x0000022abe4eae30
Event: 0.256 Thread 0x0000022aaa1c2040 Thread added: 0x0000022abe4ec730
Event: 0.256 Thread 0x0000022aaa1c2040 Thread added: 0x0000022abe4ed640
Event: 0.256 Thread 0x0000022aaa1c2040 Thread added: 0x0000022abe4f11b0
Event: 0.256 Thread 0x0000022aaa1c2040 Thread added: 0x0000022abe4f21b0
Event: 0.332 Thread 0x0000022aaa1c2040 Thread added: 0x0000022abe567570
Event: 0.470 Thread 0x0000022aaa1c2040 Thread added: 0x0000022b003660d0
Event: 1.184 Thread 0x0000022aaa1c2040 Thread added: 0x0000022b005a0e30
Event: 1.189 Thread 0x0000022abe567570 Thread added: 0x0000022b006f9a70
Event: 3.275 Thread 0x0000022aaa1c2040 Thread added: 0x0000022b05193aa0
Event: 3.658 Thread 0x0000022aaa1c2040 Thread added: 0x0000022b00c434a0
Event: 3.714 Thread 0x0000022b00c434a0 Thread added: 0x0000022b00aeec50
Event: 3.722 Thread 0x0000022aaa1c2040 Thread added: 0x0000022b009a6860


Dynamic libraries:
0x00007ff73b9f0000 - 0x00007ff73b9fe000 	c:\Users\LENOVO\.vscode\extensions\redhat.java-1.41.1-win32-x64\jre\21.0.6-win32-x86_64\bin\java.exe
0x00007ffac20b0000 - 0x00007ffac22a8000 	C:\Windows\SYSTEM32\ntdll.dll
0x00007ffac07e0000 - 0x00007ffac089d000 	C:\Windows\System32\KERNEL32.DLL
0x00007ffabfaa0000 - 0x00007ffabfd96000 	C:\Windows\System32\KERNELBASE.dll
0x00007ffabfe50000 - 0x00007ffabff50000 	C:\Windows\System32\ucrtbase.dll
0x00007ffab6f30000 - 0x00007ffab6f48000 	c:\Users\LENOVO\.vscode\extensions\redhat.java-1.41.1-win32-x64\jre\21.0.6-win32-x86_64\bin\jli.dll
0x00007ffac03f0000 - 0x00007ffac058f000 	C:\Windows\System32\USER32.dll
0x00007ffabf760000 - 0x00007ffabf782000 	C:\Windows\System32\win32u.dll
0x00007ffac0590000 - 0x00007ffac05bb000 	C:\Windows\System32\GDI32.dll
0x00007ffabf980000 - 0x00007ffabfa97000 	C:\Windows\System32\gdi32full.dll
0x00007ffabf7e0000 - 0x00007ffabf87d000 	C:\Windows\System32\msvcp_win.dll
0x00007ffaaba10000 - 0x00007ffaaba2e000 	c:\Users\LENOVO\.vscode\extensions\redhat.java-1.41.1-win32-x64\jre\21.0.6-win32-x86_64\bin\VCRUNTIME140.dll
0x00007ffaae630000 - 0x00007ffaae8ca000 	C:\Windows\WinSxS\amd64_microsoft.windows.common-controls_6595b64144ccf1df_6.0.19041.4355_none_60b8b9eb71f62e16\COMCTL32.dll
0x00007ffac19b0000 - 0x00007ffac1a4e000 	C:\Windows\System32\msvcrt.dll
0x00007ffac02a0000 - 0x00007ffac02d2000 	C:\Windows\System32\IMM32.DLL
0x00007ffab73e0000 - 0x00007ffab73ec000 	c:\Users\LENOVO\.vscode\extensions\redhat.java-1.41.1-win32-x64\jre\21.0.6-win32-x86_64\bin\vcruntime140_1.dll
0x00007ffa94c70000 - 0x00007ffa94cfd000 	c:\Users\LENOVO\.vscode\extensions\redhat.java-1.41.1-win32-x64\jre\21.0.6-win32-x86_64\bin\msvcp140.dll
0x00007ffa5d530000 - 0x00007ffa5e2c0000 	c:\Users\LENOVO\.vscode\extensions\redhat.java-1.41.1-win32-x64\jre\21.0.6-win32-x86_64\bin\server\jvm.dll
0x00007ffac0940000 - 0x00007ffac09f0000 	C:\Windows\System32\ADVAPI32.dll
0x00007ffac08a0000 - 0x00007ffac0940000 	C:\Windows\System32\sechost.dll
0x00007ffac1880000 - 0x00007ffac19a3000 	C:\Windows\System32\RPCRT4.dll
0x00007ffac00b0000 - 0x00007ffac00d7000 	C:\Windows\System32\bcrypt.dll
0x00007ffac05c0000 - 0x00007ffac062b000 	C:\Windows\System32\WS2_32.dll
0x00007ffabec90000 - 0x00007ffabecdb000 	C:\Windows\SYSTEM32\POWRPROF.dll
0x00007ffaad950000 - 0x00007ffaad977000 	C:\Windows\SYSTEM32\WINMM.dll
0x00007ffab70f0000 - 0x00007ffab70fa000 	C:\Windows\SYSTEM32\VERSION.dll
0x00007ffabeb50000 - 0x00007ffabeb62000 	C:\Windows\SYSTEM32\UMPDC.dll
0x00007ffabd5e0000 - 0x00007ffabd5f2000 	C:\Windows\SYSTEM32\kernel.appcore.dll
0x00007ffaaff60000 - 0x00007ffaaff6a000 	c:\Users\LENOVO\.vscode\extensions\redhat.java-1.41.1-win32-x64\jre\21.0.6-win32-x86_64\bin\jimage.dll
0x00007ffaad010000 - 0x00007ffaad1f4000 	C:\Windows\SYSTEM32\DBGHELP.DLL
0x00007ffaa8dc0000 - 0x00007ffaa8df4000 	C:\Windows\SYSTEM32\dbgcore.DLL
0x00007ffabf880000 - 0x00007ffabf902000 	C:\Windows\System32\bcryptPrimitives.dll
0x00007ffaacfe0000 - 0x00007ffaacfef000 	c:\Users\LENOVO\.vscode\extensions\redhat.java-1.41.1-win32-x64\jre\21.0.6-win32-x86_64\bin\instrument.dll
0x00007ffaaa510000 - 0x00007ffaaa52f000 	c:\Users\LENOVO\.vscode\extensions\redhat.java-1.41.1-win32-x64\jre\21.0.6-win32-x86_64\bin\java.dll
0x00007ffac0c90000 - 0x00007ffac13fb000 	C:\Windows\System32\SHELL32.dll
0x00007ffabd7e0000 - 0x00007ffabdf7d000 	C:\Windows\SYSTEM32\windows.storage.dll
0x00007ffac1400000 - 0x00007ffac1753000 	C:\Windows\System32\combase.dll
0x00007ffabf180000 - 0x00007ffabf1ae000 	C:\Windows\SYSTEM32\Wldp.dll
0x00007ffac0710000 - 0x00007ffac07dd000 	C:\Windows\System32\OLEAUT32.dll
0x00007ffac00e0000 - 0x00007ffac018d000 	C:\Windows\System32\SHCORE.dll
0x00007ffac02f0000 - 0x00007ffac0345000 	C:\Windows\System32\shlwapi.dll
0x00007ffabf690000 - 0x00007ffabf6b4000 	C:\Windows\SYSTEM32\profapi.dll
0x00007ffaaa210000 - 0x00007ffaaa228000 	c:\Users\LENOVO\.vscode\extensions\redhat.java-1.41.1-win32-x64\jre\21.0.6-win32-x86_64\bin\zip.dll
0x00007ffaabdc0000 - 0x00007ffaabdd0000 	C:\Users\LENOVO\.vscode\extensions\redhat.java-1.41.1-win32-x64\jre\21.0.6-win32-x86_64\bin\net.dll
0x00007ffab63e0000 - 0x00007ffab64ea000 	C:\Windows\SYSTEM32\WINHTTP.dll
0x00007ffabeee0000 - 0x00007ffabef4a000 	C:\Windows\system32\mswsock.dll
0x00007ffa9d3b0000 - 0x00007ffa9d3c6000 	C:\Users\LENOVO\.vscode\extensions\redhat.java-1.41.1-win32-x64\jre\21.0.6-win32-x86_64\bin\nio.dll
0x00007ffaabbe0000 - 0x00007ffaabbf0000 	c:\Users\LENOVO\.vscode\extensions\redhat.java-1.41.1-win32-x64\jre\21.0.6-win32-x86_64\bin\verify.dll
0x00007ffa94c20000 - 0x00007ffa94c65000 	C:\Users\LENOVO\AppData\Roaming\Code\User\globalStorage\redhat.java\1.41.1\config_win\org.eclipse.equinox.launcher\org.eclipse.equinox.launcher.win32.win32.x86_64_1.2.1300.v20250331-1702\eclipse_11911.dll
0x00007ffac0b50000 - 0x00007ffac0c7b000 	C:\Windows\System32\ole32.dll

dbghelp: loaded successfully - version: 4.0.5 - missing functions: none
symbol engine: initialized successfully - sym options: 0x614 - pdb path: .;c:\Users\LENOVO\.vscode\extensions\redhat.java-1.41.1-win32-x64\jre\21.0.6-win32-x86_64\bin;C:\Windows\SYSTEM32;C:\Windows\WinSxS\amd64_microsoft.windows.common-controls_6595b64144ccf1df_6.0.19041.4355_none_60b8b9eb71f62e16;c:\Users\LENOVO\.vscode\extensions\redhat.java-1.41.1-win32-x64\jre\21.0.6-win32-x86_64\bin\server;C:\Users\LENOVO\AppData\Roaming\Code\User\globalStorage\redhat.java\1.41.1\config_win\org.eclipse.equinox.launcher\org.eclipse.equinox.launcher.win32.win32.x86_64_1.2.1300.v20250331-1702

VM Arguments:
jvm_args: --add-modules=ALL-SYSTEM --add-opens=java.base/java.util=ALL-UNNAMED --add-opens=java.base/java.lang=ALL-UNNAMED --add-opens=java.base/sun.nio.fs=ALL-UNNAMED -Declipse.application=org.eclipse.jdt.ls.core.id1 -Dosgi.bundles.defaultStartLevel=4 -Declipse.product=org.eclipse.jdt.ls.core.product -Djava.import.generatesMetadataFilesAtProjectRoot=false -DDetectVMInstallationsJob.disabled=true -Dfile.encoding=utf8 -XX:+UseParallelGC -XX:GCTimeRatio=4 -XX:AdaptiveSizePolicyWeight=90 -Dsun.zip.disableMemoryMapping=true -Xmx1G -Xms100m -Xlog:disable -javaagent:c:\Users\LENOVO\.vscode\extensions\redhat.java-1.41.1-win32-x64\lombok\lombok-1.18.36.jar -XX:+HeapDumpOnOutOfMemoryError -XX:HeapDumpPath=c:\Users\LENOVO\AppData\Roaming\Code\User\workspaceStorage\14765b6246f313c07015f62cdf2ff0f9\redhat.java -Daether.dependencyCollector.impl=bf 
java_command: c:\Users\LENOVO\.vscode\extensions\redhat.java-1.41.1-win32-x64\server\plugins\org.eclipse.equinox.launcher_1.7.0.v20250331-1702.jar -configuration c:\Users\LENOVO\AppData\Roaming\Code\User\globalStorage\redhat.java\1.41.1\config_win -data c:\Users\LENOVO\AppData\Roaming\Code\User\workspaceStorage\14765b6246f313c07015f62cdf2ff0f9\redhat.java\jdt_ws --pipe=\\.\pipe\lsp-bb7ddc924cb387362860a937fa150ced-sock
java_class_path (initial): c:\Users\LENOVO\.vscode\extensions\redhat.java-1.41.1-win32-x64\server\plugins\org.eclipse.equinox.launcher_1.7.0.v20250331-1702.jar
Launcher Type: SUN_STANDARD

[Global flags]
    uintx AdaptiveSizePolicyWeight                 = 90                                        {product} {command line}
     intx CICompilerCount                          = 3                                         {product} {ergonomic}
    uintx GCTimeRatio                              = 4                                         {product} {command line}
     bool HeapDumpOnOutOfMemoryError               = true                                   {manageable} {command line}
    ccstr HeapDumpPath                             = c:\Users\LENOVO\AppData\Roaming\Code\User\workspaceStorage\14765b6246f313c07015f62cdf2ff0f9\redhat.java         {manageable} {command line}
   size_t InitialHeapSize                          = 104857600                                 {product} {command line}
   size_t MaxHeapSize                              = 1073741824                                {product} {command line}
   size_t MaxNewSize                               = 357564416                                 {product} {ergonomic}
   size_t MinHeapDeltaBytes                        = 524288                                    {product} {ergonomic}
   size_t MinHeapSize                              = 104857600                                 {product} {command line}
   size_t NewSize                                  = 34603008                                  {product} {ergonomic}
    uintx NonNMethodCodeHeapSize                   = 5832780                                {pd product} {ergonomic}
    uintx NonProfiledCodeHeapSize                  = 122912730                              {pd product} {ergonomic}
   size_t OldSize                                  = 70254592                                  {product} {ergonomic}
    uintx ProfiledCodeHeapSize                     = 122912730                              {pd product} {ergonomic}
    uintx ReservedCodeCacheSize                    = 251658240                              {pd product} {ergonomic}
     bool SegmentedCodeCache                       = true                                      {product} {ergonomic}
   size_t SoftMaxHeapSize                          = 1073741824                             {manageable} {ergonomic}
     bool UseCompressedOops                        = true                           {product lp64_product} {ergonomic}
     bool UseLargePagesIndividualAllocation        = false                                  {pd product} {ergonomic}
     bool UseParallelGC                            = true                                      {product} {command line}

Logging:
Log output configuration:
 #0: stdout all=off uptime,level,tags foldmultilines=false
 #1: stderr all=off uptime,level,tags foldmultilines=false

Environment Variables:
JAVA_HOME=C:\Program Files\Java\jdk-24
PATH=C:\Program Files\Common Files\Oracle\Java\javapath;C:\Windows\system32;C:\Windows;C:\Windows\System32\Wbem;C:\Windows\System32\WindowsPowerShell\v1.0\;C:\Windows\System32\OpenSSH\;C:\Program Files (x86)\NVIDIA Corporation\PhysX\Common;C:\Program Files\NVIDIA Corporation\NVIDIA app\NvDLISR;C:\Program Files\Java\jdk-24\bin;C:\javafx-sdk-21.0.6\bin;C:\javafx-sdk-21.0.6;C:\Program Files\maven-mvnd-1.0.2-windows-amd64\bin;C:\Program Files\maven-mvnd-1.0.2-windows-amd64\mvn\bin;C:\Users\LENOVO\AppData\Local\Programs\Python\Launcher\;C:\Users\LENOVO\AppData\Local\Microsoft\WindowsApps;C:\Users\LENOVO\AppData\Local\Programs\Microsoft VS Code\bin;C:\msys64\ucrt64\bin;C:\Users\LENOVO\AppData\Local\Programs\Python\Python312;C:\Users\LENOVO\AppData\Local\Programs\Python\Python312\Scripts;C:\msys64\mingw64\bin;C:\Program Files\Java\jdk-24\bin;E:\afires\java\test\bin;
USERNAME=LENOVO
OS=Windows_NT
PROCESSOR_IDENTIFIER=Intel64 Family 6 Model 78 Stepping 3, GenuineIntel
TMP=C:\Users\LENOVO\AppData\Local\Temp
TEMP=C:\Users\LENOVO\AppData\Local\Temp




Periodic native trim disabled

---------------  S Y S T E M  ---------------

OS:
 Windows 10 , 64 bit Build 19041 (10.0.19041.3636)
OS uptime: 0 days 3:16 hours

CPU: total 4 (initial active 4) (2 cores per cpu, 2 threads per core) family 6 model 78 stepping 3 microcode 0xcc, cx8, cmov, fxsr, ht, mmx, 3dnowpref, sse, sse2, sse3, ssse3, sse4.1, sse4.2, popcnt, lzcnt, tsc, tscinvbit, avx, avx2, aes, erms, clmul, bmi1, bmi2, adx, fma, vzeroupper, clflush, clflushopt, rdtscp, f16c
Processor Information for the first 4 processors :
  Max Mhz: 2400, Current Mhz: 2300, Mhz Limit: 2280

Memory: 4k page, system-wide physical 12167M (4991M free)
TotalPageFile size 12935M (AvailPageFile size 4745M)
current process WorkingSet (physical memory assigned to process): 100M, peak: 102M
current process commit charge ("private bytes"): 202M, peak: 203M

vm_info: OpenJDK 64-Bit Server VM (21.0.6+7-LTS) for windows-amd64 JRE (21.0.6+7-LTS), built on 2025-01-21T00:00:00Z by "admin" with MS VC++ 17.7 (VS2022)

END.
