#
# A fatal error has been detected by the Java Runtime Environment:
#
#  EXCEPTION_ACCESS_VIOLATION (0xc0000005) at pc=0x00007ff938f5acb0, pid=6108, tid=12324
#
# JRE version: OpenJDK Runtime Environment Temurin-21.0.6+7 (21.0.6+7) (build 21.0.6+7-LTS)
# Java VM: OpenJDK 64-Bit Server VM Temurin-21.0.6+7 (21.0.6+7-LTS, mixed mode, sharing, tiered, compressed oops, compressed class ptrs, parallel gc, windows-amd64)
# Problematic frame:
# V  [jvm.dll+0x6aacb0]
#
# No core dump will be written. Minidumps are not enabled by default on client versions of Windows
#
# If you would like to submit a bug report, please visit:
#   https://github.com/adoptium/adoptium-support/issues
#

---------------  S U M M A R Y ------------

Command Line: --add-modules=ALL-SYSTEM --add-opens=java.base/java.util=ALL-UNNAMED --add-opens=java.base/java.lang=ALL-UNNAMED --add-opens=java.base/sun.nio.fs=ALL-UNNAMED -Declipse.application=org.eclipse.jdt.ls.core.id1 -Dosgi.bundles.defaultStartLevel=4 -Declipse.product=org.eclipse.jdt.ls.core.product -Djava.import.generatesMetadataFilesAtProjectRoot=false -DDetectVMInstallationsJob.disabled=true -Dfile.encoding=utf8 -XX:+UseParallelGC -XX:GCTimeRatio=4 -XX:AdaptiveSizePolicyWeight=90 -Dsun.zip.disableMemoryMapping=true -Xmx1G -Xms100m -Xlog:disable -javaagent:c:\Users\LENOVO\.vscode\extensions\redhat.java-1.41.1-win32-x64\lombok\lombok-1.18.36.jar -XX:+HeapDumpOnOutOfMemoryError -XX:HeapDumpPath=c:\Users\LENOVO\AppData\Roaming\Code\User\workspaceStorage\14765b6246f313c07015f62cdf2ff0f9\redhat.java -Daether.dependencyCollector.impl=bf c:\Users\LENOVO\.vscode\extensions\redhat.java-1.41.1-win32-x64\server\plugins\org.eclipse.equinox.launcher_1.7.0.v20250331-1702.jar -configuration c:\Users\LENOVO\AppData\Roaming\Code\User\globalStorage\redhat.java\1.41.1\config_win -data c:\Users\LENOVO\AppData\Roaming\Code\User\workspaceStorage\14765b6246f313c07015f62cdf2ff0f9\redhat.java\jdt_ws --pipe=\\.\pipe\lsp-bbec14561b9d3cec47ff96c6a70d9456-sock

Host: Intel(R) Core(TM) i5-6200U CPU @ 2.30GHz, 4 cores, 11G,  Windows 10 , 64 bit Build 19041 (10.0.19041.3636)
Time: Sat Apr 12 22:28:23 2025 SE Asia Standard Time elapsed time: 310.580163 seconds (0d 0h 5m 10s)

---------------  T H R E A D  ---------------

Current thread (0x00000225428e1060):  JavaThread "C2 CompilerThread0" daemon [_thread_in_native, id=12324, stack(0x0000004f6d800000,0x0000004f6d900000) (1024K)]


Current CompileTask:
C2:310580 13045       4       org.eclipse.jdt.internal.compiler.parser.diagnose.DiagnoseParser::scopeTrialCheck (782 bytes)

Stack: [0x0000004f6d800000,0x0000004f6d900000],  sp=0x0000004f6d8fbd98,  free space=1007k
Native frames: (J=compiled Java code, j=interpreted, Vv=VM code, C=native code)
V  [jvm.dll+0x6aacb0]


siginfo: EXCEPTION_ACCESS_VIOLATION (0xc0000005), reading address 0xffffffffffffffff


Registers:
RAX=0x00022589bdc30800, RBX=0x0000004f6d8fc1e0, RCX=0x00022589bdc30800, RDX=0x0000000000000000
RSP=0x0000004f6d8fbd98, RBP=0x0000004f6d8fc1e0, RSI=0x000000000000000b, RDI=0x0000022589bdd110
R8 =0x0000022589bde5e8, R9 =0x000000000000000b, R10=0x00007ff991980000, R11=0x0000004f6d8fbe00
R12=0x0000000000000000, R13=0x000000000000000b, R14=0x0000022589bde5e8, R15=0x0000000000000000
RIP=0x00007ff938f5acb0, EFLAGS=0x0000000000010246

XMM[0]=0x0000000000000000 0x0000000000000000
XMM[1]=0x0000022589b36e18 0x0000022589b379b8
XMM[2]=0x000002258dbe5aa0 0x00000225892e7600
XMM[3]=0x00000225892ee2b8 0x00000225892ee1e0
XMM[4]=0x000002258c531f90 0x000002258c5302f0
XMM[5]=0x00000225893c1960 0x00000225893c2988
XMM[6]=0x0000000000000000 0x0000000000000000
XMM[7]=0x0000000000000000 0x0000000000000000
XMM[8]=0x0000000000000000 0x0000000000000000
XMM[9]=0x0000000000000000 0x0000000000000000
XMM[10]=0x0000000000000000 0x0000000000000000
XMM[11]=0x0000000000000000 0x0000000000000000
XMM[12]=0x0000000000000000 0x0000000000000000
XMM[13]=0x0000000000000000 0x0000000000000000
XMM[14]=0x0000000000000000 0x0000000000000000
XMM[15]=0x0000000000000000 0x0000000000000000
  MXCSR=0x00001fb2


Register to memory mapping:

RAX=0x00022589bdc30800 is an unknown value
RBX=0x0000004f6d8fc1e0 is pointing into the stack for thread: 0x00000225428e1060
RCX=0x00022589bdc30800 is an unknown value
RDX=0x0 is null
RSP=0x0000004f6d8fbd98 is pointing into the stack for thread: 0x00000225428e1060
RBP=0x0000004f6d8fc1e0 is pointing into the stack for thread: 0x00000225428e1060
RSI=0x000000000000000b is an unknown value
RDI=0x0000022589bdd110 points into unknown readable memory: 0x00007ff9392e57b0 | b0 57 2e 39 f9 7f 00 00
R8 =0x0000022589bde5e8 points into unknown readable memory: 0x00007ff939295e40 | 40 5e 29 39 f9 7f 00 00
R9 =0x000000000000000b is an unknown value
R10=0x00007ff991980000 VCRUNTIME140.dll
R11=0x0000004f6d8fbe00 is pointing into the stack for thread: 0x00000225428e1060
R12=0x0 is null
R13=0x000000000000000b is an unknown value
R14=0x0000022589bde5e8 points into unknown readable memory: 0x00007ff939295e40 | 40 5e 29 39 f9 7f 00 00
R15=0x0 is null

Top of Stack: (sp=0x0000004f6d8fbd98)
0x0000004f6d8fbd98:   00007ff938e9f9fa 0000022589bde5e8
0x0000004f6d8fbda8:   000000000000000b 0000000000000000
0x0000004f6d8fbdb8:   000002258a05e450 0000004f6d8fbdf0
0x0000004f6d8fbdc8:   0000000000000000 0000004f00000000
0x0000004f6d8fbdd8:   0000004f6d8fbe50 0000004f6d8fc1e0
0x0000004f6d8fbde8:   00007ff938e9f142 0000000000000000
0x0000004f6d8fbdf8:   00007ff938a8e049 0000000000000000
0x0000004f6d8fbe08:   0000000000000016 000000000000000b
0x0000004f6d8fbe18:   0000000000000001 0000022589bdd110
0x0000004f6d8fbe28:   00007ff938ea1dd4 0000004f6d8fc1e0
0x0000004f6d8fbe38:   0000022589a48180 0000022589bde5e8
0x0000004f6d8fbe48:   00007ff938ea082d 0000000000000000
0x0000004f6d8fbe58:   0000000089bdd110 0000000000000000
0x0000004f6d8fbe68:   0000000000000000 0000022589bde5e8
0x0000004f6d8fbe78:   00007ff938eaf0fb 000002252e5ab910
0x0000004f6d8fbe88:   0000022589a41a68 00000225428e5b00
0x0000004f6d8fbe98:   0000000000000000 0000004f6d8fc1e0
0x0000004f6d8fbea8:   00007ff938ea70a3 0000022589a48180
0x0000004f6d8fbeb8:   0000004f6d8fbfb0 0000022589bdf601
0x0000004f6d8fbec8:   0000022589bdf660 0000004f6d8fbf20
0x0000004f6d8fbed8:   0000004f6d8fbee0 00000225428d71d0
0x0000004f6d8fbee8:   0000000000000400 000002258a2d4090
0x0000004f6d8fbef8:   00007ff900000000 0000000000000100
0x0000004f6d8fbf08:   0000022542980230 0000000000000100
0x0000004f6d8fbf18:   00000225428d71d0 000002254297b670
0x0000004f6d8fbf28:   000002254297f7c0 000002254297b680
0x0000004f6d8fbf38:   00000225428d71d0 00000225428d71d0
0x0000004f6d8fbf48:   0000000000000004 000002258bc48290
0x0000004f6d8fbf58:   0000022500000000 000002252e5ab910
0x0000004f6d8fbf68:   0000000000000000 0000000000000005
0x0000004f6d8fbf78:   00000225892ea2b8 0000000000000020
0x0000004f6d8fbf88:   000000001b00001b 0000000000000000 

Instructions: (pc=0x00007ff938f5acb0)
0x00007ff938f5abb0:   48 83 ec 28 48 8b 41 08 4c 8b c9 44 8b d2 4a 8b
0x00007ff938f5abc0:   0c d0 48 85 c9 74 61 4c 8b 41 10 4d 85 c0 74 26
0x00007ff938f5abd0:   8b 41 20 49 8d 14 c0 66 0f 1f 84 00 00 00 00 00
0x00007ff938f5abe0:   4c 39 4a f8 48 8d 52 f8 75 f6 ff c8 89 41 20 49
0x00007ff938f5abf0:   8b 0c c0 48 89 0a 41 8b d2 49 8b c9 e8 7f d9 ff
0x00007ff938f5ac00:   ff 8b 0d e1 35 63 00 65 48 8b 04 25 58 00 00 00
0x00007ff938f5ac10:   ba 70 00 00 00 48 8b 04 c8 80 3c 02 00 75 09 48
0x00007ff938f5ac20:   83 c4 28 e9 88 c3 29 00 48 83 c4 28 c3 cc cc cc
0x00007ff938f5ac30:   48 89 5c 24 08 57 48 83 ec 20 65 48 8b 04 25 58
0x00007ff938f5ac40:   00 00 00 48 8b d9 8b 15 9c 35 63 00 48 8b 3c d0
0x00007ff938f5ac50:   b8 70 00 00 00 80 3c 38 00 75 05 e8 50 c3 29 00
0x00007ff938f5ac60:   b8 20 00 00 00 48 8b 04 38 48 8b 88 60 06 00 00
0x00007ff938f5ac70:   48 8b 81 80 00 00 00 48 3b 98 e8 02 00 00 75 15
0x00007ff938f5ac80:   33 c0 48 89 43 20 48 89 43 10 48 8b 5c 24 30 48
0x00007ff938f5ac90:   83 c4 20 5f c3 48 83 7b 10 00 75 08 48 c7 43 10
0x00007ff938f5aca0:   ff ff ff ff 48 8b 5c 24 30 48 83 c4 20 5f c3 cc
0x00007ff938f5acb0:   8b 41 2c 83 e0 1f 3c 14 75 2d 66 0f 1f 44 00 00
0x00007ff938f5acc0:   83 79 18 02 75 21 8b 41 2c 83 e0 1f 3c 14 75 17
0x00007ff938f5acd0:   84 d2 74 06 83 79 40 00 75 0d 48 8b 41 08 48 8b
0x00007ff938f5ace0:   48 08 48 85 c9 75 d9 48 8b c1 c3 cc cc cc cc cc
0x00007ff938f5acf0:   48 89 5c 24 08 48 89 6c 24 10 48 89 74 24 18 57
0x00007ff938f5ad00:   48 83 ec 20 33 ed 33 db 48 8b f1 39 59 20 76 29
0x00007ff938f5ad10:   48 8b 46 10 48 8b 3c d8 48 8b cf 48 8b 07 ff 50
0x00007ff938f5ad20:   10 84 c0 74 0d 48 3b fe 74 08 48 85 ed 75 22 48
0x00007ff938f5ad30:   8b ef ff c3 3b 5e 20 72 d7 48 8b c5 48 8b 5c 24
0x00007ff938f5ad40:   30 48 8b 6c 24 38 48 8b 74 24 40 48 83 c4 20 5f
0x00007ff938f5ad50:   c3 33 c0 eb e7 cc cc cc cc cc cc cc cc cc cc cc
0x00007ff938f5ad60:   48 89 5c 24 08 48 89 6c 24 10 48 89 74 24 18 57
0x00007ff938f5ad70:   48 83 ec 20 33 ed 48 8b f1 8b dd 39 59 20 76 2b
0x00007ff938f5ad80:   48 8b 46 10 8b d3 48 8b 3c d0 48 8b cf 48 8b 07
0x00007ff938f5ad90:   ff 50 10 84 c0 74 0d 48 3b fe 74 08 48 85 ed 75
0x00007ff938f5ada0:   22 48 8b ef ff c3 3b 5e 20 72 d5 48 8b c5 48 8b 


Stack slot to memory mapping:

stack at sp + 0 slots: 0x00007ff938e9f9fa jvm.dll
stack at sp + 1 slots: 0x0000022589bde5e8 points into unknown readable memory: 0x00007ff939295e40 | 40 5e 29 39 f9 7f 00 00
stack at sp + 2 slots: 0x000000000000000b is an unknown value
stack at sp + 3 slots: 0x0 is null
stack at sp + 4 slots: 0x000002258a05e450 points into unknown readable memory: 0x00007ff939296250 | 50 62 29 39 f9 7f 00 00
stack at sp + 5 slots: 0x0000004f6d8fbdf0 is pointing into the stack for thread: 0x00000225428e1060
stack at sp + 6 slots: 0x0 is null
stack at sp + 7 slots: 0x0000004f00000000 is an unknown value


---------------  P R O C E S S  ---------------

Threads class SMR info:
_java_thread_list=0x0000022589337910, length=39, elements={
0x000002252e5b2160, 0x00000225428d6820, 0x00000225428d8dd0, 0x00000225428da950,
0x00000225428db860, 0x00000225428dc770, 0x00000225428e02e0, 0x00000225428e1060,
0x000002254294c420, 0x000002254299ddd0, 0x00000225849e9ac0, 0x0000022589572840,
0x00000225895fe250, 0x000002258946b740, 0x0000022589811670, 0x0000022589bd26e0,
0x0000022589e37540, 0x00000225898d94f0, 0x00000225898daf30, 0x00000225898db5c0,
0x000002258aaed370, 0x000002258aaeda00, 0x000002258aaeac10, 0x000002258aaee090,
0x000002258aaeb2a0, 0x000002258aaecce0, 0x000002258aaef440, 0x000002258aaeb930,
0x000002258aaec650, 0x000002258aaebfc0, 0x000002258aaee720, 0x000002258aaeedb0,
0x000002258aaefad0, 0x000002258aaf07f0, 0x000002258aae9860, 0x000002258aaf0e80,
0x000002258aaea580, 0x00000225898d87d0, 0x00000225898da210
}

Java Threads: ( => current thread )
  0x000002252e5b2160 JavaThread "main"                              [_thread_blocked, id=11860, stack(0x0000004f6ce00000,0x0000004f6cf00000) (1024K)]
  0x00000225428d6820 JavaThread "Reference Handler"          daemon [_thread_blocked, id=2772, stack(0x0000004f6d200000,0x0000004f6d300000) (1024K)]
  0x00000225428d8dd0 JavaThread "Finalizer"                  daemon [_thread_blocked, id=2636, stack(0x0000004f6d300000,0x0000004f6d400000) (1024K)]
  0x00000225428da950 JavaThread "Signal Dispatcher"          daemon [_thread_blocked, id=9828, stack(0x0000004f6d400000,0x0000004f6d500000) (1024K)]
  0x00000225428db860 JavaThread "Attach Listener"            daemon [_thread_blocked, id=8596, stack(0x0000004f6d500000,0x0000004f6d600000) (1024K)]
  0x00000225428dc770 JavaThread "Service Thread"             daemon [_thread_blocked, id=13712, stack(0x0000004f6d600000,0x0000004f6d700000) (1024K)]
  0x00000225428e02e0 JavaThread "Monitor Deflation Thread"   daemon [_thread_blocked, id=9692, stack(0x0000004f6d700000,0x0000004f6d800000) (1024K)]
=>0x00000225428e1060 JavaThread "C2 CompilerThread0"         daemon [_thread_in_native, id=12324, stack(0x0000004f6d800000,0x0000004f6d900000) (1024K)]
  0x000002254294c420 JavaThread "C1 CompilerThread0"         daemon [_thread_blocked, id=12200, stack(0x0000004f6d900000,0x0000004f6da00000) (1024K)]
  0x000002254299ddd0 JavaThread "Common-Cleaner"             daemon [_thread_blocked, id=12736, stack(0x0000004f6da00000,0x0000004f6db00000) (1024K)]
  0x00000225849e9ac0 JavaThread "Notification Thread"        daemon [_thread_blocked, id=2816, stack(0x0000004f6db00000,0x0000004f6dc00000) (1024K)]
  0x0000022589572840 JavaThread "Active Thread: Equinox Container: 54eb083c-c984-48eb-b09f-5eb4a350cf9c"        [_thread_blocked, id=1596, stack(0x0000004f6e000000,0x0000004f6e100000) (1024K)]
  0x00000225895fe250 JavaThread "Refresh Thread: Equinox Container: 54eb083c-c984-48eb-b09f-5eb4a350cf9c" daemon [_thread_blocked, id=6996, stack(0x0000004f6e100000,0x0000004f6e200000) (1024K)]
  0x000002258946b740 JavaThread "Framework Event Dispatcher: Equinox Container: 54eb083c-c984-48eb-b09f-5eb4a350cf9c" daemon [_thread_blocked, id=11868, stack(0x0000004f6e200000,0x0000004f6e300000) (1024K)]
  0x0000022589811670 JavaThread "Start Level: Equinox Container: 54eb083c-c984-48eb-b09f-5eb4a350cf9c" daemon [_thread_blocked, id=13828, stack(0x0000004f6e300000,0x0000004f6e400000) (1024K)]
  0x0000022589bd26e0 JavaThread "Bundle File Closer"         daemon [_thread_blocked, id=9516, stack(0x0000004f6e400000,0x0000004f6e500000) (1024K)]
  0x0000022589e37540 JavaThread "SCR Component Actor"        daemon [_thread_blocked, id=13840, stack(0x0000004f6e500000,0x0000004f6e600000) (1024K)]
  0x00000225898d94f0 JavaThread "Worker-JM"                         [_thread_blocked, id=13104, stack(0x0000004f6e600000,0x0000004f6e700000) (1024K)]
  0x00000225898daf30 JavaThread "JNA Cleaner"                daemon [_thread_blocked, id=11176, stack(0x0000004f6e700000,0x0000004f6e800000) (1024K)]
  0x00000225898db5c0 JavaThread "Worker-3"                          [_thread_blocked, id=5312, stack(0x0000004f6eb00000,0x0000004f6ec00000) (1024K)]
  0x000002258aaed370 JavaThread "Java indexing"              daemon [_thread_blocked, id=9856, stack(0x0000004f6df00000,0x0000004f6e000000) (1024K)]
  0x000002258aaeda00 JavaThread "Worker-5"                          [_thread_blocked, id=14048, stack(0x0000004f6f000000,0x0000004f6f100000) (1024K)]
  0x000002258aaeac10 JavaThread "Thread-2"                   daemon [_thread_in_native, id=13232, stack(0x0000004f6f100000,0x0000004f6f200000) (1024K)]
  0x000002258aaee090 JavaThread "Thread-3"                   daemon [_thread_in_native, id=4308, stack(0x0000004f6f200000,0x0000004f6f300000) (1024K)]
  0x000002258aaeb2a0 JavaThread "Thread-4"                   daemon [_thread_in_native, id=13760, stack(0x0000004f6f300000,0x0000004f6f400000) (1024K)]
  0x000002258aaecce0 JavaThread "Thread-5"                   daemon [_thread_in_native, id=8824, stack(0x0000004f6f400000,0x0000004f6f500000) (1024K)]
  0x000002258aaef440 JavaThread "Thread-6"                   daemon [_thread_in_native, id=1372, stack(0x0000004f6f500000,0x0000004f6f600000) (1024K)]
  0x000002258aaeb930 JavaThread "pool-2-thread-1"                   [_thread_blocked, id=13908, stack(0x0000004f6f600000,0x0000004f6f700000) (1024K)]
  0x000002258aaec650 JavaThread "WorkspaceEventsHandler"            [_thread_blocked, id=8224, stack(0x0000004f6f700000,0x0000004f6f800000) (1024K)]
  0x000002258aaebfc0 JavaThread "pool-1-thread-1"                   [_thread_blocked, id=1572, stack(0x0000004f6f800000,0x0000004f6f900000) (1024K)]
  0x000002258aaee720 JavaThread "ForkJoinPool.commonPool-worker-1" daemon [_thread_blocked, id=8096, stack(0x0000004f6ec00000,0x0000004f6ed00000) (1024K)]
  0x000002258aaeedb0 JavaThread "ForkJoinPool.commonPool-worker-4" daemon [_thread_blocked, id=9224, stack(0x0000004f6cd00000,0x0000004f6ce00000) (1024K)]
  0x000002258aaefad0 JavaThread "ForkJoinPool.commonPool-worker-5" daemon [_thread_blocked, id=2820, stack(0x0000004f6e800000,0x0000004f6e900000) (1024K)]
  0x000002258aaf07f0 JavaThread "Cleaner-0"                  daemon [_thread_blocked, id=4956, stack(0x0000004f6e900000,0x0000004f6ea00000) (1024K)]
  0x000002258aae9860 JavaThread "Worker-6"                          [_thread_blocked, id=3092, stack(0x0000004f6ea00000,0x0000004f6eb00000) (1024K)]
  0x000002258aaf0e80 JavaThread "Compiler Source File Reader" daemon [_thread_blocked, id=1004, stack(0x0000004f6ed00000,0x0000004f6ee00000) (1024K)]
  0x000002258aaea580 JavaThread "Compiler Processing Task"   daemon [_thread_blocked, id=11144, stack(0x0000004f6ee00000,0x0000004f6ef00000) (1024K)]
  0x00000225898d87d0 JavaThread "Compiler Source File Reader" daemon [_thread_blocked, id=12436, stack(0x0000004f6cc00000,0x0000004f6cd00000) (1024K)]
  0x00000225898da210 JavaThread "Worker-7"                          [_thread_blocked, id=4836, stack(0x0000004f6f900000,0x0000004f6fa00000) (1024K)]
Total: 39

Other Threads:
  0x000002252c41eb40 VMThread "VM Thread"                           [id=828, stack(0x0000004f6d100000,0x0000004f6d200000) (1024K)]
  0x000002254288cb40 WatcherThread "VM Periodic Task Thread"        [id=13276, stack(0x0000004f6d000000,0x0000004f6d100000) (1024K)]
  0x000002252e5d1e50 WorkerThread "GC Thread#0"                     [id=7120, stack(0x0000004f6cf00000,0x0000004f6d000000) (1024K)]
  0x00000225892e6590 WorkerThread "GC Thread#1"                     [id=5688, stack(0x0000004f6dc00000,0x0000004f6dd00000) (1024K)]
  0x00000225892e6930 WorkerThread "GC Thread#2"                     [id=2280, stack(0x0000004f6dd00000,0x0000004f6de00000) (1024K)]
  0x000002258921f210 WorkerThread "GC Thread#3"                     [id=11060, stack(0x0000004f6de00000,0x0000004f6df00000) (1024K)]
Total: 6

Threads with active compile tasks:
C2 CompilerThread0  310687 13045       4       org.eclipse.jdt.internal.compiler.parser.diagnose.DiagnoseParser::scopeTrialCheck (782 bytes)
Total: 1

VM state: not at safepoint (normal execution)

VM Mutex/Monitor currently owned by a thread: None

Heap address: 0x00000000c0000000, size: 1024 MB, Compressed Oops mode: 32-bit

CDS archive(s) mapped at: [0x0000022543000000-0x0000022543ba0000-0x0000022543ba0000), size 12189696, SharedBaseAddress: 0x0000022543000000, ArchiveRelocationMode: 1.
Compressed class space mapped at: 0x0000022544000000-0x0000022584000000, reserved size: 1073741824
Narrow klass base: 0x0000022543000000, Narrow klass shift: 0, Narrow klass range: 0x100000000

GC Precious Log:
 CardTable entry size: 512
 CPUs: 4 total, 4 available
 Memory: 12167M
 Large Page Support: Disabled
 NUMA Support: Disabled
 Compressed Oops: Enabled (32-bit)
 Alignments: Space 512K, Generation 512K, Heap 2M
 Heap Min Capacity: 100M
 Heap Initial Capacity: 100M
 Heap Max Capacity: 1G
 Pre-touch: Disabled
 Parallel Workers: 4

Heap:
 PSYoungGen      total 12800K, used 6189K [0x00000000eab00000, 0x00000000ebe00000, 0x0000000100000000)
  eden space 9216K, 28% used [0x00000000eab00000,0x00000000ead92fa8,0x00000000eb400000)
  from space 3584K, 99% used [0x00000000eb400000,0x00000000eb778710,0x00000000eb780000)
  to   space 5120K, 0% used [0x00000000eb900000,0x00000000eb900000,0x00000000ebe00000)
 ParOldGen       total 79872K, used 79843K [0x00000000c0000000, 0x00000000c4e00000, 0x00000000eab00000)
  object space 79872K, 99% used [0x00000000c0000000,0x00000000c4df8eb8,0x00000000c4e00000)
 Metaspace       used 70459K, committed 71936K, reserved 1114112K
  class space    used 7139K, committed 7744K, reserved 1048576K

Card table byte_map: [0x000002252df60000,0x000002252e170000] _byte_map_base: 0x000002252d960000

Marking Bits: (ParMarkBitMap*) 0x00007ff939563260
 Begin Bits: [0x00000225407b0000, 0x00000225417b0000)
 End Bits:   [0x00000225417b0000, 0x00000225427b0000)

Polling page: 0x000002252c490000

Metaspace:

Usage:
  Non-class:     61.84 MB used.
      Class:      6.97 MB used.
       Both:     68.81 MB used.

Virtual space:
  Non-class space:       64.00 MB reserved,      62.69 MB ( 98%) committed,  1 nodes.
      Class space:        1.00 GB reserved,       7.56 MB ( <1%) committed,  1 nodes.
             Both:        1.06 GB reserved,      70.25 MB (  6%) committed. 

Chunk freelists:
   Non-Class:  390.00 KB
       Class:  8.48 MB
        Both:  8.87 MB

MaxMetaspaceSize: unlimited
CompressedClassSpaceSize: 1.00 GB
Initial GC threshold: 21.00 MB
Current GC threshold: 98.88 MB
CDS: on
 - commit_granule_bytes: 65536.
 - commit_granule_words: 8192.
 - virtual_space_node_default_size: 8388608.
 - enlarge_chunks_in_place: 1.
 - use_allocation_guard: 0.


Internal statistics:

num_allocs_failed_limit: 13.
num_arena_births: 1264.
num_arena_deaths: 16.
num_vsnodes_births: 2.
num_vsnodes_deaths: 0.
num_space_committed: 1124.
num_space_uncommitted: 0.
num_chunks_returned_to_freelist: 30.
num_chunks_taken_from_freelist: 4632.
num_chunk_merges: 16.
num_chunk_splits: 2836.
num_chunks_enlarged: 1626.
num_inconsistent_stats: 0.

CodeHeap 'non-profiled nmethods': size=120000Kb used=11111Kb max_used=11111Kb free=108888Kb
 bounds [0x0000022539280000, 0x0000022539d60000, 0x00000225407b0000]
CodeHeap 'profiled nmethods': size=120000Kb used=31032Kb max_used=31032Kb free=88967Kb
 bounds [0x00000225317b0000, 0x0000022533600000, 0x0000022538ce0000]
CodeHeap 'non-nmethods': size=5760Kb used=1460Kb max_used=1592Kb free=4299Kb
 bounds [0x0000022538ce0000, 0x0000022538f50000, 0x0000022539280000]
 total_blobs=13025 nmethods=12247 adapters=680
 compilation: enabled
              stopped_count=0, restarted_count=0
 full_count=0

Compilation events (20 events):
Event: 310.473 Thread 0x000002254294c420 13061       3       org.eclipse.core.internal.dtree.NoDataDeltaNode::<init> (7 bytes)
Event: 310.474 Thread 0x000002254294c420 nmethod 13061 0x00000225335fa590 code [0x00000225335fa740, 0x00000225335faa00]
Event: 310.475 Thread 0x000002254294c420 13062       3       org.eclipse.jdt.internal.core.CompilationUnit::calculateHashCode (15 bytes)
Event: 310.475 Thread 0x000002254294c420 nmethod 13062 0x00000225335fab10 code [0x00000225335fad20, 0x00000225335fb328]
Event: 310.500 Thread 0x000002254294c420 13063       3       org.eclipse.jdt.internal.compiler.util.SimpleSet::rehash (72 bytes)
Event: 310.501 Thread 0x000002254294c420 nmethod 13063 0x00000225335fb590 code [0x00000225335fb760, 0x00000225335fbab0]
Event: 310.521 Thread 0x000002254294c420 13064       3       java.lang.AbstractStringBuilder::append (70 bytes)
Event: 310.522 Thread 0x000002254294c420 nmethod 13064 0x00000225335fbc90 code [0x00000225335fbea0, 0x00000225335fc3d0]
Event: 310.522 Thread 0x000002254294c420 13065       3       java.lang.AbstractStringBuilder::getBytes (44 bytes)
Event: 310.522 Thread 0x000002254294c420 nmethod 13065 0x00000225335fc590 code [0x00000225335fc760, 0x00000225335fca00]
Event: 310.523 Thread 0x000002254294c420 13066       3       java.util.Calendar::setTimeInMillis (84 bytes)
Event: 310.524 Thread 0x000002254294c420 nmethod 13066 0x00000225335fcb10 code [0x00000225335fcce0, 0x00000225335fd1c8]
Event: 310.524 Thread 0x000002254294c420 13067       1       java.text.FieldPosition::setBeginIndex (6 bytes)
Event: 310.524 Thread 0x000002254294c420 nmethod 13067 0x0000022539d53890 code [0x0000022539d53a20, 0x0000022539d53ae8]
Event: 310.524 Thread 0x000002254294c420 13069   !   3       sun.util.locale.provider.JRELocaleProviderAdapter::getDateFormatSymbolsProvider (51 bytes)
Event: 310.525 Thread 0x000002254294c420 nmethod 13069 0x00000225335fd310 code [0x00000225335fd560, 0x00000225335fe020]
Event: 310.525 Thread 0x000002254294c420 13068       1       java.text.FieldPosition::setEndIndex (6 bytes)
Event: 310.526 Thread 0x000002254294c420 nmethod 13068 0x0000022539d53b90 code [0x0000022539d53d20, 0x0000022539d53de8]
Event: 310.535 Thread 0x00000225428e1060 nmethod 13044 0x0000022539d53e90 code [0x0000022539d54500, 0x0000022539d57d08]
Event: 310.536 Thread 0x00000225428e1060 13045       4       org.eclipse.jdt.internal.compiler.parser.diagnose.DiagnoseParser::scopeTrialCheck (782 bytes)

GC Heap History (20 events):
Event: 304.533 GC heap before
{Heap before GC invocations=65 (full 3):
 PSYoungGen      total 10752K, used 10304K [0x00000000eab00000, 0x00000000ebb00000, 0x0000000100000000)
  eden space 9728K, 100% used [0x00000000eab00000,0x00000000eb480000,0x00000000eb480000)
  from space 1024K, 56% used [0x00000000eb480000,0x00000000eb510000,0x00000000eb580000)
  to   space 2560K, 0% used [0x00000000eb880000,0x00000000eb880000,0x00000000ebb00000)
 ParOldGen       total 70144K, used 70106K [0x00000000c0000000, 0x00000000c4480000, 0x00000000eab00000)
  object space 70144K, 99% used [0x00000000c0000000,0x00000000c4476b58,0x00000000c4480000)
 Metaspace       used 69802K, committed 71232K, reserved 1114112K
  class space    used 7089K, committed 7680K, reserved 1048576K
}
Event: 304.535 GC heap after
{Heap after GC invocations=65 (full 3):
 PSYoungGen      total 10752K, used 1024K [0x00000000eab00000, 0x00000000eb980000, 0x0000000100000000)
  eden space 9728K, 0% used [0x00000000eab00000,0x00000000eab00000,0x00000000eb480000)
  from space 1024K, 100% used [0x00000000eb880000,0x00000000eb980000,0x00000000eb980000)
  to   space 1536K, 0% used [0x00000000eb680000,0x00000000eb680000,0x00000000eb800000)
 ParOldGen       total 70656K, used 70154K [0x00000000c0000000, 0x00000000c4500000, 0x00000000eab00000)
  object space 70656K, 99% used [0x00000000c0000000,0x00000000c4482b58,0x00000000c4500000)
 Metaspace       used 69802K, committed 71232K, reserved 1114112K
  class space    used 7089K, committed 7680K, reserved 1048576K
}
Event: 305.129 GC heap before
{Heap before GC invocations=66 (full 3):
 PSYoungGen      total 10752K, used 10752K [0x00000000eab00000, 0x00000000eb980000, 0x0000000100000000)
  eden space 9728K, 100% used [0x00000000eab00000,0x00000000eb480000,0x00000000eb480000)
  from space 1024K, 100% used [0x00000000eb880000,0x00000000eb980000,0x00000000eb980000)
  to   space 1536K, 0% used [0x00000000eb680000,0x00000000eb680000,0x00000000eb800000)
 ParOldGen       total 70656K, used 70154K [0x00000000c0000000, 0x00000000c4500000, 0x00000000eab00000)
  object space 70656K, 99% used [0x00000000c0000000,0x00000000c4482b58,0x00000000c4500000)
 Metaspace       used 69823K, committed 71232K, reserved 1114112K
  class space    used 7089K, committed 7680K, reserved 1048576K
}
Event: 305.133 GC heap after
{Heap after GC invocations=66 (full 3):
 PSYoungGen      total 11264K, used 1511K [0x00000000eab00000, 0x00000000ebd80000, 0x0000000100000000)
  eden space 9728K, 0% used [0x00000000eab00000,0x00000000eab00000,0x00000000eb480000)
  from space 1536K, 98% used [0x00000000eb680000,0x00000000eb7f9ee0,0x00000000eb800000)
  to   space 4608K, 0% used [0x00000000eb900000,0x00000000eb900000,0x00000000ebd80000)
 ParOldGen       total 72704K, used 72501K [0x00000000c0000000, 0x00000000c4700000, 0x00000000eab00000)
  object space 72704K, 99% used [0x00000000c0000000,0x00000000c46cd488,0x00000000c4700000)
 Metaspace       used 69823K, committed 71232K, reserved 1114112K
  class space    used 7089K, committed 7680K, reserved 1048576K
}
Event: 305.206 GC heap before
{Heap before GC invocations=67 (full 3):
 PSYoungGen      total 11264K, used 11239K [0x00000000eab00000, 0x00000000ebd80000, 0x0000000100000000)
  eden space 9728K, 100% used [0x00000000eab00000,0x00000000eb480000,0x00000000eb480000)
  from space 1536K, 98% used [0x00000000eb680000,0x00000000eb7f9ee0,0x00000000eb800000)
  to   space 4608K, 0% used [0x00000000eb900000,0x00000000eb900000,0x00000000ebd80000)
 ParOldGen       total 72704K, used 72501K [0x00000000c0000000, 0x00000000c4700000, 0x00000000eab00000)
  object space 72704K, 99% used [0x00000000c0000000,0x00000000c46cd488,0x00000000c4700000)
 Metaspace       used 69834K, committed 71232K, reserved 1114112K
  class space    used 7089K, committed 7680K, reserved 1048576K
}
Event: 305.208 GC heap after
{Heap after GC invocations=67 (full 3):
 PSYoungGen      total 10240K, used 480K [0x00000000eab00000, 0x00000000eb980000, 0x0000000100000000)
  eden space 9728K, 0% used [0x00000000eab00000,0x00000000eab00000,0x00000000eb480000)
  from space 512K, 93% used [0x00000000eb900000,0x00000000eb978000,0x00000000eb980000)
  to   space 2048K, 0% used [0x00000000eb580000,0x00000000eb580000,0x00000000eb780000)
 ParOldGen       total 72704K, used 72546K [0x00000000c0000000, 0x00000000c4700000, 0x00000000eab00000)
  object space 72704K, 99% used [0x00000000c0000000,0x00000000c46d89b8,0x00000000c4700000)
 Metaspace       used 69834K, committed 71232K, reserved 1114112K
  class space    used 7089K, committed 7680K, reserved 1048576K
}
Event: 307.329 GC heap before
{Heap before GC invocations=68 (full 3):
 PSYoungGen      total 10240K, used 10208K [0x00000000eab00000, 0x00000000eb980000, 0x0000000100000000)
  eden space 9728K, 100% used [0x00000000eab00000,0x00000000eb480000,0x00000000eb480000)
  from space 512K, 93% used [0x00000000eb900000,0x00000000eb978000,0x00000000eb980000)
  to   space 2048K, 0% used [0x00000000eb580000,0x00000000eb580000,0x00000000eb780000)
 ParOldGen       total 72704K, used 72546K [0x00000000c0000000, 0x00000000c4700000, 0x00000000eab00000)
  object space 72704K, 99% used [0x00000000c0000000,0x00000000c46d89b8,0x00000000c4700000)
 Metaspace       used 69872K, committed 71296K, reserved 1114112K
  class space    used 7089K, committed 7680K, reserved 1048576K
}
Event: 307.330 GC heap after
{Heap after GC invocations=68 (full 3):
 PSYoungGen      total 11776K, used 512K [0x00000000eab00000, 0x00000000eb980000, 0x0000000100000000)
  eden space 9728K, 0% used [0x00000000eab00000,0x00000000eab00000,0x00000000eb480000)
  from space 2048K, 25% used [0x00000000eb580000,0x00000000eb600020,0x00000000eb780000)
  to   space 1024K, 0% used [0x00000000eb880000,0x00000000eb880000,0x00000000eb980000)
 ParOldGen       total 72704K, used 72570K [0x00000000c0000000, 0x00000000c4700000, 0x00000000eab00000)
  object space 72704K, 99% used [0x00000000c0000000,0x00000000c46de9b8,0x00000000c4700000)
 Metaspace       used 69872K, committed 71296K, reserved 1114112K
  class space    used 7089K, committed 7680K, reserved 1048576K
}
Event: 308.471 GC heap before
{Heap before GC invocations=69 (full 3):
 PSYoungGen      total 11776K, used 10239K [0x00000000eab00000, 0x00000000eb980000, 0x0000000100000000)
  eden space 9728K, 99% used [0x00000000eab00000,0x00000000eb47fe20,0x00000000eb480000)
  from space 2048K, 25% used [0x00000000eb580000,0x00000000eb600020,0x00000000eb780000)
  to   space 1024K, 0% used [0x00000000eb880000,0x00000000eb880000,0x00000000eb980000)
 ParOldGen       total 72704K, used 72570K [0x00000000c0000000, 0x00000000c4700000, 0x00000000eab00000)
  object space 72704K, 99% used [0x00000000c0000000,0x00000000c46de9b8,0x00000000c4700000)
 Metaspace       used 69916K, committed 71296K, reserved 1114112K
  class space    used 7092K, committed 7680K, reserved 1048576K
}
Event: 308.472 GC heap after
{Heap after GC invocations=69 (full 3):
 PSYoungGen      total 10752K, used 864K [0x00000000eab00000, 0x00000000eb980000, 0x0000000100000000)
  eden space 9728K, 0% used [0x00000000eab00000,0x00000000eab00000,0x00000000eb480000)
  from space 1024K, 84% used [0x00000000eb880000,0x00000000eb958000,0x00000000eb980000)
  to   space 1024K, 0% used [0x00000000eb780000,0x00000000eb780000,0x00000000eb880000)
 ParOldGen       total 72704K, used 72693K [0x00000000c0000000, 0x00000000c4700000, 0x00000000eab00000)
  object space 72704K, 99% used [0x00000000c0000000,0x00000000c46fd660,0x00000000c4700000)
 Metaspace       used 69916K, committed 71296K, reserved 1114112K
  class space    used 7092K, committed 7680K, reserved 1048576K
}
Event: 308.516 GC heap before
{Heap before GC invocations=70 (full 3):
 PSYoungGen      total 10752K, used 10592K [0x00000000eab00000, 0x00000000eb980000, 0x0000000100000000)
  eden space 9728K, 100% used [0x00000000eab00000,0x00000000eb480000,0x00000000eb480000)
  from space 1024K, 84% used [0x00000000eb880000,0x00000000eb958000,0x00000000eb980000)
  to   space 1024K, 0% used [0x00000000eb780000,0x00000000eb780000,0x00000000eb880000)
 ParOldGen       total 72704K, used 72693K [0x00000000c0000000, 0x00000000c4700000, 0x00000000eab00000)
  object space 72704K, 99% used [0x00000000c0000000,0x00000000c46fd660,0x00000000c4700000)
 Metaspace       used 69916K, committed 71296K, reserved 1114112K
  class space    used 7092K, committed 7680K, reserved 1048576K
}
Event: 308.519 GC heap after
{Heap after GC invocations=70 (full 3):
 PSYoungGen      total 10752K, used 1001K [0x00000000eab00000, 0x00000000ebc80000, 0x0000000100000000)
  eden space 9728K, 0% used [0x00000000eab00000,0x00000000eab00000,0x00000000eb480000)
  from space 1024K, 97% used [0x00000000eb780000,0x00000000eb87a710,0x00000000eb880000)
  to   space 4096K, 0% used [0x00000000eb880000,0x00000000eb880000,0x00000000ebc80000)
 ParOldGen       total 75264K, used 74973K [0x00000000c0000000, 0x00000000c4980000, 0x00000000eab00000)
  object space 75264K, 99% used [0x00000000c0000000,0x00000000c4937510,0x00000000c4980000)
 Metaspace       used 69916K, committed 71296K, reserved 1114112K
  class space    used 7092K, committed 7680K, reserved 1048576K
}
Event: 309.066 GC heap before
{Heap before GC invocations=71 (full 3):
 PSYoungGen      total 10752K, used 10729K [0x00000000eab00000, 0x00000000ebc80000, 0x0000000100000000)
  eden space 9728K, 99% used [0x00000000eab00000,0x00000000eb47fff8,0x00000000eb480000)
  from space 1024K, 97% used [0x00000000eb780000,0x00000000eb87a710,0x00000000eb880000)
  to   space 4096K, 0% used [0x00000000eb880000,0x00000000eb880000,0x00000000ebc80000)
 ParOldGen       total 75264K, used 74973K [0x00000000c0000000, 0x00000000c4980000, 0x00000000eab00000)
  object space 75264K, 99% used [0x00000000c0000000,0x00000000c4937510,0x00000000c4980000)
 Metaspace       used 70139K, committed 71552K, reserved 1114112K
  class space    used 7118K, committed 7680K, reserved 1048576K
}
Event: 309.069 GC heap after
{Heap after GC invocations=71 (full 3):
 PSYoungGen      total 12800K, used 2592K [0x00000000eab00000, 0x00000000ebb80000, 0x0000000100000000)
  eden space 9728K, 0% used [0x00000000eab00000,0x00000000eab00000,0x00000000eb480000)
  from space 3072K, 84% used [0x00000000eb880000,0x00000000ebb08010,0x00000000ebb80000)
  to   space 3072K, 0% used [0x00000000eb580000,0x00000000eb580000,0x00000000eb880000)
 ParOldGen       total 76288K, used 75999K [0x00000000c0000000, 0x00000000c4a80000, 0x00000000eab00000)
  object space 76288K, 99% used [0x00000000c0000000,0x00000000c4a37c20,0x00000000c4a80000)
 Metaspace       used 70139K, committed 71552K, reserved 1114112K
  class space    used 7118K, committed 7680K, reserved 1048576K
}
Event: 309.233 GC heap before
{Heap before GC invocations=72 (full 3):
 PSYoungGen      total 12800K, used 12320K [0x00000000eab00000, 0x00000000ebb80000, 0x0000000100000000)
  eden space 9728K, 100% used [0x00000000eab00000,0x00000000eb480000,0x00000000eb480000)
  from space 3072K, 84% used [0x00000000eb880000,0x00000000ebb08010,0x00000000ebb80000)
  to   space 3072K, 0% used [0x00000000eb580000,0x00000000eb580000,0x00000000eb880000)
 ParOldGen       total 76288K, used 75999K [0x00000000c0000000, 0x00000000c4a80000, 0x00000000eab00000)
  object space 76288K, 99% used [0x00000000c0000000,0x00000000c4a37c20,0x00000000c4a80000)
 Metaspace       used 70312K, committed 71744K, reserved 1114112K
  class space    used 7139K, committed 7744K, reserved 1048576K
}
Event: 309.237 GC heap after
{Heap after GC invocations=72 (full 3):
 PSYoungGen      total 10240K, used 304K [0x00000000eab00000, 0x00000000eb900000, 0x0000000100000000)
  eden space 9728K, 0% used [0x00000000eab00000,0x00000000eab00000,0x00000000eb480000)
  from space 512K, 59% used [0x00000000eb580000,0x00000000eb5cc010,0x00000000eb600000)
  to   space 1536K, 0% used [0x00000000eb780000,0x00000000eb780000,0x00000000eb900000)
 ParOldGen       total 77824K, used 77524K [0x00000000c0000000, 0x00000000c4c00000, 0x00000000eab00000)
  object space 77824K, 99% used [0x00000000c0000000,0x00000000c4bb5198,0x00000000c4c00000)
 Metaspace       used 70312K, committed 71744K, reserved 1114112K
  class space    used 7139K, committed 7744K, reserved 1048576K
}
Event: 310.238 GC heap before
{Heap before GC invocations=73 (full 3):
 PSYoungGen      total 10240K, used 10032K [0x00000000eab00000, 0x00000000eb900000, 0x0000000100000000)
  eden space 9728K, 100% used [0x00000000eab00000,0x00000000eb480000,0x00000000eb480000)
  from space 512K, 59% used [0x00000000eb580000,0x00000000eb5cc010,0x00000000eb600000)
  to   space 1536K, 0% used [0x00000000eb780000,0x00000000eb780000,0x00000000eb900000)
 ParOldGen       total 77824K, used 77524K [0x00000000c0000000, 0x00000000c4c00000, 0x00000000eab00000)
  object space 77824K, 99% used [0x00000000c0000000,0x00000000c4bb5198,0x00000000c4c00000)
 Metaspace       used 70441K, committed 71936K, reserved 1114112K
  class space    used 7139K, committed 7744K, reserved 1048576K
}
Event: 310.241 GC heap after
{Heap after GC invocations=73 (full 3):
 PSYoungGen      total 10752K, used 1511K [0x00000000eab00000, 0x00000000ebb80000, 0x0000000100000000)
  eden space 9216K, 0% used [0x00000000eab00000,0x00000000eab00000,0x00000000eb400000)
  from space 1536K, 98% used [0x00000000eb780000,0x00000000eb8f9ee0,0x00000000eb900000)
  to   space 3584K, 0% used [0x00000000eb400000,0x00000000eb400000,0x00000000eb780000)
 ParOldGen       total 79360K, used 78888K [0x00000000c0000000, 0x00000000c4d80000, 0x00000000eab00000)
  object space 79360K, 99% used [0x00000000c0000000,0x00000000c4d0a398,0x00000000c4d80000)
 Metaspace       used 70441K, committed 71936K, reserved 1114112K
  class space    used 7139K, committed 7744K, reserved 1048576K
}
Event: 310.352 GC heap before
{Heap before GC invocations=74 (full 3):
 PSYoungGen      total 10752K, used 10727K [0x00000000eab00000, 0x00000000ebb80000, 0x0000000100000000)
  eden space 9216K, 100% used [0x00000000eab00000,0x00000000eb400000,0x00000000eb400000)
  from space 1536K, 98% used [0x00000000eb780000,0x00000000eb8f9ee0,0x00000000eb900000)
  to   space 3584K, 0% used [0x00000000eb400000,0x00000000eb400000,0x00000000eb780000)
 ParOldGen       total 79360K, used 78888K [0x00000000c0000000, 0x00000000c4d80000, 0x00000000eab00000)
  object space 79360K, 99% used [0x00000000c0000000,0x00000000c4d0a398,0x00000000c4d80000)
 Metaspace       used 70443K, committed 71936K, reserved 1114112K
  class space    used 7139K, committed 7744K, reserved 1048576K
}
Event: 310.357 GC heap after
{Heap after GC invocations=74 (full 3):
 PSYoungGen      total 12800K, used 3553K [0x00000000eab00000, 0x00000000ebe00000, 0x0000000100000000)
  eden space 9216K, 0% used [0x00000000eab00000,0x00000000eab00000,0x00000000eb400000)
  from space 3584K, 99% used [0x00000000eb400000,0x00000000eb778710,0x00000000eb780000)
  to   space 5120K, 0% used [0x00000000eb900000,0x00000000eb900000,0x00000000ebe00000)
 ParOldGen       total 79872K, used 79843K [0x00000000c0000000, 0x00000000c4e00000, 0x00000000eab00000)
  object space 79872K, 99% used [0x00000000c0000000,0x00000000c4df8eb8,0x00000000c4e00000)
 Metaspace       used 70443K, committed 71936K, reserved 1114112K
  class space    used 7139K, committed 7744K, reserved 1048576K
}

Dll operation events (10 events):
Event: 0.014 Loaded shared library c:\Users\LENOVO\.vscode\extensions\redhat.java-1.41.1-win32-x64\jre\21.0.6-win32-x86_64\bin\java.dll
Event: 0.247 Loaded shared library c:\Users\LENOVO\.vscode\extensions\redhat.java-1.41.1-win32-x64\jre\21.0.6-win32-x86_64\bin\zip.dll
Event: 0.363 Loaded shared library C:\Users\LENOVO\.vscode\extensions\redhat.java-1.41.1-win32-x64\jre\21.0.6-win32-x86_64\bin\instrument.dll
Event: 0.399 Loaded shared library C:\Users\LENOVO\.vscode\extensions\redhat.java-1.41.1-win32-x64\jre\21.0.6-win32-x86_64\bin\net.dll
Event: 0.450 Loaded shared library C:\Users\LENOVO\.vscode\extensions\redhat.java-1.41.1-win32-x64\jre\21.0.6-win32-x86_64\bin\nio.dll
Event: 0.482 Loaded shared library C:\Users\LENOVO\.vscode\extensions\redhat.java-1.41.1-win32-x64\jre\21.0.6-win32-x86_64\bin\zip.dll
Event: 0.570 Loaded shared library C:\Users\LENOVO\.vscode\extensions\redhat.java-1.41.1-win32-x64\jre\21.0.6-win32-x86_64\bin\jimage.dll
Event: 0.820 Loaded shared library c:\Users\LENOVO\.vscode\extensions\redhat.java-1.41.1-win32-x64\jre\21.0.6-win32-x86_64\bin\verify.dll
Event: 3.733 Loaded shared library C:\Users\LENOVO\AppData\Roaming\Code\User\globalStorage\redhat.java\1.41.1\config_win\org.eclipse.equinox.launcher\org.eclipse.equinox.launcher.win32.win32.x86_64_1.2.1300.v20250331-1702\eclipse_11911.dll
Event: 7.037 Loaded shared library C:\Users\LENOVO\AppData\Local\Temp\jna--2053026509\jna6865039036491961777.dll

Deoptimization events (20 events):
Event: 310.225 Thread 0x000002258aaebfc0 DEOPT PACKING pc=0x00000225335acada sp=0x0000004f6f8fdb30
Event: 310.225 Thread 0x000002258aaebfc0 DEOPT UNPACKING pc=0x0000022538d34242 sp=0x0000004f6f8fcfe0 mode 0
Event: 310.226 Thread 0x000002258aaebfc0 DEOPT PACKING pc=0x00000225335acc60 sp=0x0000004f6f8fdd20
Event: 310.226 Thread 0x000002258aaebfc0 DEOPT UNPACKING pc=0x0000022538d34242 sp=0x0000004f6f8fd1d0 mode 0
Event: 310.370 Thread 0x000002258aaea580 Uncommon trap: trap_request=0xffffff6e fr.pc=0x0000022539d51074 relative=0x0000000000001714
Event: 310.370 Thread 0x000002258aaea580 Uncommon trap: reason=loop_limit_check action=maybe_recompile pc=0x0000022539d51074 method=org.eclipse.jdt.internal.compiler.parser.diagnose.DiagnoseParser.scopeTrialCheck([IILorg/eclipse/jdt/internal/compiler/parser/diagnose/DiagnoseParser$PrimaryRepairI
Event: 310.370 Thread 0x000002258aaea580 DEOPT PACKING pc=0x0000022539d51074 sp=0x0000004f6eefea70
Event: 310.370 Thread 0x000002258aaea580 DEOPT UNPACKING pc=0x0000022538d33aa2 sp=0x0000004f6eefe9c0 mode 2
Event: 310.372 Thread 0x000002258aaea580 Uncommon trap: trap_request=0xffffff6e fr.pc=0x0000022539d366f4 relative=0x0000000000001734
Event: 310.372 Thread 0x000002258aaea580 Uncommon trap: reason=loop_limit_check action=maybe_recompile pc=0x0000022539d366f4 method=org.eclipse.jdt.internal.compiler.parser.diagnose.DiagnoseParser.scopeTrialCheck([IILorg/eclipse/jdt/internal/compiler/parser/diagnose/DiagnoseParser$PrimaryRepairI
Event: 310.372 Thread 0x000002258aaea580 DEOPT PACKING pc=0x0000022539d366f4 sp=0x0000004f6eefea50
Event: 310.374 Thread 0x000002258aaea580 DEOPT UNPACKING pc=0x0000022538d33aa2 sp=0x0000004f6eefe9c0 mode 2
Event: 310.376 Thread 0x000002258aaea580 Uncommon trap: trap_request=0xffffff6e fr.pc=0x0000022539d4c434 relative=0x00000000000016d4
Event: 310.377 Thread 0x000002258aaea580 Uncommon trap: reason=loop_limit_check action=maybe_recompile pc=0x0000022539d4c434 method=org.eclipse.jdt.internal.compiler.parser.diagnose.DiagnoseParser.scopeTrialCheck([IILorg/eclipse/jdt/internal/compiler/parser/diagnose/DiagnoseParser$PrimaryRepairI
Event: 310.377 Thread 0x000002258aaea580 DEOPT PACKING pc=0x0000022539d4c434 sp=0x0000004f6eefea50
Event: 310.378 Thread 0x000002258aaea580 DEOPT UNPACKING pc=0x0000022538d33aa2 sp=0x0000004f6eefe9c0 mode 2
Event: 310.440 Thread 0x000002258aaea580 Uncommon trap: trap_request=0xffffff45 fr.pc=0x0000022539b7216c relative=0x000000000000034c
Event: 310.440 Thread 0x000002258aaea580 Uncommon trap: reason=unstable_if action=reinterpret pc=0x0000022539b7216c method=org.eclipse.jdt.internal.compiler.lookup.CompilationUnitScope.recordQualifiedReference([[C)V @ 13 c2
Event: 310.440 Thread 0x000002258aaea580 DEOPT PACKING pc=0x0000022539b7216c sp=0x0000004f6eefe9c0
Event: 310.440 Thread 0x000002258aaea580 DEOPT UNPACKING pc=0x0000022538d33aa2 sp=0x0000004f6eefe980 mode 2

Classes loaded (20 events):
Event: 229.765 Loading class java/util/zip/CheckedInputStream
Event: 229.766 Loading class java/util/zip/CheckedInputStream done
Event: 229.861 Loading class java/nio/file/Files$2
Event: 229.861 Loading class java/nio/file/Files$2 done
Event: 229.879 Loading class java/util/concurrent/ArrayBlockingQueue
Event: 229.879 Loading class java/util/concurrent/ArrayBlockingQueue done
Event: 230.060 Loading class java/util/stream/DistinctOps
Event: 230.060 Loading class java/util/stream/DistinctOps done
Event: 230.060 Loading class java/util/stream/DistinctOps$1
Event: 230.060 Loading class java/util/stream/DistinctOps$1 done
Event: 230.070 Loading class java/util/stream/DistinctOps$1$2
Event: 230.071 Loading class java/util/stream/DistinctOps$1$2 done
Event: 230.261 Loading class sun/nio/ch/ChannelOutputStream
Event: 230.261 Loading class sun/nio/ch/ChannelOutputStream done
Event: 231.832 Loading class sun/nio/fs/WindowsFileCopy
Event: 231.832 Loading class sun/nio/fs/WindowsFileCopy done
Event: 273.535 Loading class java/util/stream/ReduceOps$2
Event: 273.535 Loading class java/util/stream/ReduceOps$2 done
Event: 273.535 Loading class java/util/stream/ReduceOps$2ReducingSink
Event: 273.535 Loading class java/util/stream/ReduceOps$2ReducingSink done

Classes unloaded (8 events):
Event: 9.502 Thread 0x000002252c41eb40 Unloading class 0x0000022544199400 'java/lang/invoke/LambdaForm$MH+0x0000022544199400'
Event: 9.502 Thread 0x000002252c41eb40 Unloading class 0x0000022544199000 'java/lang/invoke/LambdaForm$MH+0x0000022544199000'
Event: 9.502 Thread 0x000002252c41eb40 Unloading class 0x0000022544198c00 'java/lang/invoke/LambdaForm$MH+0x0000022544198c00'
Event: 9.502 Thread 0x000002252c41eb40 Unloading class 0x0000022544198800 'java/lang/invoke/LambdaForm$MH+0x0000022544198800'
Event: 9.502 Thread 0x000002252c41eb40 Unloading class 0x0000022544198400 'java/lang/invoke/LambdaForm$BMH+0x0000022544198400'
Event: 9.502 Thread 0x000002252c41eb40 Unloading class 0x0000022544198000 'java/lang/invoke/LambdaForm$DMH+0x0000022544198000'
Event: 9.502 Thread 0x000002252c41eb40 Unloading class 0x0000022544196c00 'java/lang/invoke/LambdaForm$DMH+0x0000022544196c00'
Event: 15.704 Thread 0x000002252c41eb40 Unloading class 0x000002254427a800 'java/lang/invoke/LambdaForm$MH+0x000002254427a800'

Classes redefined (0 events):
No events

Internal exceptions (20 events):
Event: 286.826 Thread 0x000002258aaed370 Exception <a 'sun/nio/fs/WindowsException'{0x00000000ead0c918}> (0x00000000ead0c918) 
thrown [s\src\hotspot\share\prims\jni.cpp, line 520]
Event: 286.931 Thread 0x000002258aaed370 Exception <a 'sun/nio/fs/WindowsException'{0x00000000eb8945f0}> (0x00000000eb8945f0) 
thrown [s\src\hotspot\share\prims\jni.cpp, line 520]
Event: 287.985 Thread 0x000002258aaebfc0 Exception <a 'java/lang/IncompatibleClassChangeError'{0x00000000eaf27988}: Found class java.lang.Object, but interface was expected> (0x00000000eaf27988) 
thrown [s\src\hotspot\share\interpreter\linkResolver.cpp, line 840]
Event: 288.937 Thread 0x000002258aaebfc0 Exception <a 'java/lang/IncompatibleClassChangeError'{0x00000000eb3c8158}: Found class java.lang.Object, but interface was expected> (0x00000000eb3c8158) 
thrown [s\src\hotspot\share\interpreter\linkResolver.cpp, line 840]
Event: 291.100 Thread 0x000002258aaed370 Exception <a 'sun/nio/fs/WindowsException'{0x00000000eb2257d0}> (0x00000000eb2257d0) 
thrown [s\src\hotspot\share\prims\jni.cpp, line 520]
Event: 291.274 Thread 0x000002258aaed370 Exception <a 'sun/nio/fs/WindowsException'{0x00000000eb412e88}> (0x00000000eb412e88) 
thrown [s\src\hotspot\share\prims\jni.cpp, line 520]
Event: 292.360 Thread 0x000002258aaed370 Exception <a 'sun/nio/fs/WindowsException'{0x00000000eacbbea8}> (0x00000000eacbbea8) 
thrown [s\src\hotspot\share\prims\jni.cpp, line 520]
Event: 292.590 Thread 0x000002258aaed370 Exception <a 'sun/nio/fs/WindowsException'{0x00000000eadf5b88}> (0x00000000eadf5b88) 
thrown [s\src\hotspot\share\prims\jni.cpp, line 520]
Event: 301.323 Thread 0x000002258aaed370 Exception <a 'sun/nio/fs/WindowsException'{0x00000000eb751d88}> (0x00000000eb751d88) 
thrown [s\src\hotspot\share\prims\jni.cpp, line 520]
Event: 301.392 Thread 0x000002258aaed370 Exception <a 'sun/nio/fs/WindowsException'{0x00000000eb5db718}> (0x00000000eb5db718) 
thrown [s\src\hotspot\share\prims\jni.cpp, line 520]
Event: 301.968 Thread 0x000002258aaeedb0 Exception <a 'java/lang/NoSuchMethodError'{0x00000000eaca4060}: 'java.lang.Object java.lang.invoke.DirectMethodHandle$Holder.invokeStatic(java.lang.Object, int, java.lang.Object)'> (0x00000000eaca4060) 
thrown [s\src\hotspot\share\interpreter\linkResolver.cpp, line 773]
Event: 302.267 Thread 0x000002258aaeedb0 Exception <a 'java/lang/NoSuchMethodError'{0x00000000eb108320}: 'void java.lang.invoke.DirectMethodHandle$Holder.invokeSpecial(java.lang.Object, java.lang.Object, int)'> (0x00000000eb108320) 
thrown [s\src\hotspot\share\interpreter\linkResolver.cpp, line 773]
Event: 303.510 Thread 0x000002258aaed370 Exception <a 'sun/nio/fs/WindowsException'{0x00000000eac66c48}> (0x00000000eac66c48) 
thrown [s\src\hotspot\share\prims\jni.cpp, line 520]
Event: 303.599 Thread 0x000002258aaed370 Exception <a 'sun/nio/fs/WindowsException'{0x00000000eab033d0}> (0x00000000eab033d0) 
thrown [s\src\hotspot\share\prims\jni.cpp, line 520]
Event: 305.118 Thread 0x000002258aaed370 Exception <a 'sun/nio/fs/WindowsException'{0x00000000eb132000}> (0x00000000eb132000) 
thrown [s\src\hotspot\share\prims\jni.cpp, line 520]
Event: 305.194 Thread 0x000002258aaed370 Exception <a 'sun/nio/fs/WindowsException'{0x00000000eb3400c8}> (0x00000000eb3400c8) 
thrown [s\src\hotspot\share\prims\jni.cpp, line 520]
Event: 308.468 Thread 0x000002258aaed370 Exception <a 'sun/nio/fs/WindowsException'{0x00000000eb424838}> (0x00000000eb424838) 
thrown [s\src\hotspot\share\prims\jni.cpp, line 520]
Event: 308.544 Thread 0x000002258aaed370 Exception <a 'sun/nio/fs/WindowsException'{0x00000000eacba008}> (0x00000000eacba008) 
thrown [s\src\hotspot\share\prims\jni.cpp, line 520]
Event: 310.222 Thread 0x000002258aaed370 Exception <a 'sun/nio/fs/WindowsException'{0x00000000eb1fa278}> (0x00000000eb1fa278) 
thrown [s\src\hotspot\share\prims\jni.cpp, line 520]
Event: 310.488 Thread 0x000002258aaed370 Exception <a 'sun/nio/fs/WindowsException'{0x00000000eac1c9a0}> (0x00000000eac1c9a0) 
thrown [s\src\hotspot\share\prims\jni.cpp, line 520]

ZGC Phase Switch (0 events):
No events

VM Operations (20 events):
Event: 308.330 Executing VM operation: Cleanup
Event: 308.331 Executing VM operation: Cleanup done
Event: 308.471 Executing VM operation: ParallelGCFailedAllocation (Allocation Failure)
Event: 308.472 Executing VM operation: ParallelGCFailedAllocation (Allocation Failure) done
Event: 308.516 Executing VM operation: ParallelGCFailedAllocation (Allocation Failure)
Event: 308.519 Executing VM operation: ParallelGCFailedAllocation (Allocation Failure) done
Event: 309.012 Executing VM operation: HandshakeAllThreads (Deoptimize)
Event: 309.012 Executing VM operation: HandshakeAllThreads (Deoptimize) done
Event: 309.039 Executing VM operation: HandshakeAllThreads (Deoptimize)
Event: 309.039 Executing VM operation: HandshakeAllThreads (Deoptimize) done
Event: 309.065 Executing VM operation: ParallelGCFailedAllocation (Allocation Failure)
Event: 309.069 Executing VM operation: ParallelGCFailedAllocation (Allocation Failure) done
Event: 309.233 Executing VM operation: ParallelGCFailedAllocation (Allocation Failure)
Event: 309.237 Executing VM operation: ParallelGCFailedAllocation (Allocation Failure) done
Event: 310.237 Executing VM operation: Cleanup
Event: 310.237 Executing VM operation: Cleanup done
Event: 310.238 Executing VM operation: ParallelGCFailedAllocation (Allocation Failure)
Event: 310.241 Executing VM operation: ParallelGCFailedAllocation (Allocation Failure) done
Event: 310.352 Executing VM operation: ParallelGCFailedAllocation (Allocation Failure)
Event: 310.357 Executing VM operation: ParallelGCFailedAllocation (Allocation Failure) done

Memory protections (0 events):
No events

Nmethod flushes (20 events):
Event: 33.472 Thread 0x000002252c41eb40 flushing  nmethod 0x000002253207b990
Event: 33.472 Thread 0x000002252c41eb40 flushing  nmethod 0x000002253207ef10
Event: 33.472 Thread 0x000002252c41eb40 flushing  nmethod 0x000002253207f690
Event: 33.472 Thread 0x000002252c41eb40 flushing  nmethod 0x0000022532080010
Event: 33.472 Thread 0x000002252c41eb40 flushing osr nmethod 0x00000225320a3410
Event: 33.472 Thread 0x000002252c41eb40 flushing  nmethod 0x00000225320a5890
Event: 33.472 Thread 0x000002252c41eb40 flushing  nmethod 0x00000225320c6a10
Event: 33.472 Thread 0x000002252c41eb40 flushing  nmethod 0x00000225320df690
Event: 33.472 Thread 0x000002252c41eb40 flushing  nmethod 0x00000225320e2e90
Event: 33.472 Thread 0x000002252c41eb40 flushing  nmethod 0x0000022532119f90
Event: 33.472 Thread 0x000002252c41eb40 flushing  nmethod 0x0000022532136d10
Event: 33.472 Thread 0x000002252c41eb40 flushing  nmethod 0x000002253214e690
Event: 33.472 Thread 0x000002252c41eb40 flushing  nmethod 0x0000022532159990
Event: 33.472 Thread 0x000002252c41eb40 flushing  nmethod 0x000002253217c490
Event: 33.472 Thread 0x000002252c41eb40 flushing  nmethod 0x000002253217dd10
Event: 33.472 Thread 0x000002252c41eb40 flushing  nmethod 0x000002253217e310
Event: 33.472 Thread 0x000002252c41eb40 flushing  nmethod 0x000002253217eb90
Event: 33.472 Thread 0x000002252c41eb40 flushing  nmethod 0x000002253217f290
Event: 33.472 Thread 0x000002252c41eb40 flushing  nmethod 0x000002253217f610
Event: 33.472 Thread 0x000002252c41eb40 flushing  nmethod 0x0000022532182e90

Events (20 events):
Event: 291.798 Thread 0x000002258a5a16d0 Thread exited: 0x000002258a5a16d0
Event: 292.211 Thread 0x000002254294c420 Thread added: 0x000002258c145ae0
Event: 292.592 Thread 0x000002258c145ae0 Thread exited: 0x000002258c145ae0
Event: 292.996 Thread 0x000002254294c420 Thread added: 0x000002258c145ae0
Event: 293.942 Thread 0x000002258c145ae0 Thread exited: 0x000002258c145ae0
Event: 300.139 Thread 0x00000225428e1060 Thread added: 0x000002258c145300
Event: 300.621 Thread 0x000002258c145300 Thread exited: 0x000002258c145300
Event: 301.983 Thread 0x000002254294c420 Thread added: 0x0000022542965f60
Event: 302.678 Thread 0x0000022542965f60 Thread exited: 0x0000022542965f60
Event: 302.728 Thread 0x000002254294c420 Thread added: 0x0000022542965f60
Event: 303.590 Thread 0x000002258aaeda00 Thread added: 0x00000225898da210
Event: 304.819 Thread 0x0000022542965f60 Thread exited: 0x0000022542965f60
Event: 304.854 Thread 0x000002254294c420 Thread added: 0x0000022589bb28f0
Event: 305.429 Thread 0x0000022589bb28f0 Thread exited: 0x0000022589bb28f0
Event: 305.703 Thread 0x000002254294c420 Thread added: 0x0000022589bb28f0
Event: 307.179 Thread 0x0000022589bb28f0 Thread exited: 0x0000022589bb28f0
Event: 309.040 Thread 0x000002254294c420 Thread added: 0x00000225890ad000
Event: 309.529 Thread 0x00000225890ad000 Thread exited: 0x00000225890ad000
Event: 309.660 Thread 0x000002254294c420 Thread added: 0x00000225890ad000
Event: 310.170 Thread 0x00000225890ad000 Thread exited: 0x00000225890ad000


Dynamic libraries:
0x00007ff73ba00000 - 0x00007ff73ba0e000 	c:\Users\LENOVO\.vscode\extensions\redhat.java-1.41.1-win32-x64\jre\21.0.6-win32-x86_64\bin\java.exe
0x00007ff9a7d90000 - 0x00007ff9a7f88000 	C:\Windows\SYSTEM32\ntdll.dll
0x00007ff9a6de0000 - 0x00007ff9a6e9d000 	C:\Windows\System32\KERNEL32.DLL
0x00007ff9a56c0000 - 0x00007ff9a59b6000 	C:\Windows\System32\KERNELBASE.dll
0x00007ff9a59f0000 - 0x00007ff9a5af0000 	C:\Windows\System32\ucrtbase.dll
0x00007ff991bd0000 - 0x00007ff991be8000 	c:\Users\LENOVO\.vscode\extensions\redhat.java-1.41.1-win32-x64\jre\21.0.6-win32-x86_64\bin\jli.dll
0x00007ff9a63c0000 - 0x00007ff9a655f000 	C:\Windows\System32\USER32.dll
0x00007ff9a5690000 - 0x00007ff9a56b2000 	C:\Windows\System32\win32u.dll
0x00007ff9a6d10000 - 0x00007ff9a6d3b000 	C:\Windows\System32\GDI32.dll
0x00007ff9a5af0000 - 0x00007ff9a5c07000 	C:\Windows\System32\gdi32full.dll
0x00007ff9a55f0000 - 0x00007ff9a568d000 	C:\Windows\System32\msvcp_win.dll
0x00007ff991980000 - 0x00007ff99199e000 	c:\Users\LENOVO\.vscode\extensions\redhat.java-1.41.1-win32-x64\jre\21.0.6-win32-x86_64\bin\VCRUNTIME140.dll
0x00007ff992c80000 - 0x00007ff992f1a000 	C:\Windows\WinSxS\amd64_microsoft.windows.common-controls_6595b64144ccf1df_6.0.19041.4355_none_60b8b9eb71f62e16\COMCTL32.dll
0x00007ff9a5dc0000 - 0x00007ff9a5e5e000 	C:\Windows\System32\msvcrt.dll
0x00007ff9a66b0000 - 0x00007ff9a66e2000 	C:\Windows\System32\IMM32.DLL
0x00007ff99c670000 - 0x00007ff99c67c000 	c:\Users\LENOVO\.vscode\extensions\redhat.java-1.41.1-win32-x64\jre\21.0.6-win32-x86_64\bin\vcruntime140_1.dll
0x00007ff948540000 - 0x00007ff9485cd000 	c:\Users\LENOVO\.vscode\extensions\redhat.java-1.41.1-win32-x64\jre\21.0.6-win32-x86_64\bin\msvcp140.dll
0x00007ff9388b0000 - 0x00007ff939640000 	c:\Users\LENOVO\.vscode\extensions\redhat.java-1.41.1-win32-x64\jre\21.0.6-win32-x86_64\bin\server\jvm.dll
0x00007ff9a6f00000 - 0x00007ff9a6fb0000 	C:\Windows\System32\ADVAPI32.dll
0x00007ff9a6d40000 - 0x00007ff9a6de0000 	C:\Windows\System32\sechost.dll
0x00007ff9a5e60000 - 0x00007ff9a5f83000 	C:\Windows\System32\RPCRT4.dll
0x00007ff9a59c0000 - 0x00007ff9a59e7000 	C:\Windows\System32\bcrypt.dll
0x00007ff9a7050000 - 0x00007ff9a70bb000 	C:\Windows\System32\WS2_32.dll
0x00007ff9a4970000 - 0x00007ff9a49bb000 	C:\Windows\SYSTEM32\POWRPROF.dll
0x00007ff9939f0000 - 0x00007ff993a17000 	C:\Windows\SYSTEM32\WINMM.dll
0x00007ff99d670000 - 0x00007ff99d67a000 	C:\Windows\SYSTEM32\VERSION.dll
0x00007ff9a4830000 - 0x00007ff9a4842000 	C:\Windows\SYSTEM32\UMPDC.dll
0x00007ff9a32c0000 - 0x00007ff9a32d2000 	C:\Windows\SYSTEM32\kernel.appcore.dll
0x00007ff99c460000 - 0x00007ff99c46a000 	c:\Users\LENOVO\.vscode\extensions\redhat.java-1.41.1-win32-x64\jre\21.0.6-win32-x86_64\bin\jimage.dll
0x00007ff993030000 - 0x00007ff993214000 	C:\Windows\SYSTEM32\DBGHELP.DLL
0x00007ff98e6d0000 - 0x00007ff98e704000 	C:\Windows\SYSTEM32\dbgcore.DLL
0x00007ff9a5560000 - 0x00007ff9a55e2000 	C:\Windows\System32\bcryptPrimitives.dll
0x00007ff994730000 - 0x00007ff99473f000 	c:\Users\LENOVO\.vscode\extensions\redhat.java-1.41.1-win32-x64\jre\21.0.6-win32-x86_64\bin\instrument.dll
0x00007ff981c70000 - 0x00007ff981c8f000 	c:\Users\LENOVO\.vscode\extensions\redhat.java-1.41.1-win32-x64\jre\21.0.6-win32-x86_64\bin\java.dll
0x00007ff9a70c0000 - 0x00007ff9a782b000 	C:\Windows\System32\SHELL32.dll
0x00007ff9a34c0000 - 0x00007ff9a3c5d000 	C:\Windows\SYSTEM32\windows.storage.dll
0x00007ff9a6950000 - 0x00007ff9a6ca3000 	C:\Windows\System32\combase.dll
0x00007ff9a4e60000 - 0x00007ff9a4e8e000 	C:\Windows\SYSTEM32\Wldp.dll
0x00007ff9a6060000 - 0x00007ff9a612d000 	C:\Windows\System32\OLEAUT32.dll
0x00007ff9a7ca0000 - 0x00007ff9a7d4d000 	C:\Windows\System32\SHCORE.dll
0x00007ff9a6cb0000 - 0x00007ff9a6d05000 	C:\Windows\System32\shlwapi.dll
0x00007ff9a5370000 - 0x00007ff9a5394000 	C:\Windows\SYSTEM32\profapi.dll
0x00007ff9812f0000 - 0x00007ff981308000 	c:\Users\LENOVO\.vscode\extensions\redhat.java-1.41.1-win32-x64\jre\21.0.6-win32-x86_64\bin\zip.dll
0x00007ff991ad0000 - 0x00007ff991ae0000 	C:\Users\LENOVO\.vscode\extensions\redhat.java-1.41.1-win32-x64\jre\21.0.6-win32-x86_64\bin\net.dll
0x00007ff99c520000 - 0x00007ff99c62a000 	C:\Windows\SYSTEM32\WINHTTP.dll
0x00007ff9a4bc0000 - 0x00007ff9a4c2a000 	C:\Windows\system32\mswsock.dll
0x00007ff979b90000 - 0x00007ff979ba6000 	C:\Users\LENOVO\.vscode\extensions\redhat.java-1.41.1-win32-x64\jre\21.0.6-win32-x86_64\bin\nio.dll
0x00007ff9919e0000 - 0x00007ff9919f0000 	c:\Users\LENOVO\.vscode\extensions\redhat.java-1.41.1-win32-x64\jre\21.0.6-win32-x86_64\bin\verify.dll
0x00007ff95b0a0000 - 0x00007ff95b0e5000 	C:\Users\LENOVO\AppData\Roaming\Code\User\globalStorage\redhat.java\1.41.1\config_win\org.eclipse.equinox.launcher\org.eclipse.equinox.launcher.win32.win32.x86_64_1.2.1300.v20250331-1702\eclipse_11911.dll
0x00007ff9a6290000 - 0x00007ff9a63bb000 	C:\Windows\System32\ole32.dll
0x00007ff9a4dc0000 - 0x00007ff9a4dd8000 	C:\Windows\SYSTEM32\CRYPTSP.dll
0x00007ff9a4470000 - 0x00007ff9a44a4000 	C:\Windows\system32\rsaenh.dll
0x00007ff9a52e0000 - 0x00007ff9a530e000 	C:\Windows\SYSTEM32\USERENV.dll
0x00007ff9a4db0000 - 0x00007ff9a4dbc000 	C:\Windows\SYSTEM32\CRYPTBASE.dll
0x00007ff9a4850000 - 0x00007ff9a488b000 	C:\Windows\SYSTEM32\IPHLPAPI.DLL
0x00007ff9a6050000 - 0x00007ff9a6058000 	C:\Windows\System32\NSI.dll
0x00007ff95a780000 - 0x00007ff95a7c9000 	C:\Users\LENOVO\AppData\Local\Temp\jna--2053026509\jna6865039036491961777.dll
0x00007ff9a6fb0000 - 0x00007ff9a6fb8000 	C:\Windows\System32\PSAPI.DLL
0x00007ff99e030000 - 0x00007ff99e047000 	C:\Windows\SYSTEM32\dhcpcsvc6.DLL
0x00007ff99dcc0000 - 0x00007ff99dcdd000 	C:\Windows\SYSTEM32\dhcpcsvc.DLL

dbghelp: loaded successfully - version: 4.0.5 - missing functions: none
symbol engine: initialized successfully - sym options: 0x614 - pdb path: .;c:\Users\LENOVO\.vscode\extensions\redhat.java-1.41.1-win32-x64\jre\21.0.6-win32-x86_64\bin;C:\Windows\SYSTEM32;C:\Windows\WinSxS\amd64_microsoft.windows.common-controls_6595b64144ccf1df_6.0.19041.4355_none_60b8b9eb71f62e16;c:\Users\LENOVO\.vscode\extensions\redhat.java-1.41.1-win32-x64\jre\21.0.6-win32-x86_64\bin\server;C:\Users\LENOVO\AppData\Roaming\Code\User\globalStorage\redhat.java\1.41.1\config_win\org.eclipse.equinox.launcher\org.eclipse.equinox.launcher.win32.win32.x86_64_1.2.1300.v20250331-1702;C:\Users\LENOVO\AppData\Local\Temp\jna--2053026509

VM Arguments:
jvm_args: --add-modules=ALL-SYSTEM --add-opens=java.base/java.util=ALL-UNNAMED --add-opens=java.base/java.lang=ALL-UNNAMED --add-opens=java.base/sun.nio.fs=ALL-UNNAMED -Declipse.application=org.eclipse.jdt.ls.core.id1 -Dosgi.bundles.defaultStartLevel=4 -Declipse.product=org.eclipse.jdt.ls.core.product -Djava.import.generatesMetadataFilesAtProjectRoot=false -DDetectVMInstallationsJob.disabled=true -Dfile.encoding=utf8 -XX:+UseParallelGC -XX:GCTimeRatio=4 -XX:AdaptiveSizePolicyWeight=90 -Dsun.zip.disableMemoryMapping=true -Xmx1G -Xms100m -Xlog:disable -javaagent:c:\Users\LENOVO\.vscode\extensions\redhat.java-1.41.1-win32-x64\lombok\lombok-1.18.36.jar -XX:+HeapDumpOnOutOfMemoryError -XX:HeapDumpPath=c:\Users\LENOVO\AppData\Roaming\Code\User\workspaceStorage\14765b6246f313c07015f62cdf2ff0f9\redhat.java -Daether.dependencyCollector.impl=bf 
java_command: c:\Users\LENOVO\.vscode\extensions\redhat.java-1.41.1-win32-x64\server\plugins\org.eclipse.equinox.launcher_1.7.0.v20250331-1702.jar -configuration c:\Users\LENOVO\AppData\Roaming\Code\User\globalStorage\redhat.java\1.41.1\config_win -data c:\Users\LENOVO\AppData\Roaming\Code\User\workspaceStorage\14765b6246f313c07015f62cdf2ff0f9\redhat.java\jdt_ws --pipe=\\.\pipe\lsp-bbec14561b9d3cec47ff96c6a70d9456-sock
java_class_path (initial): c:\Users\LENOVO\.vscode\extensions\redhat.java-1.41.1-win32-x64\server\plugins\org.eclipse.equinox.launcher_1.7.0.v20250331-1702.jar
Launcher Type: SUN_STANDARD

[Global flags]
    uintx AdaptiveSizePolicyWeight                 = 90                                        {product} {command line}
     intx CICompilerCount                          = 3                                         {product} {ergonomic}
    uintx GCTimeRatio                              = 4                                         {product} {command line}
     bool HeapDumpOnOutOfMemoryError               = true                                   {manageable} {command line}
    ccstr HeapDumpPath                             = c:\Users\LENOVO\AppData\Roaming\Code\User\workspaceStorage\14765b6246f313c07015f62cdf2ff0f9\redhat.java         {manageable} {command line}
   size_t InitialHeapSize                          = 104857600                                 {product} {command line}
   size_t MaxHeapSize                              = 1073741824                                {product} {command line}
   size_t MaxNewSize                               = 357564416                                 {product} {ergonomic}
   size_t MinHeapDeltaBytes                        = 524288                                    {product} {ergonomic}
   size_t MinHeapSize                              = 104857600                                 {product} {command line}
   size_t NewSize                                  = 34603008                                  {product} {ergonomic}
    uintx NonNMethodCodeHeapSize                   = 5832780                                {pd product} {ergonomic}
    uintx NonProfiledCodeHeapSize                  = 122912730                              {pd product} {ergonomic}
   size_t OldSize                                  = 70254592                                  {product} {ergonomic}
    uintx ProfiledCodeHeapSize                     = 122912730                              {pd product} {ergonomic}
    uintx ReservedCodeCacheSize                    = 251658240                              {pd product} {ergonomic}
     bool SegmentedCodeCache                       = true                                      {product} {ergonomic}
   size_t SoftMaxHeapSize                          = 1073741824                             {manageable} {ergonomic}
     bool UseCompressedOops                        = true                           {product lp64_product} {ergonomic}
     bool UseLargePagesIndividualAllocation        = false                                  {pd product} {ergonomic}
     bool UseParallelGC                            = true                                      {product} {command line}

Logging:
Log output configuration:
 #0: stdout all=off uptime,level,tags foldmultilines=false
 #1: stderr all=off uptime,level,tags foldmultilines=false

Environment Variables:
JAVA_HOME=C:\Program Files\Java\jdk-23
PATH=C:\Program Files\Common Files\Oracle\Java\javapath;C:\Windows\system32;C:\Windows;C:\Windows\System32\Wbem;C:\Windows\System32\WindowsPowerShell\v1.0\;C:\Windows\System32\OpenSSH\;C:\Program Files (x86)\NVIDIA Corporation\PhysX\Common;C:\Program Files\NVIDIA Corporation\NVIDIA app\NvDLISR;C:\Program Files\Java\jdk-23\bin;C:\Users\LENOVO\AppData\Local\Programs\Python\Launcher\;C:\Users\LENOVO\AppData\Local\Microsoft\WindowsApps;C:\Users\LENOVO\AppData\Local\Programs\Microsoft VS Code\bin;C:\msys64\ucrt64\bin;C:\Users\LENOVO\AppData\Local\Programs\Python\Python312;C:\Users\LENOVO\AppData\Local\Programs\Python\Python312\Scripts;C:\msys64\mingw64\bin;C:\Program Files\Java\jdk-23\bin;E:\afires\java\test\bin;
USERNAME=LENOVO
OS=Windows_NT
PROCESSOR_IDENTIFIER=Intel64 Family 6 Model 78 Stepping 3, GenuineIntel
TMP=C:\Users\LENOVO\AppData\Local\Temp
TEMP=C:\Users\LENOVO\AppData\Local\Temp




Periodic native trim disabled

---------------  S Y S T E M  ---------------

OS:
 Windows 10 , 64 bit Build 19041 (10.0.19041.3636)
OS uptime: 0 days 8:16 hours

CPU: total 4 (initial active 4) (2 cores per cpu, 2 threads per core) family 6 model 78 stepping 3 microcode 0xcc, cx8, cmov, fxsr, ht, mmx, 3dnowpref, sse, sse2, sse3, ssse3, sse4.1, sse4.2, popcnt, lzcnt, tsc, tscinvbit, avx, avx2, aes, erms, clmul, bmi1, bmi2, adx, fma, vzeroupper, clflush, clflushopt, rdtscp, f16c
Processor Information for the first 4 processors :
  Max Mhz: 2400, Current Mhz: 2300, Mhz Limit: 2280

Memory: 4k page, system-wide physical 12167M (4336M free)
TotalPageFile size 12935M (AvailPageFile size 4538M)
current process WorkingSet (physical memory assigned to process): 305M, peak: 320M
current process commit charge ("private bytes"): 337M, peak: 351M

vm_info: OpenJDK 64-Bit Server VM (21.0.6+7-LTS) for windows-amd64 JRE (21.0.6+7-LTS), built on 2025-01-21T00:00:00Z by "admin" with MS VC++ 17.7 (VS2022)

END.
